

================================================================
== Vivado HLS Report for 'relu_array_array_ap_fixed_16u_relu_config3_s'
================================================================
* Date:           Tue Jan 17 15:52:12 2023

* Version:        2019.2 (Build 2704478 on Wed Nov 06 22:10:23 MST 2019)
* Project:        myproject_prj
* Solution:       solution1
* Product family: virtex7
* Target device:  xc7vx690t-ffg1761-2


================================================================
== Performance Estimates
================================================================
+ Timing: 
    * Summary: 
    +--------+---------+----------+------------+
    |  Clock |  Target | Estimated| Uncertainty|
    +--------+---------+----------+------------+
    |ap_clk  | 3.33 ns | 2.638 ns |   0.42 ns  |
    +--------+---------+----------+------------+

+ Latency: 
    * Summary: 
    +---------+---------+----------+----------+-----+-----+---------+
    |  Latency (cycles) |  Latency (absolute) |  Interval | Pipeline|
    |   min   |   max   |    min   |    max   | min | max |   Type  |
    +---------+---------+----------+----------+-----+-----+---------+
    |      102|      102| 0.340 us | 0.340 us |  102|  102|   none  |
    +---------+---------+----------+----------+-----+-----+---------+

    + Detail: 
        * Instance: 
        N/A

        * Loop: 
        +---------------+---------+---------+----------+-----------+-----------+------+----------+
        |               |  Latency (cycles) | Iteration|  Initiation Interval  | Trip |          |
        |   Loop Name   |   min   |   max   |  Latency |  achieved |   target  | Count| Pipelined|
        +---------------+---------+---------+----------+-----------+-----------+------+----------+
        |- ReLUActLoop  |      100|      100|         3|          1|          1|    99|    yes   |
        +---------------+---------+---------+----------+-----------+-----------+------+----------+

============================================================
+ Verbose Summary: Synthesis Manager
============================================================
InlineROM: 1
ExposeGlobal: 0
============================================================
+ Verbose Summary: CDFG Model
============================================================
IsTopModel: 0
ResetActiveHigh: 1
IsCombinational: 2
IsDatapathOnly: 0
HasWiredReturn: 1
HasMFsm: 0
HasVarLatency: 1
IsPipeline: 0
IsRtlPipelined: 0
IsInstanceOverlapped: 0
IsDontTouch: 0
HasImplIP: 0
IsGatedGlobalClock: 0

+ Individual pipeline summary: 
  * Pipeline-0: initiation interval (II) = 1, depth = 3


============================================================
+ Verbose Summary: Schedule
============================================================
* Number of FSM states : 5
* Pipeline : 1
  Pipeline-0 : II = 1, D = 3, States = { 2 3 4 }
* Dataflow Pipeline: 0

* FSM state transitions: 
1 --> 2 
2 --> 5 3 
3 --> 4 
4 --> 2 
5 --> 

* FSM state operations: 

State 1 <SV = 0> <Delay = 0.85>
ST_1 : Operation 6 [1/1] (0.00ns)   --->   "call void (...)* @_ssdm_op_SpecInterface(i16* %res_V_data_15_V, [8 x i8]* @ap_fifo_str, i32 0, i32 0, [1 x i8]* @p_str3733, i32 0, i32 0, [1 x i8]* @p_str3734, [1 x i8]* @p_str3735, [1 x i8]* @p_str3736, i32 2, i32 2, i32 16, i32 16, [1 x i8]* @p_str3737, [1 x i8]* @p_str3738)"   --->   Operation 6 'specinterface' <Predicate = true> <Delay = 0.00>
ST_1 : Operation 7 [1/1] (0.00ns)   --->   "call void (...)* @_ssdm_op_SpecInterface(i16* %res_V_data_14_V, [8 x i8]* @ap_fifo_str, i32 0, i32 0, [1 x i8]* @p_str3726, i32 0, i32 0, [1 x i8]* @p_str3727, [1 x i8]* @p_str3728, [1 x i8]* @p_str3729, i32 2, i32 2, i32 16, i32 16, [1 x i8]* @p_str3730, [1 x i8]* @p_str3731)"   --->   Operation 7 'specinterface' <Predicate = true> <Delay = 0.00>
ST_1 : Operation 8 [1/1] (0.00ns)   --->   "call void (...)* @_ssdm_op_SpecInterface(i16* %res_V_data_13_V, [8 x i8]* @ap_fifo_str, i32 0, i32 0, [1 x i8]* @p_str3719, i32 0, i32 0, [1 x i8]* @p_str3720, [1 x i8]* @p_str3721, [1 x i8]* @p_str3722, i32 2, i32 2, i32 16, i32 16, [1 x i8]* @p_str3723, [1 x i8]* @p_str3724)"   --->   Operation 8 'specinterface' <Predicate = true> <Delay = 0.00>
ST_1 : Operation 9 [1/1] (0.00ns)   --->   "call void (...)* @_ssdm_op_SpecInterface(i16* %res_V_data_12_V, [8 x i8]* @ap_fifo_str, i32 0, i32 0, [1 x i8]* @p_str3712, i32 0, i32 0, [1 x i8]* @p_str3713, [1 x i8]* @p_str3714, [1 x i8]* @p_str3715, i32 2, i32 2, i32 16, i32 16, [1 x i8]* @p_str3716, [1 x i8]* @p_str3717)"   --->   Operation 9 'specinterface' <Predicate = true> <Delay = 0.00>
ST_1 : Operation 10 [1/1] (0.00ns)   --->   "call void (...)* @_ssdm_op_SpecInterface(i16* %res_V_data_11_V, [8 x i8]* @ap_fifo_str, i32 0, i32 0, [1 x i8]* @p_str3705, i32 0, i32 0, [1 x i8]* @p_str3706, [1 x i8]* @p_str3707, [1 x i8]* @p_str3708, i32 2, i32 2, i32 16, i32 16, [1 x i8]* @p_str3709, [1 x i8]* @p_str3710)"   --->   Operation 10 'specinterface' <Predicate = true> <Delay = 0.00>
ST_1 : Operation 11 [1/1] (0.00ns)   --->   "call void (...)* @_ssdm_op_SpecInterface(i16* %res_V_data_10_V, [8 x i8]* @ap_fifo_str, i32 0, i32 0, [1 x i8]* @p_str3698, i32 0, i32 0, [1 x i8]* @p_str3699, [1 x i8]* @p_str3700, [1 x i8]* @p_str3701, i32 2, i32 2, i32 16, i32 16, [1 x i8]* @p_str3702, [1 x i8]* @p_str3703)"   --->   Operation 11 'specinterface' <Predicate = true> <Delay = 0.00>
ST_1 : Operation 12 [1/1] (0.00ns)   --->   "call void (...)* @_ssdm_op_SpecInterface(i16* %res_V_data_9_V, [8 x i8]* @ap_fifo_str, i32 0, i32 0, [1 x i8]* @p_str3691, i32 0, i32 0, [1 x i8]* @p_str3692, [1 x i8]* @p_str3693, [1 x i8]* @p_str3694, i32 2, i32 2, i32 16, i32 16, [1 x i8]* @p_str3695, [1 x i8]* @p_str3696)"   --->   Operation 12 'specinterface' <Predicate = true> <Delay = 0.00>
ST_1 : Operation 13 [1/1] (0.00ns)   --->   "call void (...)* @_ssdm_op_SpecInterface(i16* %res_V_data_8_V, [8 x i8]* @ap_fifo_str, i32 0, i32 0, [1 x i8]* @p_str3684, i32 0, i32 0, [1 x i8]* @p_str3685, [1 x i8]* @p_str3686, [1 x i8]* @p_str3687, i32 2, i32 2, i32 16, i32 16, [1 x i8]* @p_str3688, [1 x i8]* @p_str3689)"   --->   Operation 13 'specinterface' <Predicate = true> <Delay = 0.00>
ST_1 : Operation 14 [1/1] (0.00ns)   --->   "call void (...)* @_ssdm_op_SpecInterface(i16* %res_V_data_7_V, [8 x i8]* @ap_fifo_str, i32 0, i32 0, [1 x i8]* @p_str3677, i32 0, i32 0, [1 x i8]* @p_str3678, [1 x i8]* @p_str3679, [1 x i8]* @p_str3680, i32 2, i32 2, i32 16, i32 16, [1 x i8]* @p_str3681, [1 x i8]* @p_str3682)"   --->   Operation 14 'specinterface' <Predicate = true> <Delay = 0.00>
ST_1 : Operation 15 [1/1] (0.00ns)   --->   "call void (...)* @_ssdm_op_SpecInterface(i16* %res_V_data_6_V, [8 x i8]* @ap_fifo_str, i32 0, i32 0, [1 x i8]* @p_str3670, i32 0, i32 0, [1 x i8]* @p_str3671, [1 x i8]* @p_str3672, [1 x i8]* @p_str3673, i32 2, i32 2, i32 16, i32 16, [1 x i8]* @p_str3674, [1 x i8]* @p_str3675)"   --->   Operation 15 'specinterface' <Predicate = true> <Delay = 0.00>
ST_1 : Operation 16 [1/1] (0.00ns)   --->   "call void (...)* @_ssdm_op_SpecInterface(i16* %res_V_data_5_V, [8 x i8]* @ap_fifo_str, i32 0, i32 0, [1 x i8]* @p_str3663, i32 0, i32 0, [1 x i8]* @p_str3664, [1 x i8]* @p_str3665, [1 x i8]* @p_str3666, i32 2, i32 2, i32 16, i32 16, [1 x i8]* @p_str3667, [1 x i8]* @p_str3668)"   --->   Operation 16 'specinterface' <Predicate = true> <Delay = 0.00>
ST_1 : Operation 17 [1/1] (0.00ns)   --->   "call void (...)* @_ssdm_op_SpecInterface(i16* %res_V_data_4_V, [8 x i8]* @ap_fifo_str, i32 0, i32 0, [1 x i8]* @p_str3656, i32 0, i32 0, [1 x i8]* @p_str3657, [1 x i8]* @p_str3658, [1 x i8]* @p_str3659, i32 2, i32 2, i32 16, i32 16, [1 x i8]* @p_str3660, [1 x i8]* @p_str3661)"   --->   Operation 17 'specinterface' <Predicate = true> <Delay = 0.00>
ST_1 : Operation 18 [1/1] (0.00ns)   --->   "call void (...)* @_ssdm_op_SpecInterface(i16* %res_V_data_3_V, [8 x i8]* @ap_fifo_str, i32 0, i32 0, [1 x i8]* @p_str3649, i32 0, i32 0, [1 x i8]* @p_str3650, [1 x i8]* @p_str3651, [1 x i8]* @p_str3652, i32 2, i32 2, i32 16, i32 16, [1 x i8]* @p_str3653, [1 x i8]* @p_str3654)"   --->   Operation 18 'specinterface' <Predicate = true> <Delay = 0.00>
ST_1 : Operation 19 [1/1] (0.00ns)   --->   "call void (...)* @_ssdm_op_SpecInterface(i16* %res_V_data_2_V, [8 x i8]* @ap_fifo_str, i32 0, i32 0, [1 x i8]* @p_str3642, i32 0, i32 0, [1 x i8]* @p_str3643, [1 x i8]* @p_str3644, [1 x i8]* @p_str3645, i32 2, i32 2, i32 16, i32 16, [1 x i8]* @p_str3646, [1 x i8]* @p_str3647)"   --->   Operation 19 'specinterface' <Predicate = true> <Delay = 0.00>
ST_1 : Operation 20 [1/1] (0.00ns)   --->   "call void (...)* @_ssdm_op_SpecInterface(i16* %res_V_data_1_V, [8 x i8]* @ap_fifo_str, i32 0, i32 0, [1 x i8]* @p_str3635, i32 0, i32 0, [1 x i8]* @p_str3636, [1 x i8]* @p_str3637, [1 x i8]* @p_str3638, i32 2, i32 2, i32 16, i32 16, [1 x i8]* @p_str3639, [1 x i8]* @p_str3640)"   --->   Operation 20 'specinterface' <Predicate = true> <Delay = 0.00>
ST_1 : Operation 21 [1/1] (0.00ns)   --->   "call void (...)* @_ssdm_op_SpecInterface(i16* %res_V_data_0_V, [8 x i8]* @ap_fifo_str, i32 0, i32 0, [1 x i8]* @p_str3628, i32 0, i32 0, [1 x i8]* @p_str3629, [1 x i8]* @p_str3630, [1 x i8]* @p_str3631, i32 2, i32 2, i32 16, i32 16, [1 x i8]* @p_str3632, [1 x i8]* @p_str3633)"   --->   Operation 21 'specinterface' <Predicate = true> <Delay = 0.00>
ST_1 : Operation 22 [1/1] (0.00ns)   --->   "call void (...)* @_ssdm_op_SpecInterface(i16* %data_V_data_15_V, [8 x i8]* @ap_fifo_str, i32 0, i32 0, [1 x i8]* @p_str3621, i32 0, i32 0, [1 x i8]* @p_str3622, [1 x i8]* @p_str3623, [1 x i8]* @p_str3624, i32 2, i32 2, i32 16, i32 16, [1 x i8]* @p_str3625, [1 x i8]* @p_str3626)"   --->   Operation 22 'specinterface' <Predicate = true> <Delay = 0.00>
ST_1 : Operation 23 [1/1] (0.00ns)   --->   "call void (...)* @_ssdm_op_SpecInterface(i16* %data_V_data_14_V, [8 x i8]* @ap_fifo_str, i32 0, i32 0, [1 x i8]* @p_str3614, i32 0, i32 0, [1 x i8]* @p_str3615, [1 x i8]* @p_str3616, [1 x i8]* @p_str3617, i32 2, i32 2, i32 16, i32 16, [1 x i8]* @p_str3618, [1 x i8]* @p_str3619)"   --->   Operation 23 'specinterface' <Predicate = true> <Delay = 0.00>
ST_1 : Operation 24 [1/1] (0.00ns)   --->   "call void (...)* @_ssdm_op_SpecInterface(i16* %data_V_data_13_V, [8 x i8]* @ap_fifo_str, i32 0, i32 0, [1 x i8]* @p_str3607, i32 0, i32 0, [1 x i8]* @p_str3608, [1 x i8]* @p_str3609, [1 x i8]* @p_str3610, i32 2, i32 2, i32 16, i32 16, [1 x i8]* @p_str3611, [1 x i8]* @p_str3612)"   --->   Operation 24 'specinterface' <Predicate = true> <Delay = 0.00>
ST_1 : Operation 25 [1/1] (0.00ns)   --->   "call void (...)* @_ssdm_op_SpecInterface(i16* %data_V_data_12_V, [8 x i8]* @ap_fifo_str, i32 0, i32 0, [1 x i8]* @p_str3600, i32 0, i32 0, [1 x i8]* @p_str3601, [1 x i8]* @p_str3602, [1 x i8]* @p_str3603, i32 2, i32 2, i32 16, i32 16, [1 x i8]* @p_str3604, [1 x i8]* @p_str3605)"   --->   Operation 25 'specinterface' <Predicate = true> <Delay = 0.00>
ST_1 : Operation 26 [1/1] (0.00ns)   --->   "call void (...)* @_ssdm_op_SpecInterface(i16* %data_V_data_11_V, [8 x i8]* @ap_fifo_str, i32 0, i32 0, [1 x i8]* @p_str3593, i32 0, i32 0, [1 x i8]* @p_str3594, [1 x i8]* @p_str3595, [1 x i8]* @p_str3596, i32 2, i32 2, i32 16, i32 16, [1 x i8]* @p_str3597, [1 x i8]* @p_str3598)"   --->   Operation 26 'specinterface' <Predicate = true> <Delay = 0.00>
ST_1 : Operation 27 [1/1] (0.00ns)   --->   "call void (...)* @_ssdm_op_SpecInterface(i16* %data_V_data_10_V, [8 x i8]* @ap_fifo_str, i32 0, i32 0, [1 x i8]* @p_str3586, i32 0, i32 0, [1 x i8]* @p_str3587, [1 x i8]* @p_str3588, [1 x i8]* @p_str3589, i32 2, i32 2, i32 16, i32 16, [1 x i8]* @p_str3590, [1 x i8]* @p_str3591)"   --->   Operation 27 'specinterface' <Predicate = true> <Delay = 0.00>
ST_1 : Operation 28 [1/1] (0.00ns)   --->   "call void (...)* @_ssdm_op_SpecInterface(i16* %data_V_data_9_V, [8 x i8]* @ap_fifo_str, i32 0, i32 0, [1 x i8]* @p_str3579, i32 0, i32 0, [1 x i8]* @p_str3580, [1 x i8]* @p_str3581, [1 x i8]* @p_str3582, i32 2, i32 2, i32 16, i32 16, [1 x i8]* @p_str3583, [1 x i8]* @p_str3584)"   --->   Operation 28 'specinterface' <Predicate = true> <Delay = 0.00>
ST_1 : Operation 29 [1/1] (0.00ns)   --->   "call void (...)* @_ssdm_op_SpecInterface(i16* %data_V_data_8_V, [8 x i8]* @ap_fifo_str, i32 0, i32 0, [1 x i8]* @p_str3572, i32 0, i32 0, [1 x i8]* @p_str3573, [1 x i8]* @p_str3574, [1 x i8]* @p_str3575, i32 2, i32 2, i32 16, i32 16, [1 x i8]* @p_str3576, [1 x i8]* @p_str3577)"   --->   Operation 29 'specinterface' <Predicate = true> <Delay = 0.00>
ST_1 : Operation 30 [1/1] (0.00ns)   --->   "call void (...)* @_ssdm_op_SpecInterface(i16* %data_V_data_7_V, [8 x i8]* @ap_fifo_str, i32 0, i32 0, [1 x i8]* @p_str3565, i32 0, i32 0, [1 x i8]* @p_str3566, [1 x i8]* @p_str3567, [1 x i8]* @p_str3568, i32 2, i32 2, i32 16, i32 16, [1 x i8]* @p_str3569, [1 x i8]* @p_str3570)"   --->   Operation 30 'specinterface' <Predicate = true> <Delay = 0.00>
ST_1 : Operation 31 [1/1] (0.00ns)   --->   "call void (...)* @_ssdm_op_SpecInterface(i16* %data_V_data_6_V, [8 x i8]* @ap_fifo_str, i32 0, i32 0, [1 x i8]* @p_str3558, i32 0, i32 0, [1 x i8]* @p_str3559, [1 x i8]* @p_str3560, [1 x i8]* @p_str3561, i32 2, i32 2, i32 16, i32 16, [1 x i8]* @p_str3562, [1 x i8]* @p_str3563)"   --->   Operation 31 'specinterface' <Predicate = true> <Delay = 0.00>
ST_1 : Operation 32 [1/1] (0.00ns)   --->   "call void (...)* @_ssdm_op_SpecInterface(i16* %data_V_data_5_V, [8 x i8]* @ap_fifo_str, i32 0, i32 0, [1 x i8]* @p_str3551, i32 0, i32 0, [1 x i8]* @p_str3552, [1 x i8]* @p_str3553, [1 x i8]* @p_str3554, i32 2, i32 2, i32 16, i32 16, [1 x i8]* @p_str3555, [1 x i8]* @p_str3556)"   --->   Operation 32 'specinterface' <Predicate = true> <Delay = 0.00>
ST_1 : Operation 33 [1/1] (0.00ns)   --->   "call void (...)* @_ssdm_op_SpecInterface(i16* %data_V_data_4_V, [8 x i8]* @ap_fifo_str, i32 0, i32 0, [1 x i8]* @p_str3544, i32 0, i32 0, [1 x i8]* @p_str3545, [1 x i8]* @p_str3546, [1 x i8]* @p_str3547, i32 2, i32 2, i32 16, i32 16, [1 x i8]* @p_str3548, [1 x i8]* @p_str3549)"   --->   Operation 33 'specinterface' <Predicate = true> <Delay = 0.00>
ST_1 : Operation 34 [1/1] (0.00ns)   --->   "call void (...)* @_ssdm_op_SpecInterface(i16* %data_V_data_3_V, [8 x i8]* @ap_fifo_str, i32 0, i32 0, [1 x i8]* @p_str3537, i32 0, i32 0, [1 x i8]* @p_str3538, [1 x i8]* @p_str3539, [1 x i8]* @p_str3540, i32 2, i32 2, i32 16, i32 16, [1 x i8]* @p_str3541, [1 x i8]* @p_str3542)"   --->   Operation 34 'specinterface' <Predicate = true> <Delay = 0.00>
ST_1 : Operation 35 [1/1] (0.00ns)   --->   "call void (...)* @_ssdm_op_SpecInterface(i16* %data_V_data_2_V, [8 x i8]* @ap_fifo_str, i32 0, i32 0, [1 x i8]* @p_str3530, i32 0, i32 0, [1 x i8]* @p_str3531, [1 x i8]* @p_str3532, [1 x i8]* @p_str3533, i32 2, i32 2, i32 16, i32 16, [1 x i8]* @p_str3534, [1 x i8]* @p_str3535)"   --->   Operation 35 'specinterface' <Predicate = true> <Delay = 0.00>
ST_1 : Operation 36 [1/1] (0.00ns)   --->   "call void (...)* @_ssdm_op_SpecInterface(i16* %data_V_data_1_V, [8 x i8]* @ap_fifo_str, i32 0, i32 0, [1 x i8]* @p_str3523, i32 0, i32 0, [1 x i8]* @p_str3524, [1 x i8]* @p_str3525, [1 x i8]* @p_str3526, i32 2, i32 2, i32 16, i32 16, [1 x i8]* @p_str3527, [1 x i8]* @p_str3528)"   --->   Operation 36 'specinterface' <Predicate = true> <Delay = 0.00>
ST_1 : Operation 37 [1/1] (0.00ns)   --->   "call void (...)* @_ssdm_op_SpecInterface(i16* %data_V_data_0_V, [8 x i8]* @ap_fifo_str, i32 0, i32 0, [1 x i8]* @p_str3516, i32 0, i32 0, [1 x i8]* @p_str3517, [1 x i8]* @p_str3518, [1 x i8]* @p_str3519, i32 2, i32 2, i32 16, i32 16, [1 x i8]* @p_str3520, [1 x i8]* @p_str3521)"   --->   Operation 37 'specinterface' <Predicate = true> <Delay = 0.00>
ST_1 : Operation 38 [1/1] (0.85ns)   --->   "br label %1" [firmware/nnet_utils/nnet_activation_stream.h:60]   --->   Operation 38 'br' <Predicate = true> <Delay = 0.85>

State 2 <SV = 1> <Delay = 1.27>
ST_2 : Operation 39 [1/1] (0.00ns)   --->   "%i_0 = phi i7 [ 0, %0 ], [ %i, %ReLUActLoop ]"   --->   Operation 39 'phi' 'i_0' <Predicate = true> <Delay = 0.00>
ST_2 : Operation 40 [1/1] (0.86ns)   --->   "%icmp_ln60 = icmp eq i7 %i_0, -29" [firmware/nnet_utils/nnet_activation_stream.h:60]   --->   Operation 40 'icmp' 'icmp_ln60' <Predicate = true> <Delay = 0.86> <Core = "Cmp">   --->   Core 25 'Cmp' <Latency = 0> <II = 1> <Delay = 1.18> <FuncUnit> <Opcode : 'icmp'> <InPorts = 2> <OutPorts = 1>
ST_2 : Operation 41 [1/1] (0.00ns)   --->   "%empty = call i32 (...)* @_ssdm_op_SpecLoopTripCount(i64 99, i64 99, i64 99)"   --->   Operation 41 'speclooptripcount' 'empty' <Predicate = true> <Delay = 0.00>
ST_2 : Operation 42 [1/1] (1.27ns)   --->   "%i = add i7 %i_0, 1" [firmware/nnet_utils/nnet_activation_stream.h:60]   --->   Operation 42 'add' 'i' <Predicate = true> <Delay = 1.27> <Core = "AddSub">   --->   Core 14 'AddSub' <Latency = 0> <II = 1> <Delay = 1.27> <FuncUnit> <Opcode : 'add' 'sub'> <InPorts = 2> <OutPorts = 1>
ST_2 : Operation 43 [1/1] (0.00ns)   --->   "br i1 %icmp_ln60, label %2, label %ReLUActLoop" [firmware/nnet_utils/nnet_activation_stream.h:60]   --->   Operation 43 'br' <Predicate = true> <Delay = 0.00>

State 3 <SV = 2> <Delay = 2.63>
ST_3 : Operation 44 [1/1] (1.45ns)   --->   "%empty_28 = call { i16, i16, i16, i16, i16, i16, i16, i16, i16, i16, i16, i16, i16, i16, i16, i16 } @_ssdm_op_Read.ap_fifo.volatile.i16P.i16P.i16P.i16P.i16P.i16P.i16P.i16P.i16P.i16P.i16P.i16P.i16P.i16P.i16P.i16P(i16* %data_V_data_0_V, i16* %data_V_data_1_V, i16* %data_V_data_2_V, i16* %data_V_data_3_V, i16* %data_V_data_4_V, i16* %data_V_data_5_V, i16* %data_V_data_6_V, i16* %data_V_data_7_V, i16* %data_V_data_8_V, i16* %data_V_data_9_V, i16* %data_V_data_10_V, i16* %data_V_data_11_V, i16* %data_V_data_12_V, i16* %data_V_data_13_V, i16* %data_V_data_14_V, i16* %data_V_data_15_V)" [firmware/nnet_utils/nnet_activation_stream.h:63]   --->   Operation 44 'read' 'empty_28' <Predicate = (!icmp_ln60)> <Delay = 1.45> <Core = "FIFO">   --->   Core 32 'FIFO' <Latency = 0> <II = 1> <Delay = 2.39> <Storage> <Opcode : 'read' 'write' 'nbread' 'nbwrite'> <Ports = 0> <Width = 16> <Depth = 1> <FIFO>
ST_3 : Operation 45 [1/1] (0.00ns)   --->   "%tmp_data_V_0 = extractvalue { i16, i16, i16, i16, i16, i16, i16, i16, i16, i16, i16, i16, i16, i16, i16, i16 } %empty_28, 0" [firmware/nnet_utils/nnet_activation_stream.h:63]   --->   Operation 45 'extractvalue' 'tmp_data_V_0' <Predicate = (!icmp_ln60)> <Delay = 0.00>
ST_3 : Operation 46 [1/1] (0.00ns)   --->   "%tmp_data_V_1 = extractvalue { i16, i16, i16, i16, i16, i16, i16, i16, i16, i16, i16, i16, i16, i16, i16, i16 } %empty_28, 1" [firmware/nnet_utils/nnet_activation_stream.h:63]   --->   Operation 46 'extractvalue' 'tmp_data_V_1' <Predicate = (!icmp_ln60)> <Delay = 0.00>
ST_3 : Operation 47 [1/1] (0.00ns)   --->   "%tmp_data_V_2 = extractvalue { i16, i16, i16, i16, i16, i16, i16, i16, i16, i16, i16, i16, i16, i16, i16, i16 } %empty_28, 2" [firmware/nnet_utils/nnet_activation_stream.h:63]   --->   Operation 47 'extractvalue' 'tmp_data_V_2' <Predicate = (!icmp_ln60)> <Delay = 0.00>
ST_3 : Operation 48 [1/1] (0.00ns)   --->   "%tmp_data_V_3 = extractvalue { i16, i16, i16, i16, i16, i16, i16, i16, i16, i16, i16, i16, i16, i16, i16, i16 } %empty_28, 3" [firmware/nnet_utils/nnet_activation_stream.h:63]   --->   Operation 48 'extractvalue' 'tmp_data_V_3' <Predicate = (!icmp_ln60)> <Delay = 0.00>
ST_3 : Operation 49 [1/1] (0.00ns)   --->   "%tmp_data_V_421 = extractvalue { i16, i16, i16, i16, i16, i16, i16, i16, i16, i16, i16, i16, i16, i16, i16, i16 } %empty_28, 4" [firmware/nnet_utils/nnet_activation_stream.h:63]   --->   Operation 49 'extractvalue' 'tmp_data_V_421' <Predicate = (!icmp_ln60)> <Delay = 0.00>
ST_3 : Operation 50 [1/1] (0.00ns)   --->   "%tmp_data_V_5 = extractvalue { i16, i16, i16, i16, i16, i16, i16, i16, i16, i16, i16, i16, i16, i16, i16, i16 } %empty_28, 5" [firmware/nnet_utils/nnet_activation_stream.h:63]   --->   Operation 50 'extractvalue' 'tmp_data_V_5' <Predicate = (!icmp_ln60)> <Delay = 0.00>
ST_3 : Operation 51 [1/1] (0.00ns)   --->   "%tmp_data_V_6 = extractvalue { i16, i16, i16, i16, i16, i16, i16, i16, i16, i16, i16, i16, i16, i16, i16, i16 } %empty_28, 6" [firmware/nnet_utils/nnet_activation_stream.h:63]   --->   Operation 51 'extractvalue' 'tmp_data_V_6' <Predicate = (!icmp_ln60)> <Delay = 0.00>
ST_3 : Operation 52 [1/1] (0.00ns)   --->   "%tmp_data_V_7 = extractvalue { i16, i16, i16, i16, i16, i16, i16, i16, i16, i16, i16, i16, i16, i16, i16, i16 } %empty_28, 7" [firmware/nnet_utils/nnet_activation_stream.h:63]   --->   Operation 52 'extractvalue' 'tmp_data_V_7' <Predicate = (!icmp_ln60)> <Delay = 0.00>
ST_3 : Operation 53 [1/1] (0.00ns)   --->   "%tmp_data_V_8 = extractvalue { i16, i16, i16, i16, i16, i16, i16, i16, i16, i16, i16, i16, i16, i16, i16, i16 } %empty_28, 8" [firmware/nnet_utils/nnet_activation_stream.h:63]   --->   Operation 53 'extractvalue' 'tmp_data_V_8' <Predicate = (!icmp_ln60)> <Delay = 0.00>
ST_3 : Operation 54 [1/1] (0.00ns)   --->   "%tmp_data_V_9 = extractvalue { i16, i16, i16, i16, i16, i16, i16, i16, i16, i16, i16, i16, i16, i16, i16, i16 } %empty_28, 9" [firmware/nnet_utils/nnet_activation_stream.h:63]   --->   Operation 54 'extractvalue' 'tmp_data_V_9' <Predicate = (!icmp_ln60)> <Delay = 0.00>
ST_3 : Operation 55 [1/1] (0.00ns)   --->   "%tmp_data_V_10 = extractvalue { i16, i16, i16, i16, i16, i16, i16, i16, i16, i16, i16, i16, i16, i16, i16, i16 } %empty_28, 10" [firmware/nnet_utils/nnet_activation_stream.h:63]   --->   Operation 55 'extractvalue' 'tmp_data_V_10' <Predicate = (!icmp_ln60)> <Delay = 0.00>
ST_3 : Operation 56 [1/1] (0.00ns)   --->   "%tmp_data_V_11 = extractvalue { i16, i16, i16, i16, i16, i16, i16, i16, i16, i16, i16, i16, i16, i16, i16, i16 } %empty_28, 11" [firmware/nnet_utils/nnet_activation_stream.h:63]   --->   Operation 56 'extractvalue' 'tmp_data_V_11' <Predicate = (!icmp_ln60)> <Delay = 0.00>
ST_3 : Operation 57 [1/1] (0.00ns)   --->   "%tmp_data_V_12 = extractvalue { i16, i16, i16, i16, i16, i16, i16, i16, i16, i16, i16, i16, i16, i16, i16, i16 } %empty_28, 12" [firmware/nnet_utils/nnet_activation_stream.h:63]   --->   Operation 57 'extractvalue' 'tmp_data_V_12' <Predicate = (!icmp_ln60)> <Delay = 0.00>
ST_3 : Operation 58 [1/1] (0.00ns)   --->   "%tmp_data_V_13 = extractvalue { i16, i16, i16, i16, i16, i16, i16, i16, i16, i16, i16, i16, i16, i16, i16, i16 } %empty_28, 13" [firmware/nnet_utils/nnet_activation_stream.h:63]   --->   Operation 58 'extractvalue' 'tmp_data_V_13' <Predicate = (!icmp_ln60)> <Delay = 0.00>
ST_3 : Operation 59 [1/1] (0.00ns)   --->   "%tmp_data_V_14 = extractvalue { i16, i16, i16, i16, i16, i16, i16, i16, i16, i16, i16, i16, i16, i16, i16, i16 } %empty_28, 14" [firmware/nnet_utils/nnet_activation_stream.h:63]   --->   Operation 59 'extractvalue' 'tmp_data_V_14' <Predicate = (!icmp_ln60)> <Delay = 0.00>
ST_3 : Operation 60 [1/1] (0.00ns)   --->   "%tmp_data_V_15 = extractvalue { i16, i16, i16, i16, i16, i16, i16, i16, i16, i16, i16, i16, i16, i16, i16, i16 } %empty_28, 15" [firmware/nnet_utils/nnet_activation_stream.h:63]   --->   Operation 60 'extractvalue' 'tmp_data_V_15' <Predicate = (!icmp_ln60)> <Delay = 0.00>
ST_3 : Operation 61 [1/1] (1.18ns)   --->   "%icmp_ln1494 = icmp sgt i16 %tmp_data_V_0, 0" [firmware/nnet_utils/nnet_activation_stream.h:69]   --->   Operation 61 'icmp' 'icmp_ln1494' <Predicate = (!icmp_ln60)> <Delay = 1.18> <Core = "Cmp">   --->   Core 25 'Cmp' <Latency = 0> <II = 1> <Delay = 1.18> <FuncUnit> <Opcode : 'icmp'> <InPorts = 2> <OutPorts = 1>
ST_3 : Operation 62 [1/1] (1.18ns)   --->   "%icmp_ln1494_1 = icmp sgt i16 %tmp_data_V_1, 0" [firmware/nnet_utils/nnet_activation_stream.h:69]   --->   Operation 62 'icmp' 'icmp_ln1494_1' <Predicate = (!icmp_ln60)> <Delay = 1.18> <Core = "Cmp">   --->   Core 25 'Cmp' <Latency = 0> <II = 1> <Delay = 1.18> <FuncUnit> <Opcode : 'icmp'> <InPorts = 2> <OutPorts = 1>
ST_3 : Operation 63 [1/1] (1.18ns)   --->   "%icmp_ln1494_2 = icmp sgt i16 %tmp_data_V_2, 0" [firmware/nnet_utils/nnet_activation_stream.h:69]   --->   Operation 63 'icmp' 'icmp_ln1494_2' <Predicate = (!icmp_ln60)> <Delay = 1.18> <Core = "Cmp">   --->   Core 25 'Cmp' <Latency = 0> <II = 1> <Delay = 1.18> <FuncUnit> <Opcode : 'icmp'> <InPorts = 2> <OutPorts = 1>
ST_3 : Operation 64 [1/1] (1.18ns)   --->   "%icmp_ln1494_3 = icmp sgt i16 %tmp_data_V_3, 0" [firmware/nnet_utils/nnet_activation_stream.h:69]   --->   Operation 64 'icmp' 'icmp_ln1494_3' <Predicate = (!icmp_ln60)> <Delay = 1.18> <Core = "Cmp">   --->   Core 25 'Cmp' <Latency = 0> <II = 1> <Delay = 1.18> <FuncUnit> <Opcode : 'icmp'> <InPorts = 2> <OutPorts = 1>
ST_3 : Operation 65 [1/1] (1.18ns)   --->   "%icmp_ln1494_4 = icmp sgt i16 %tmp_data_V_421, 0" [firmware/nnet_utils/nnet_activation_stream.h:69]   --->   Operation 65 'icmp' 'icmp_ln1494_4' <Predicate = (!icmp_ln60)> <Delay = 1.18> <Core = "Cmp">   --->   Core 25 'Cmp' <Latency = 0> <II = 1> <Delay = 1.18> <FuncUnit> <Opcode : 'icmp'> <InPorts = 2> <OutPorts = 1>
ST_3 : Operation 66 [1/1] (1.18ns)   --->   "%icmp_ln1494_5 = icmp sgt i16 %tmp_data_V_5, 0" [firmware/nnet_utils/nnet_activation_stream.h:69]   --->   Operation 66 'icmp' 'icmp_ln1494_5' <Predicate = (!icmp_ln60)> <Delay = 1.18> <Core = "Cmp">   --->   Core 25 'Cmp' <Latency = 0> <II = 1> <Delay = 1.18> <FuncUnit> <Opcode : 'icmp'> <InPorts = 2> <OutPorts = 1>
ST_3 : Operation 67 [1/1] (1.18ns)   --->   "%icmp_ln1494_6 = icmp sgt i16 %tmp_data_V_6, 0" [firmware/nnet_utils/nnet_activation_stream.h:69]   --->   Operation 67 'icmp' 'icmp_ln1494_6' <Predicate = (!icmp_ln60)> <Delay = 1.18> <Core = "Cmp">   --->   Core 25 'Cmp' <Latency = 0> <II = 1> <Delay = 1.18> <FuncUnit> <Opcode : 'icmp'> <InPorts = 2> <OutPorts = 1>
ST_3 : Operation 68 [1/1] (1.18ns)   --->   "%icmp_ln1494_7 = icmp sgt i16 %tmp_data_V_7, 0" [firmware/nnet_utils/nnet_activation_stream.h:69]   --->   Operation 68 'icmp' 'icmp_ln1494_7' <Predicate = (!icmp_ln60)> <Delay = 1.18> <Core = "Cmp">   --->   Core 25 'Cmp' <Latency = 0> <II = 1> <Delay = 1.18> <FuncUnit> <Opcode : 'icmp'> <InPorts = 2> <OutPorts = 1>
ST_3 : Operation 69 [1/1] (1.18ns)   --->   "%icmp_ln1494_8 = icmp sgt i16 %tmp_data_V_8, 0" [firmware/nnet_utils/nnet_activation_stream.h:69]   --->   Operation 69 'icmp' 'icmp_ln1494_8' <Predicate = (!icmp_ln60)> <Delay = 1.18> <Core = "Cmp">   --->   Core 25 'Cmp' <Latency = 0> <II = 1> <Delay = 1.18> <FuncUnit> <Opcode : 'icmp'> <InPorts = 2> <OutPorts = 1>
ST_3 : Operation 70 [1/1] (1.18ns)   --->   "%icmp_ln1494_9 = icmp sgt i16 %tmp_data_V_9, 0" [firmware/nnet_utils/nnet_activation_stream.h:69]   --->   Operation 70 'icmp' 'icmp_ln1494_9' <Predicate = (!icmp_ln60)> <Delay = 1.18> <Core = "Cmp">   --->   Core 25 'Cmp' <Latency = 0> <II = 1> <Delay = 1.18> <FuncUnit> <Opcode : 'icmp'> <InPorts = 2> <OutPorts = 1>
ST_3 : Operation 71 [1/1] (1.18ns)   --->   "%icmp_ln1494_10 = icmp sgt i16 %tmp_data_V_10, 0" [firmware/nnet_utils/nnet_activation_stream.h:69]   --->   Operation 71 'icmp' 'icmp_ln1494_10' <Predicate = (!icmp_ln60)> <Delay = 1.18> <Core = "Cmp">   --->   Core 25 'Cmp' <Latency = 0> <II = 1> <Delay = 1.18> <FuncUnit> <Opcode : 'icmp'> <InPorts = 2> <OutPorts = 1>
ST_3 : Operation 72 [1/1] (1.18ns)   --->   "%icmp_ln1494_11 = icmp sgt i16 %tmp_data_V_11, 0" [firmware/nnet_utils/nnet_activation_stream.h:69]   --->   Operation 72 'icmp' 'icmp_ln1494_11' <Predicate = (!icmp_ln60)> <Delay = 1.18> <Core = "Cmp">   --->   Core 25 'Cmp' <Latency = 0> <II = 1> <Delay = 1.18> <FuncUnit> <Opcode : 'icmp'> <InPorts = 2> <OutPorts = 1>
ST_3 : Operation 73 [1/1] (1.18ns)   --->   "%icmp_ln1494_12 = icmp sgt i16 %tmp_data_V_12, 0" [firmware/nnet_utils/nnet_activation_stream.h:69]   --->   Operation 73 'icmp' 'icmp_ln1494_12' <Predicate = (!icmp_ln60)> <Delay = 1.18> <Core = "Cmp">   --->   Core 25 'Cmp' <Latency = 0> <II = 1> <Delay = 1.18> <FuncUnit> <Opcode : 'icmp'> <InPorts = 2> <OutPorts = 1>
ST_3 : Operation 74 [1/1] (1.18ns)   --->   "%icmp_ln1494_13 = icmp sgt i16 %tmp_data_V_13, 0" [firmware/nnet_utils/nnet_activation_stream.h:69]   --->   Operation 74 'icmp' 'icmp_ln1494_13' <Predicate = (!icmp_ln60)> <Delay = 1.18> <Core = "Cmp">   --->   Core 25 'Cmp' <Latency = 0> <II = 1> <Delay = 1.18> <FuncUnit> <Opcode : 'icmp'> <InPorts = 2> <OutPorts = 1>
ST_3 : Operation 75 [1/1] (1.18ns)   --->   "%icmp_ln1494_14 = icmp sgt i16 %tmp_data_V_14, 0" [firmware/nnet_utils/nnet_activation_stream.h:69]   --->   Operation 75 'icmp' 'icmp_ln1494_14' <Predicate = (!icmp_ln60)> <Delay = 1.18> <Core = "Cmp">   --->   Core 25 'Cmp' <Latency = 0> <II = 1> <Delay = 1.18> <FuncUnit> <Opcode : 'icmp'> <InPorts = 2> <OutPorts = 1>
ST_3 : Operation 76 [1/1] (1.18ns)   --->   "%icmp_ln1494_15 = icmp sgt i16 %tmp_data_V_15, 0" [firmware/nnet_utils/nnet_activation_stream.h:69]   --->   Operation 76 'icmp' 'icmp_ln1494_15' <Predicate = (!icmp_ln60)> <Delay = 1.18> <Core = "Cmp">   --->   Core 25 'Cmp' <Latency = 0> <II = 1> <Delay = 1.18> <FuncUnit> <Opcode : 'icmp'> <InPorts = 2> <OutPorts = 1>

State 4 <SV = 3> <Delay = 1.93>
ST_4 : Operation 77 [1/1] (0.00ns)   --->   "call void (...)* @_ssdm_op_SpecLoopName([12 x i8]* @p_str44) nounwind" [firmware/nnet_utils/nnet_activation_stream.h:60]   --->   Operation 77 'specloopname' <Predicate = (!icmp_ln60)> <Delay = 0.00>
ST_4 : Operation 78 [1/1] (0.00ns)   --->   "%tmp = call i32 (...)* @_ssdm_op_SpecRegionBegin([12 x i8]* @p_str44)" [firmware/nnet_utils/nnet_activation_stream.h:60]   --->   Operation 78 'specregionbegin' 'tmp' <Predicate = (!icmp_ln60)> <Delay = 0.00>
ST_4 : Operation 79 [1/1] (0.00ns)   --->   "call void (...)* @_ssdm_op_SpecPipeline(i32 -1, i32 1, i32 1, i32 0, [1 x i8]* @p_str13) nounwind" [firmware/nnet_utils/nnet_activation_stream.h:61]   --->   Operation 79 'specpipeline' <Predicate = (!icmp_ln60)> <Delay = 0.00>
ST_4 : Operation 80 [1/1] (0.47ns)   --->   "%tmp_data_0_V = select i1 %icmp_ln1494, i16 %tmp_data_V_0, i16 0" [firmware/nnet_utils/nnet_activation_stream.h:69]   --->   Operation 80 'select' 'tmp_data_0_V' <Predicate = (!icmp_ln60)> <Delay = 0.47> <Core = "Sel">   --->   Core 26 'Sel' <Latency = 0> <II = 1> <Delay = 0.47> <FuncUnit> <Opcode : 'select'> <InPorts = 3> <OutPorts = 1>
ST_4 : Operation 81 [1/1] (0.47ns)   --->   "%tmp_data_1_V = select i1 %icmp_ln1494_1, i16 %tmp_data_V_1, i16 0" [firmware/nnet_utils/nnet_activation_stream.h:69]   --->   Operation 81 'select' 'tmp_data_1_V' <Predicate = (!icmp_ln60)> <Delay = 0.47> <Core = "Sel">   --->   Core 26 'Sel' <Latency = 0> <II = 1> <Delay = 0.47> <FuncUnit> <Opcode : 'select'> <InPorts = 3> <OutPorts = 1>
ST_4 : Operation 82 [1/1] (0.47ns)   --->   "%tmp_data_2_V = select i1 %icmp_ln1494_2, i16 %tmp_data_V_2, i16 0" [firmware/nnet_utils/nnet_activation_stream.h:69]   --->   Operation 82 'select' 'tmp_data_2_V' <Predicate = (!icmp_ln60)> <Delay = 0.47> <Core = "Sel">   --->   Core 26 'Sel' <Latency = 0> <II = 1> <Delay = 0.47> <FuncUnit> <Opcode : 'select'> <InPorts = 3> <OutPorts = 1>
ST_4 : Operation 83 [1/1] (0.47ns)   --->   "%tmp_data_3_V = select i1 %icmp_ln1494_3, i16 %tmp_data_V_3, i16 0" [firmware/nnet_utils/nnet_activation_stream.h:69]   --->   Operation 83 'select' 'tmp_data_3_V' <Predicate = (!icmp_ln60)> <Delay = 0.47> <Core = "Sel">   --->   Core 26 'Sel' <Latency = 0> <II = 1> <Delay = 0.47> <FuncUnit> <Opcode : 'select'> <InPorts = 3> <OutPorts = 1>
ST_4 : Operation 84 [1/1] (0.47ns)   --->   "%tmp_data_4_V = select i1 %icmp_ln1494_4, i16 %tmp_data_V_421, i16 0" [firmware/nnet_utils/nnet_activation_stream.h:69]   --->   Operation 84 'select' 'tmp_data_4_V' <Predicate = (!icmp_ln60)> <Delay = 0.47> <Core = "Sel">   --->   Core 26 'Sel' <Latency = 0> <II = 1> <Delay = 0.47> <FuncUnit> <Opcode : 'select'> <InPorts = 3> <OutPorts = 1>
ST_4 : Operation 85 [1/1] (0.47ns)   --->   "%tmp_data_5_V = select i1 %icmp_ln1494_5, i16 %tmp_data_V_5, i16 0" [firmware/nnet_utils/nnet_activation_stream.h:69]   --->   Operation 85 'select' 'tmp_data_5_V' <Predicate = (!icmp_ln60)> <Delay = 0.47> <Core = "Sel">   --->   Core 26 'Sel' <Latency = 0> <II = 1> <Delay = 0.47> <FuncUnit> <Opcode : 'select'> <InPorts = 3> <OutPorts = 1>
ST_4 : Operation 86 [1/1] (0.47ns)   --->   "%tmp_data_6_V = select i1 %icmp_ln1494_6, i16 %tmp_data_V_6, i16 0" [firmware/nnet_utils/nnet_activation_stream.h:69]   --->   Operation 86 'select' 'tmp_data_6_V' <Predicate = (!icmp_ln60)> <Delay = 0.47> <Core = "Sel">   --->   Core 26 'Sel' <Latency = 0> <II = 1> <Delay = 0.47> <FuncUnit> <Opcode : 'select'> <InPorts = 3> <OutPorts = 1>
ST_4 : Operation 87 [1/1] (0.47ns)   --->   "%tmp_data_7_V = select i1 %icmp_ln1494_7, i16 %tmp_data_V_7, i16 0" [firmware/nnet_utils/nnet_activation_stream.h:69]   --->   Operation 87 'select' 'tmp_data_7_V' <Predicate = (!icmp_ln60)> <Delay = 0.47> <Core = "Sel">   --->   Core 26 'Sel' <Latency = 0> <II = 1> <Delay = 0.47> <FuncUnit> <Opcode : 'select'> <InPorts = 3> <OutPorts = 1>
ST_4 : Operation 88 [1/1] (0.47ns)   --->   "%tmp_data_8_V = select i1 %icmp_ln1494_8, i16 %tmp_data_V_8, i16 0" [firmware/nnet_utils/nnet_activation_stream.h:69]   --->   Operation 88 'select' 'tmp_data_8_V' <Predicate = (!icmp_ln60)> <Delay = 0.47> <Core = "Sel">   --->   Core 26 'Sel' <Latency = 0> <II = 1> <Delay = 0.47> <FuncUnit> <Opcode : 'select'> <InPorts = 3> <OutPorts = 1>
ST_4 : Operation 89 [1/1] (0.47ns)   --->   "%tmp_data_9_V = select i1 %icmp_ln1494_9, i16 %tmp_data_V_9, i16 0" [firmware/nnet_utils/nnet_activation_stream.h:69]   --->   Operation 89 'select' 'tmp_data_9_V' <Predicate = (!icmp_ln60)> <Delay = 0.47> <Core = "Sel">   --->   Core 26 'Sel' <Latency = 0> <II = 1> <Delay = 0.47> <FuncUnit> <Opcode : 'select'> <InPorts = 3> <OutPorts = 1>
ST_4 : Operation 90 [1/1] (0.47ns)   --->   "%tmp_data_10_V = select i1 %icmp_ln1494_10, i16 %tmp_data_V_10, i16 0" [firmware/nnet_utils/nnet_activation_stream.h:69]   --->   Operation 90 'select' 'tmp_data_10_V' <Predicate = (!icmp_ln60)> <Delay = 0.47> <Core = "Sel">   --->   Core 26 'Sel' <Latency = 0> <II = 1> <Delay = 0.47> <FuncUnit> <Opcode : 'select'> <InPorts = 3> <OutPorts = 1>
ST_4 : Operation 91 [1/1] (0.47ns)   --->   "%tmp_data_11_V = select i1 %icmp_ln1494_11, i16 %tmp_data_V_11, i16 0" [firmware/nnet_utils/nnet_activation_stream.h:69]   --->   Operation 91 'select' 'tmp_data_11_V' <Predicate = (!icmp_ln60)> <Delay = 0.47> <Core = "Sel">   --->   Core 26 'Sel' <Latency = 0> <II = 1> <Delay = 0.47> <FuncUnit> <Opcode : 'select'> <InPorts = 3> <OutPorts = 1>
ST_4 : Operation 92 [1/1] (0.47ns)   --->   "%tmp_data_12_V = select i1 %icmp_ln1494_12, i16 %tmp_data_V_12, i16 0" [firmware/nnet_utils/nnet_activation_stream.h:69]   --->   Operation 92 'select' 'tmp_data_12_V' <Predicate = (!icmp_ln60)> <Delay = 0.47> <Core = "Sel">   --->   Core 26 'Sel' <Latency = 0> <II = 1> <Delay = 0.47> <FuncUnit> <Opcode : 'select'> <InPorts = 3> <OutPorts = 1>
ST_4 : Operation 93 [1/1] (0.47ns)   --->   "%tmp_data_13_V = select i1 %icmp_ln1494_13, i16 %tmp_data_V_13, i16 0" [firmware/nnet_utils/nnet_activation_stream.h:69]   --->   Operation 93 'select' 'tmp_data_13_V' <Predicate = (!icmp_ln60)> <Delay = 0.47> <Core = "Sel">   --->   Core 26 'Sel' <Latency = 0> <II = 1> <Delay = 0.47> <FuncUnit> <Opcode : 'select'> <InPorts = 3> <OutPorts = 1>
ST_4 : Operation 94 [1/1] (0.47ns)   --->   "%tmp_data_14_V = select i1 %icmp_ln1494_14, i16 %tmp_data_V_14, i16 0" [firmware/nnet_utils/nnet_activation_stream.h:69]   --->   Operation 94 'select' 'tmp_data_14_V' <Predicate = (!icmp_ln60)> <Delay = 0.47> <Core = "Sel">   --->   Core 26 'Sel' <Latency = 0> <II = 1> <Delay = 0.47> <FuncUnit> <Opcode : 'select'> <InPorts = 3> <OutPorts = 1>
ST_4 : Operation 95 [1/1] (0.47ns)   --->   "%tmp_data_15_V = select i1 %icmp_ln1494_15, i16 %tmp_data_V_15, i16 0" [firmware/nnet_utils/nnet_activation_stream.h:69]   --->   Operation 95 'select' 'tmp_data_15_V' <Predicate = (!icmp_ln60)> <Delay = 0.47> <Core = "Sel">   --->   Core 26 'Sel' <Latency = 0> <II = 1> <Delay = 0.47> <FuncUnit> <Opcode : 'select'> <InPorts = 3> <OutPorts = 1>
ST_4 : Operation 96 [1/1] (1.45ns)   --->   "call void @_ssdm_op_Write.ap_fifo.volatile.i16P.i16P.i16P.i16P.i16P.i16P.i16P.i16P.i16P.i16P.i16P.i16P.i16P.i16P.i16P.i16P(i16* %res_V_data_0_V, i16* %res_V_data_1_V, i16* %res_V_data_2_V, i16* %res_V_data_3_V, i16* %res_V_data_4_V, i16* %res_V_data_5_V, i16* %res_V_data_6_V, i16* %res_V_data_7_V, i16* %res_V_data_8_V, i16* %res_V_data_9_V, i16* %res_V_data_10_V, i16* %res_V_data_11_V, i16* %res_V_data_12_V, i16* %res_V_data_13_V, i16* %res_V_data_14_V, i16* %res_V_data_15_V, i16 %tmp_data_0_V, i16 %tmp_data_1_V, i16 %tmp_data_2_V, i16 %tmp_data_3_V, i16 %tmp_data_4_V, i16 %tmp_data_5_V, i16 %tmp_data_6_V, i16 %tmp_data_7_V, i16 %tmp_data_8_V, i16 %tmp_data_9_V, i16 %tmp_data_10_V, i16 %tmp_data_11_V, i16 %tmp_data_12_V, i16 %tmp_data_13_V, i16 %tmp_data_14_V, i16 %tmp_data_15_V)" [firmware/nnet_utils/nnet_activation_stream.h:73]   --->   Operation 96 'write' <Predicate = (!icmp_ln60)> <Delay = 1.45> <Core = "FIFO">   --->   Core 32 'FIFO' <Latency = 0> <II = 1> <Delay = 2.39> <Storage> <Opcode : 'read' 'write' 'nbread' 'nbwrite'> <Ports = 0> <Width = 16> <Depth = 1> <FIFO>
ST_4 : Operation 97 [1/1] (0.00ns)   --->   "%empty_29 = call i32 (...)* @_ssdm_op_SpecRegionEnd([12 x i8]* @p_str44, i32 %tmp)" [firmware/nnet_utils/nnet_activation_stream.h:74]   --->   Operation 97 'specregionend' 'empty_29' <Predicate = (!icmp_ln60)> <Delay = 0.00>
ST_4 : Operation 98 [1/1] (0.00ns)   --->   "br label %1" [firmware/nnet_utils/nnet_activation_stream.h:60]   --->   Operation 98 'br' <Predicate = (!icmp_ln60)> <Delay = 0.00>

State 5 <SV = 2> <Delay = 0.00>
ST_5 : Operation 99 [1/1] (0.00ns)   --->   "ret void" [firmware/nnet_utils/nnet_activation_stream.h:75]   --->   Operation 99 'ret' <Predicate = true> <Delay = 0.00>


============================================================
+ Verbose Summary: Timing violations
============================================================
Target clock period: 3.33ns, clock uncertainty: 0.416ns.

 <State 1>: 0.85ns
The critical path consists of the following:
	multiplexor before 'phi' operation ('i') with incoming values : ('i', firmware/nnet_utils/nnet_activation_stream.h:60) [67]  (0.85 ns)

 <State 2>: 1.27ns
The critical path consists of the following:
	'phi' operation ('i') with incoming values : ('i', firmware/nnet_utils/nnet_activation_stream.h:60) [67]  (0 ns)
	'add' operation ('i', firmware/nnet_utils/nnet_activation_stream.h:60) [70]  (1.27 ns)

 <State 3>: 2.64ns
The critical path consists of the following:
	fifo read on port 'data_V_data_0_V' (firmware/nnet_utils/nnet_activation_stream.h:63) [76]  (1.46 ns)
	'icmp' operation ('icmp_ln1494', firmware/nnet_utils/nnet_activation_stream.h:69) [93]  (1.18 ns)

 <State 4>: 1.93ns
The critical path consists of the following:
	'select' operation ('tmp.data[0].V', firmware/nnet_utils/nnet_activation_stream.h:69) [94]  (0.474 ns)
	fifo write on port 'res_V_data_0_V' (firmware/nnet_utils/nnet_activation_stream.h:73) [125]  (1.46 ns)

 <State 5>: 0ns
The critical path consists of the following:


============================================================
+ Verbose Summary: Binding
============================================================
N/A
* FSMD analyzer results:
  - Output states:
 - Input state : 
  - Chain level:
	State 1
	State 2
	State 3
	State 4
	State 5


============================================================
+ Verbose Summary: Datapath Resource usage 
============================================================
N/A
