
****** Vivado(TM) HLS - High-Level Synthesis from C, C++ and SystemC v2019.2 (64-bit)
  **** SW Build 2708876 on Wed Nov  6 21:39:14 MST 2019
  **** IP Build 2700528 on Thu Nov  7 00:09:20 MST 2019
    ** Copyright 1986-2019 Xilinx, Inc. All Rights Reserved.

source /tools/Xilinx/Vivado/2019.2/scripts/vivado_hls/hls.tcl -notrace
INFO: [HLS 200-10] Running '/tools/Xilinx/Vivado/2019.2/bin/unwrapped/lnx64.o/vivado_hls'
INFO: [HLS 200-10] For user 'sayala' on host 'Steph_Laptop.localdomain' (Linux_x86_64 version 5.10.16.3-microsoft-standard-WSL2) on Thu Jan 19 12:05:21 PST 2023
INFO: [HLS 200-10] On os Ubuntu 18.04.6 LTS
INFO: [HLS 200-10] In directory '/home/sayala/hls4ml-tutorial/Neutrino_Detector/Dune_1DCNN/lartpc-dune-1dcnn-main/LArTPC_Training_Notebooks/Neutrino_Trained/uplane-reuse16'
Sourcing Tcl script 'build_prj.tcl'
INFO: [HLS 200-10] Opening project '/home/sayala/hls4ml-tutorial/Neutrino_Detector/Dune_1DCNN/lartpc-dune-1dcnn-main/LArTPC_Training_Notebooks/Neutrino_Trained/uplane-reuse16/myproject_prj'.
INFO: [HLS 200-10] Adding design file 'firmware/myproject.cpp' to the project
INFO: [HLS 200-10] Adding test bench file 'myproject_test.cpp' to the project
INFO: [HLS 200-10] Adding test bench file 'firmware/weights' to the project
INFO: [HLS 200-10] Adding test bench file 'tb_data' to the project
INFO: [HLS 200-10] Opening solution '/home/sayala/hls4ml-tutorial/Neutrino_Detector/Dune_1DCNN/lartpc-dune-1dcnn-main/LArTPC_Training_Notebooks/Neutrino_Trained/uplane-reuse16/myproject_prj/solution1'.
INFO: [SYN 201-201] Setting up clock 'default' with a period of 3.33ns.
INFO: [HLS 200-10] Setting target device to 'xc7vx690t-ffg1761-2'
INFO: [XFORM 203-101] Allowed max sub elements number after partition is 4096.
INFO: [XFORM 203-1161] The maximum of name length is set into 60.
INFO: [XFORM 203-101] Allowed max sub elements number after partition is 4096.
INFO: [XFORM 203-1161] The maximum of name length is set into 60.
INFO: [SYN 201-201] Setting up clock 'default' with a period of 5ns.
INFO: [Common 17-206] Exiting vivado_hls at Thu Jan 19 12:05:23 2023...
