

================================================================
== Vivado HLS Report for 'dense_array_array_ap_fixed_16_6_5_3_0_1u_config12_s'
================================================================
* Date:           Tue Jan 17 16:00:10 2023

* Version:        2019.2 (Build 2704478 on Wed Nov 06 22:10:23 MST 2019)
* Project:        myproject_prj
* Solution:       solution1
* Product family: virtex7
* Target device:  xc7vx690t-ffg1761-2


================================================================
== Performance Estimates
================================================================
+ Timing: 
    * Summary: 
    +--------+---------+----------+------------+
    |  Clock |  Target | Estimated| Uncertainty|
    +--------+---------+----------+------------+
    |ap_clk  | 3.33 ns | 2.940 ns |   0.42 ns  |
    +--------+---------+----------+------------+

+ Latency: 
    * Summary: 
    +---------+---------+-----------+-----------+-----+-----+---------+
    |  Latency (cycles) |   Latency (absolute)  |  Interval | Pipeline|
    |   min   |   max   |    min    |    max    | min | max |   Type  |
    +---------+---------+-----------+-----------+-----+-----+---------+
    |       16|       17| 53.280 ns | 56.610 ns |   16|   17|   none  |
    +---------+---------+-----------+-----------+-----+-----+---------+

    + Detail: 
        * Instance: 
        +-------------------------------------------------------------------+-------------------------------------------------------+---------+---------+-----------+-----------+-----+-----+---------------------------------------------+
        |                                                                   |                                                       |  Latency (cycles) |   Latency (absolute)  |  Interval |                   Pipeline                  |
        |                              Instance                             |                         Module                        |   min   |   max   |    min    |    max    | min | max |                     Type                    |
        +-------------------------------------------------------------------+-------------------------------------------------------+---------+---------+-----------+-----------+-----+-----+---------------------------------------------+
        |grp_dense_wrapper_ap_fixed_ap_fixed_16_6_5_3_0_config12_s_fu_1073  |dense_wrapper_ap_fixed_ap_fixed_16_6_5_3_0_config12_s  |       14|       15| 46.620 ns | 49.950 ns |    8|    8| loop rewind(delay=0 initiation interval(s)) |
        +-------------------------------------------------------------------+-------------------------------------------------------+---------+---------+-----------+-----------+-----+-----+---------------------------------------------+

        * Loop: 
        N/A



================================================================
== Utilization Estimates
================================================================
* Summary: 
+-----------------+---------+-------+--------+--------+-----+
|       Name      | BRAM_18K| DSP48E|   FF   |   LUT  | URAM|
+-----------------+---------+-------+--------+--------+-----+
|DSP              |        -|      -|       -|       -|    -|
|Expression       |        -|      -|       0|       4|    -|
|FIFO             |        -|      -|       -|       -|    -|
|Instance         |        0|      8|    3893|    4797|    -|
|Memory           |        -|      -|       -|       -|    -|
|Multiplexer      |        -|      -|       -|     624|    -|
|Register         |        -|      -|    1046|       -|    -|
+-----------------+---------+-------+--------+--------+-----+
|Total            |        0|      8|    4939|    5425|    0|
+-----------------+---------+-------+--------+--------+-----+
|Available        |     2940|   3600|  866400|  433200|    0|
+-----------------+---------+-------+--------+--------+-----+
|Utilization (%)  |        0|   ~0  |   ~0   |       1|    0|
+-----------------+---------+-------+--------+--------+-----+

+ Detail: 
    * Instance: 
    +-------------------------------------------------------------------+-------------------------------------------------------+---------+-------+------+------+-----+
    |                              Instance                             |                         Module                        | BRAM_18K| DSP48E|  FF  |  LUT | URAM|
    +-------------------------------------------------------------------+-------------------------------------------------------+---------+-------+------+------+-----+
    |grp_dense_wrapper_ap_fixed_ap_fixed_16_6_5_3_0_config12_s_fu_1073  |dense_wrapper_ap_fixed_ap_fixed_16_6_5_3_0_config12_s  |        0|      8|  3893|  4797|    0|
    +-------------------------------------------------------------------+-------------------------------------------------------+---------+-------+------+------+-----+
    |Total                                                              |                                                       |        0|      8|  3893|  4797|    0|
    +-------------------------------------------------------------------+-------------------------------------------------------+---------+-------+------+------+-----+

    * DSP48E: 
    N/A

    * Memory: 
    N/A

    * FIFO: 
    N/A

    * Expression: 
    +-------------------------+----------+-------+---+----+------------+------------+
    |      Variable Name      | Operation| DSP48E| FF| LUT| Bitwidth P0| Bitwidth P1|
    +-------------------------+----------+-------+---+----+------------+------------+
    |io_acc_block_signal_op4  |    and   |      0|  0|   2|           1|           1|
    |ap_block_state1          |    or    |      0|  0|   2|           1|           1|
    +-------------------------+----------+-------+---+----+------------+------------+
    |Total                    |          |      0|  0|   4|           2|           2|
    +-------------------------+----------+-------+---+----+------------+------------+

    * Multiplexer: 
    +-------------------------------+----+-----------+-----+-----------+
    |              Name             | LUT| Input Size| Bits| Total Bits|
    +-------------------------------+----+-----------+-----+-----------+
    |ap_NS_fsm                      |  21|          4|    1|          4|
    |ap_done                        |   9|          2|    1|          2|
    |data_stream_V_data_0_V_blk_n   |   9|          2|    1|          2|
    |data_stream_V_data_10_V_blk_n  |   9|          2|    1|          2|
    |data_stream_V_data_11_V_blk_n  |   9|          2|    1|          2|
    |data_stream_V_data_12_V_blk_n  |   9|          2|    1|          2|
    |data_stream_V_data_13_V_blk_n  |   9|          2|    1|          2|
    |data_stream_V_data_14_V_blk_n  |   9|          2|    1|          2|
    |data_stream_V_data_15_V_blk_n  |   9|          2|    1|          2|
    |data_stream_V_data_16_V_blk_n  |   9|          2|    1|          2|
    |data_stream_V_data_17_V_blk_n  |   9|          2|    1|          2|
    |data_stream_V_data_18_V_blk_n  |   9|          2|    1|          2|
    |data_stream_V_data_19_V_blk_n  |   9|          2|    1|          2|
    |data_stream_V_data_1_V_blk_n   |   9|          2|    1|          2|
    |data_stream_V_data_20_V_blk_n  |   9|          2|    1|          2|
    |data_stream_V_data_21_V_blk_n  |   9|          2|    1|          2|
    |data_stream_V_data_22_V_blk_n  |   9|          2|    1|          2|
    |data_stream_V_data_23_V_blk_n  |   9|          2|    1|          2|
    |data_stream_V_data_24_V_blk_n  |   9|          2|    1|          2|
    |data_stream_V_data_25_V_blk_n  |   9|          2|    1|          2|
    |data_stream_V_data_26_V_blk_n  |   9|          2|    1|          2|
    |data_stream_V_data_27_V_blk_n  |   9|          2|    1|          2|
    |data_stream_V_data_28_V_blk_n  |   9|          2|    1|          2|
    |data_stream_V_data_29_V_blk_n  |   9|          2|    1|          2|
    |data_stream_V_data_2_V_blk_n   |   9|          2|    1|          2|
    |data_stream_V_data_30_V_blk_n  |   9|          2|    1|          2|
    |data_stream_V_data_31_V_blk_n  |   9|          2|    1|          2|
    |data_stream_V_data_32_V_blk_n  |   9|          2|    1|          2|
    |data_stream_V_data_33_V_blk_n  |   9|          2|    1|          2|
    |data_stream_V_data_34_V_blk_n  |   9|          2|    1|          2|
    |data_stream_V_data_35_V_blk_n  |   9|          2|    1|          2|
    |data_stream_V_data_36_V_blk_n  |   9|          2|    1|          2|
    |data_stream_V_data_37_V_blk_n  |   9|          2|    1|          2|
    |data_stream_V_data_38_V_blk_n  |   9|          2|    1|          2|
    |data_stream_V_data_39_V_blk_n  |   9|          2|    1|          2|
    |data_stream_V_data_3_V_blk_n   |   9|          2|    1|          2|
    |data_stream_V_data_40_V_blk_n  |   9|          2|    1|          2|
    |data_stream_V_data_41_V_blk_n  |   9|          2|    1|          2|
    |data_stream_V_data_42_V_blk_n  |   9|          2|    1|          2|
    |data_stream_V_data_43_V_blk_n  |   9|          2|    1|          2|
    |data_stream_V_data_44_V_blk_n  |   9|          2|    1|          2|
    |data_stream_V_data_45_V_blk_n  |   9|          2|    1|          2|
    |data_stream_V_data_46_V_blk_n  |   9|          2|    1|          2|
    |data_stream_V_data_47_V_blk_n  |   9|          2|    1|          2|
    |data_stream_V_data_48_V_blk_n  |   9|          2|    1|          2|
    |data_stream_V_data_49_V_blk_n  |   9|          2|    1|          2|
    |data_stream_V_data_4_V_blk_n   |   9|          2|    1|          2|
    |data_stream_V_data_50_V_blk_n  |   9|          2|    1|          2|
    |data_stream_V_data_51_V_blk_n  |   9|          2|    1|          2|
    |data_stream_V_data_52_V_blk_n  |   9|          2|    1|          2|
    |data_stream_V_data_53_V_blk_n  |   9|          2|    1|          2|
    |data_stream_V_data_54_V_blk_n  |   9|          2|    1|          2|
    |data_stream_V_data_55_V_blk_n  |   9|          2|    1|          2|
    |data_stream_V_data_56_V_blk_n  |   9|          2|    1|          2|
    |data_stream_V_data_57_V_blk_n  |   9|          2|    1|          2|
    |data_stream_V_data_58_V_blk_n  |   9|          2|    1|          2|
    |data_stream_V_data_59_V_blk_n  |   9|          2|    1|          2|
    |data_stream_V_data_5_V_blk_n   |   9|          2|    1|          2|
    |data_stream_V_data_60_V_blk_n  |   9|          2|    1|          2|
    |data_stream_V_data_61_V_blk_n  |   9|          2|    1|          2|
    |data_stream_V_data_62_V_blk_n  |   9|          2|    1|          2|
    |data_stream_V_data_63_V_blk_n  |   9|          2|    1|          2|
    |data_stream_V_data_6_V_blk_n   |   9|          2|    1|          2|
    |data_stream_V_data_7_V_blk_n   |   9|          2|    1|          2|
    |data_stream_V_data_8_V_blk_n   |   9|          2|    1|          2|
    |data_stream_V_data_9_V_blk_n   |   9|          2|    1|          2|
    |real_start                     |   9|          2|    1|          2|
    |res_stream_V_data_V_blk_n      |   9|          2|    1|          2|
    +-------------------------------+----+-----------+-----+-----------+
    |Total                          | 624|        138|   68|        138|
    +-------------------------------+----+-----------+-----+-----------+

    * Register: 
    +--------------------------------------------------------------------------------+----+----+-----+-----------+
    |                                      Name                                      | FF | LUT| Bits| Const Bits|
    +--------------------------------------------------------------------------------+----+----+-----+-----------+
    |ap_CS_fsm                                                                       |   3|   0|    3|          0|
    |ap_done_reg                                                                     |   1|   0|    1|          0|
    |data_0_V_reg_1463                                                               |  16|   0|   16|          0|
    |data_10_V_reg_1513                                                              |  16|   0|   16|          0|
    |data_11_V_reg_1518                                                              |  16|   0|   16|          0|
    |data_12_V_reg_1523                                                              |  16|   0|   16|          0|
    |data_13_V_reg_1528                                                              |  16|   0|   16|          0|
    |data_14_V_reg_1533                                                              |  16|   0|   16|          0|
    |data_15_V_reg_1538                                                              |  16|   0|   16|          0|
    |data_16_V_reg_1543                                                              |  16|   0|   16|          0|
    |data_17_V_reg_1548                                                              |  16|   0|   16|          0|
    |data_18_V_reg_1553                                                              |  16|   0|   16|          0|
    |data_19_V_reg_1558                                                              |  16|   0|   16|          0|
    |data_1_V_reg_1468                                                               |  16|   0|   16|          0|
    |data_20_V_reg_1563                                                              |  16|   0|   16|          0|
    |data_21_V_reg_1568                                                              |  16|   0|   16|          0|
    |data_22_V_reg_1573                                                              |  16|   0|   16|          0|
    |data_23_V_reg_1578                                                              |  16|   0|   16|          0|
    |data_24_V_reg_1583                                                              |  16|   0|   16|          0|
    |data_25_V_reg_1588                                                              |  16|   0|   16|          0|
    |data_26_V_reg_1593                                                              |  16|   0|   16|          0|
    |data_27_V_reg_1598                                                              |  16|   0|   16|          0|
    |data_28_V_reg_1603                                                              |  16|   0|   16|          0|
    |data_29_V_reg_1608                                                              |  16|   0|   16|          0|
    |data_2_V_reg_1473                                                               |  16|   0|   16|          0|
    |data_30_V_reg_1613                                                              |  16|   0|   16|          0|
    |data_31_V_reg_1618                                                              |  16|   0|   16|          0|
    |data_32_V_reg_1623                                                              |  16|   0|   16|          0|
    |data_33_V_reg_1628                                                              |  16|   0|   16|          0|
    |data_34_V_reg_1633                                                              |  16|   0|   16|          0|
    |data_35_V_reg_1638                                                              |  16|   0|   16|          0|
    |data_36_V_reg_1643                                                              |  16|   0|   16|          0|
    |data_37_V_reg_1648                                                              |  16|   0|   16|          0|
    |data_38_V_reg_1653                                                              |  16|   0|   16|          0|
    |data_39_V_reg_1658                                                              |  16|   0|   16|          0|
    |data_3_V_reg_1478                                                               |  16|   0|   16|          0|
    |data_40_V_reg_1663                                                              |  16|   0|   16|          0|
    |data_41_V_reg_1668                                                              |  16|   0|   16|          0|
    |data_42_V_reg_1673                                                              |  16|   0|   16|          0|
    |data_43_V_reg_1678                                                              |  16|   0|   16|          0|
    |data_44_V_reg_1683                                                              |  16|   0|   16|          0|
    |data_45_V_reg_1688                                                              |  16|   0|   16|          0|
    |data_46_V_reg_1693                                                              |  16|   0|   16|          0|
    |data_47_V_reg_1698                                                              |  16|   0|   16|          0|
    |data_48_V_reg_1703                                                              |  16|   0|   16|          0|
    |data_49_V_reg_1708                                                              |  16|   0|   16|          0|
    |data_4_V_reg_1483                                                               |  16|   0|   16|          0|
    |data_50_V_reg_1713                                                              |  16|   0|   16|          0|
    |data_51_V_reg_1718                                                              |  16|   0|   16|          0|
    |data_52_V_reg_1723                                                              |  16|   0|   16|          0|
    |data_53_V_reg_1728                                                              |  16|   0|   16|          0|
    |data_54_V_reg_1733                                                              |  16|   0|   16|          0|
    |data_55_V_reg_1738                                                              |  16|   0|   16|          0|
    |data_56_V_reg_1743                                                              |  16|   0|   16|          0|
    |data_57_V_reg_1748                                                              |  16|   0|   16|          0|
    |data_58_V_reg_1753                                                              |  16|   0|   16|          0|
    |data_59_V_reg_1758                                                              |  16|   0|   16|          0|
    |data_5_V_reg_1488                                                               |  16|   0|   16|          0|
    |data_60_V_reg_1763                                                              |  16|   0|   16|          0|
    |data_61_V_reg_1768                                                              |  16|   0|   16|          0|
    |data_62_V_reg_1773                                                              |  16|   0|   16|          0|
    |data_63_V_reg_1778                                                              |  16|   0|   16|          0|
    |data_6_V_reg_1493                                                               |  16|   0|   16|          0|
    |data_7_V_reg_1498                                                               |  16|   0|   16|          0|
    |data_8_V_reg_1503                                                               |  16|   0|   16|          0|
    |data_9_V_reg_1508                                                               |  16|   0|   16|          0|
    |grp_dense_wrapper_ap_fixed_ap_fixed_16_6_5_3_0_config12_s_fu_1073_ap_start_reg  |   1|   0|    1|          0|
    |res_0_V_reg_1783                                                                |  16|   0|   16|          0|
    |start_once_reg                                                                  |   1|   0|    1|          0|
    +--------------------------------------------------------------------------------+----+----+-----+-----------+
    |Total                                                                           |1046|   0| 1046|          0|
    +--------------------------------------------------------------------------------+----+----+-----+-----------+



================================================================
== Interface
================================================================
* Summary: 
+---------------------------------+-----+-----+------------+------------------------------------------------------+--------------+
|            RTL Ports            | Dir | Bits|  Protocol  |                     Source Object                    |    C Type    |
+---------------------------------+-----+-----+------------+------------------------------------------------------+--------------+
|ap_clk                           |  in |    1| ap_ctrl_hs | dense<array,array<ap_fixed<16,6,5,3,0>,1u>,config12> | return value |
|ap_rst                           |  in |    1| ap_ctrl_hs | dense<array,array<ap_fixed<16,6,5,3,0>,1u>,config12> | return value |
|ap_start                         |  in |    1| ap_ctrl_hs | dense<array,array<ap_fixed<16,6,5,3,0>,1u>,config12> | return value |
|start_full_n                     |  in |    1| ap_ctrl_hs | dense<array,array<ap_fixed<16,6,5,3,0>,1u>,config12> | return value |
|ap_done                          | out |    1| ap_ctrl_hs | dense<array,array<ap_fixed<16,6,5,3,0>,1u>,config12> | return value |
|ap_continue                      |  in |    1| ap_ctrl_hs | dense<array,array<ap_fixed<16,6,5,3,0>,1u>,config12> | return value |
|ap_idle                          | out |    1| ap_ctrl_hs | dense<array,array<ap_fixed<16,6,5,3,0>,1u>,config12> | return value |
|ap_ready                         | out |    1| ap_ctrl_hs | dense<array,array<ap_fixed<16,6,5,3,0>,1u>,config12> | return value |
|start_out                        | out |    1| ap_ctrl_hs | dense<array,array<ap_fixed<16,6,5,3,0>,1u>,config12> | return value |
|start_write                      | out |    1| ap_ctrl_hs | dense<array,array<ap_fixed<16,6,5,3,0>,1u>,config12> | return value |
|data_stream_V_data_0_V_dout      |  in |   16|   ap_fifo  |                data_stream_V_data_0_V                |    pointer   |
|data_stream_V_data_0_V_empty_n   |  in |    1|   ap_fifo  |                data_stream_V_data_0_V                |    pointer   |
|data_stream_V_data_0_V_read      | out |    1|   ap_fifo  |                data_stream_V_data_0_V                |    pointer   |
|data_stream_V_data_1_V_dout      |  in |   16|   ap_fifo  |                data_stream_V_data_1_V                |    pointer   |
|data_stream_V_data_1_V_empty_n   |  in |    1|   ap_fifo  |                data_stream_V_data_1_V                |    pointer   |
|data_stream_V_data_1_V_read      | out |    1|   ap_fifo  |                data_stream_V_data_1_V                |    pointer   |
|data_stream_V_data_2_V_dout      |  in |   16|   ap_fifo  |                data_stream_V_data_2_V                |    pointer   |
|data_stream_V_data_2_V_empty_n   |  in |    1|   ap_fifo  |                data_stream_V_data_2_V                |    pointer   |
|data_stream_V_data_2_V_read      | out |    1|   ap_fifo  |                data_stream_V_data_2_V                |    pointer   |
|data_stream_V_data_3_V_dout      |  in |   16|   ap_fifo  |                data_stream_V_data_3_V                |    pointer   |
|data_stream_V_data_3_V_empty_n   |  in |    1|   ap_fifo  |                data_stream_V_data_3_V                |    pointer   |
|data_stream_V_data_3_V_read      | out |    1|   ap_fifo  |                data_stream_V_data_3_V                |    pointer   |
|data_stream_V_data_4_V_dout      |  in |   16|   ap_fifo  |                data_stream_V_data_4_V                |    pointer   |
|data_stream_V_data_4_V_empty_n   |  in |    1|   ap_fifo  |                data_stream_V_data_4_V                |    pointer   |
|data_stream_V_data_4_V_read      | out |    1|   ap_fifo  |                data_stream_V_data_4_V                |    pointer   |
|data_stream_V_data_5_V_dout      |  in |   16|   ap_fifo  |                data_stream_V_data_5_V                |    pointer   |
|data_stream_V_data_5_V_empty_n   |  in |    1|   ap_fifo  |                data_stream_V_data_5_V                |    pointer   |
|data_stream_V_data_5_V_read      | out |    1|   ap_fifo  |                data_stream_V_data_5_V                |    pointer   |
|data_stream_V_data_6_V_dout      |  in |   16|   ap_fifo  |                data_stream_V_data_6_V                |    pointer   |
|data_stream_V_data_6_V_empty_n   |  in |    1|   ap_fifo  |                data_stream_V_data_6_V                |    pointer   |
|data_stream_V_data_6_V_read      | out |    1|   ap_fifo  |                data_stream_V_data_6_V                |    pointer   |
|data_stream_V_data_7_V_dout      |  in |   16|   ap_fifo  |                data_stream_V_data_7_V                |    pointer   |
|data_stream_V_data_7_V_empty_n   |  in |    1|   ap_fifo  |                data_stream_V_data_7_V                |    pointer   |
|data_stream_V_data_7_V_read      | out |    1|   ap_fifo  |                data_stream_V_data_7_V                |    pointer   |
|data_stream_V_data_8_V_dout      |  in |   16|   ap_fifo  |                data_stream_V_data_8_V                |    pointer   |
|data_stream_V_data_8_V_empty_n   |  in |    1|   ap_fifo  |                data_stream_V_data_8_V                |    pointer   |
|data_stream_V_data_8_V_read      | out |    1|   ap_fifo  |                data_stream_V_data_8_V                |    pointer   |
|data_stream_V_data_9_V_dout      |  in |   16|   ap_fifo  |                data_stream_V_data_9_V                |    pointer   |
|data_stream_V_data_9_V_empty_n   |  in |    1|   ap_fifo  |                data_stream_V_data_9_V                |    pointer   |
|data_stream_V_data_9_V_read      | out |    1|   ap_fifo  |                data_stream_V_data_9_V                |    pointer   |
|data_stream_V_data_10_V_dout     |  in |   16|   ap_fifo  |                data_stream_V_data_10_V               |    pointer   |
|data_stream_V_data_10_V_empty_n  |  in |    1|   ap_fifo  |                data_stream_V_data_10_V               |    pointer   |
|data_stream_V_data_10_V_read     | out |    1|   ap_fifo  |                data_stream_V_data_10_V               |    pointer   |
|data_stream_V_data_11_V_dout     |  in |   16|   ap_fifo  |                data_stream_V_data_11_V               |    pointer   |
|data_stream_V_data_11_V_empty_n  |  in |    1|   ap_fifo  |                data_stream_V_data_11_V               |    pointer   |
|data_stream_V_data_11_V_read     | out |    1|   ap_fifo  |                data_stream_V_data_11_V               |    pointer   |
|data_stream_V_data_12_V_dout     |  in |   16|   ap_fifo  |                data_stream_V_data_12_V               |    pointer   |
|data_stream_V_data_12_V_empty_n  |  in |    1|   ap_fifo  |                data_stream_V_data_12_V               |    pointer   |
|data_stream_V_data_12_V_read     | out |    1|   ap_fifo  |                data_stream_V_data_12_V               |    pointer   |
|data_stream_V_data_13_V_dout     |  in |   16|   ap_fifo  |                data_stream_V_data_13_V               |    pointer   |
|data_stream_V_data_13_V_empty_n  |  in |    1|   ap_fifo  |                data_stream_V_data_13_V               |    pointer   |
|data_stream_V_data_13_V_read     | out |    1|   ap_fifo  |                data_stream_V_data_13_V               |    pointer   |
|data_stream_V_data_14_V_dout     |  in |   16|   ap_fifo  |                data_stream_V_data_14_V               |    pointer   |
|data_stream_V_data_14_V_empty_n  |  in |    1|   ap_fifo  |                data_stream_V_data_14_V               |    pointer   |
|data_stream_V_data_14_V_read     | out |    1|   ap_fifo  |                data_stream_V_data_14_V               |    pointer   |
|data_stream_V_data_15_V_dout     |  in |   16|   ap_fifo  |                data_stream_V_data_15_V               |    pointer   |
|data_stream_V_data_15_V_empty_n  |  in |    1|   ap_fifo  |                data_stream_V_data_15_V               |    pointer   |
|data_stream_V_data_15_V_read     | out |    1|   ap_fifo  |                data_stream_V_data_15_V               |    pointer   |
|data_stream_V_data_16_V_dout     |  in |   16|   ap_fifo  |                data_stream_V_data_16_V               |    pointer   |
|data_stream_V_data_16_V_empty_n  |  in |    1|   ap_fifo  |                data_stream_V_data_16_V               |    pointer   |
|data_stream_V_data_16_V_read     | out |    1|   ap_fifo  |                data_stream_V_data_16_V               |    pointer   |
|data_stream_V_data_17_V_dout     |  in |   16|   ap_fifo  |                data_stream_V_data_17_V               |    pointer   |
|data_stream_V_data_17_V_empty_n  |  in |    1|   ap_fifo  |                data_stream_V_data_17_V               |    pointer   |
|data_stream_V_data_17_V_read     | out |    1|   ap_fifo  |                data_stream_V_data_17_V               |    pointer   |
|data_stream_V_data_18_V_dout     |  in |   16|   ap_fifo  |                data_stream_V_data_18_V               |    pointer   |
|data_stream_V_data_18_V_empty_n  |  in |    1|   ap_fifo  |                data_stream_V_data_18_V               |    pointer   |
|data_stream_V_data_18_V_read     | out |    1|   ap_fifo  |                data_stream_V_data_18_V               |    pointer   |
|data_stream_V_data_19_V_dout     |  in |   16|   ap_fifo  |                data_stream_V_data_19_V               |    pointer   |
|data_stream_V_data_19_V_empty_n  |  in |    1|   ap_fifo  |                data_stream_V_data_19_V               |    pointer   |
|data_stream_V_data_19_V_read     | out |    1|   ap_fifo  |                data_stream_V_data_19_V               |    pointer   |
|data_stream_V_data_20_V_dout     |  in |   16|   ap_fifo  |                data_stream_V_data_20_V               |    pointer   |
|data_stream_V_data_20_V_empty_n  |  in |    1|   ap_fifo  |                data_stream_V_data_20_V               |    pointer   |
|data_stream_V_data_20_V_read     | out |    1|   ap_fifo  |                data_stream_V_data_20_V               |    pointer   |
|data_stream_V_data_21_V_dout     |  in |   16|   ap_fifo  |                data_stream_V_data_21_V               |    pointer   |
|data_stream_V_data_21_V_empty_n  |  in |    1|   ap_fifo  |                data_stream_V_data_21_V               |    pointer   |
|data_stream_V_data_21_V_read     | out |    1|   ap_fifo  |                data_stream_V_data_21_V               |    pointer   |
|data_stream_V_data_22_V_dout     |  in |   16|   ap_fifo  |                data_stream_V_data_22_V               |    pointer   |
|data_stream_V_data_22_V_empty_n  |  in |    1|   ap_fifo  |                data_stream_V_data_22_V               |    pointer   |
|data_stream_V_data_22_V_read     | out |    1|   ap_fifo  |                data_stream_V_data_22_V               |    pointer   |
|data_stream_V_data_23_V_dout     |  in |   16|   ap_fifo  |                data_stream_V_data_23_V               |    pointer   |
|data_stream_V_data_23_V_empty_n  |  in |    1|   ap_fifo  |                data_stream_V_data_23_V               |    pointer   |
|data_stream_V_data_23_V_read     | out |    1|   ap_fifo  |                data_stream_V_data_23_V               |    pointer   |
|data_stream_V_data_24_V_dout     |  in |   16|   ap_fifo  |                data_stream_V_data_24_V               |    pointer   |
|data_stream_V_data_24_V_empty_n  |  in |    1|   ap_fifo  |                data_stream_V_data_24_V               |    pointer   |
|data_stream_V_data_24_V_read     | out |    1|   ap_fifo  |                data_stream_V_data_24_V               |    pointer   |
|data_stream_V_data_25_V_dout     |  in |   16|   ap_fifo  |                data_stream_V_data_25_V               |    pointer   |
|data_stream_V_data_25_V_empty_n  |  in |    1|   ap_fifo  |                data_stream_V_data_25_V               |    pointer   |
|data_stream_V_data_25_V_read     | out |    1|   ap_fifo  |                data_stream_V_data_25_V               |    pointer   |
|data_stream_V_data_26_V_dout     |  in |   16|   ap_fifo  |                data_stream_V_data_26_V               |    pointer   |
|data_stream_V_data_26_V_empty_n  |  in |    1|   ap_fifo  |                data_stream_V_data_26_V               |    pointer   |
|data_stream_V_data_26_V_read     | out |    1|   ap_fifo  |                data_stream_V_data_26_V               |    pointer   |
|data_stream_V_data_27_V_dout     |  in |   16|   ap_fifo  |                data_stream_V_data_27_V               |    pointer   |
|data_stream_V_data_27_V_empty_n  |  in |    1|   ap_fifo  |                data_stream_V_data_27_V               |    pointer   |
|data_stream_V_data_27_V_read     | out |    1|   ap_fifo  |                data_stream_V_data_27_V               |    pointer   |
|data_stream_V_data_28_V_dout     |  in |   16|   ap_fifo  |                data_stream_V_data_28_V               |    pointer   |
|data_stream_V_data_28_V_empty_n  |  in |    1|   ap_fifo  |                data_stream_V_data_28_V               |    pointer   |
|data_stream_V_data_28_V_read     | out |    1|   ap_fifo  |                data_stream_V_data_28_V               |    pointer   |
|data_stream_V_data_29_V_dout     |  in |   16|   ap_fifo  |                data_stream_V_data_29_V               |    pointer   |
|data_stream_V_data_29_V_empty_n  |  in |    1|   ap_fifo  |                data_stream_V_data_29_V               |    pointer   |
|data_stream_V_data_29_V_read     | out |    1|   ap_fifo  |                data_stream_V_data_29_V               |    pointer   |
|data_stream_V_data_30_V_dout     |  in |   16|   ap_fifo  |                data_stream_V_data_30_V               |    pointer   |
|data_stream_V_data_30_V_empty_n  |  in |    1|   ap_fifo  |                data_stream_V_data_30_V               |    pointer   |
|data_stream_V_data_30_V_read     | out |    1|   ap_fifo  |                data_stream_V_data_30_V               |    pointer   |
|data_stream_V_data_31_V_dout     |  in |   16|   ap_fifo  |                data_stream_V_data_31_V               |    pointer   |
|data_stream_V_data_31_V_empty_n  |  in |    1|   ap_fifo  |                data_stream_V_data_31_V               |    pointer   |
|data_stream_V_data_31_V_read     | out |    1|   ap_fifo  |                data_stream_V_data_31_V               |    pointer   |
|data_stream_V_data_32_V_dout     |  in |   16|   ap_fifo  |                data_stream_V_data_32_V               |    pointer   |
|data_stream_V_data_32_V_empty_n  |  in |    1|   ap_fifo  |                data_stream_V_data_32_V               |    pointer   |
|data_stream_V_data_32_V_read     | out |    1|   ap_fifo  |                data_stream_V_data_32_V               |    pointer   |
|data_stream_V_data_33_V_dout     |  in |   16|   ap_fifo  |                data_stream_V_data_33_V               |    pointer   |
|data_stream_V_data_33_V_empty_n  |  in |    1|   ap_fifo  |                data_stream_V_data_33_V               |    pointer   |
|data_stream_V_data_33_V_read     | out |    1|   ap_fifo  |                data_stream_V_data_33_V               |    pointer   |
|data_stream_V_data_34_V_dout     |  in |   16|   ap_fifo  |                data_stream_V_data_34_V               |    pointer   |
|data_stream_V_data_34_V_empty_n  |  in |    1|   ap_fifo  |                data_stream_V_data_34_V               |    pointer   |
|data_stream_V_data_34_V_read     | out |    1|   ap_fifo  |                data_stream_V_data_34_V               |    pointer   |
|data_stream_V_data_35_V_dout     |  in |   16|   ap_fifo  |                data_stream_V_data_35_V               |    pointer   |
|data_stream_V_data_35_V_empty_n  |  in |    1|   ap_fifo  |                data_stream_V_data_35_V               |    pointer   |
|data_stream_V_data_35_V_read     | out |    1|   ap_fifo  |                data_stream_V_data_35_V               |    pointer   |
|data_stream_V_data_36_V_dout     |  in |   16|   ap_fifo  |                data_stream_V_data_36_V               |    pointer   |
|data_stream_V_data_36_V_empty_n  |  in |    1|   ap_fifo  |                data_stream_V_data_36_V               |    pointer   |
|data_stream_V_data_36_V_read     | out |    1|   ap_fifo  |                data_stream_V_data_36_V               |    pointer   |
|data_stream_V_data_37_V_dout     |  in |   16|   ap_fifo  |                data_stream_V_data_37_V               |    pointer   |
|data_stream_V_data_37_V_empty_n  |  in |    1|   ap_fifo  |                data_stream_V_data_37_V               |    pointer   |
|data_stream_V_data_37_V_read     | out |    1|   ap_fifo  |                data_stream_V_data_37_V               |    pointer   |
|data_stream_V_data_38_V_dout     |  in |   16|   ap_fifo  |                data_stream_V_data_38_V               |    pointer   |
|data_stream_V_data_38_V_empty_n  |  in |    1|   ap_fifo  |                data_stream_V_data_38_V               |    pointer   |
|data_stream_V_data_38_V_read     | out |    1|   ap_fifo  |                data_stream_V_data_38_V               |    pointer   |
|data_stream_V_data_39_V_dout     |  in |   16|   ap_fifo  |                data_stream_V_data_39_V               |    pointer   |
|data_stream_V_data_39_V_empty_n  |  in |    1|   ap_fifo  |                data_stream_V_data_39_V               |    pointer   |
|data_stream_V_data_39_V_read     | out |    1|   ap_fifo  |                data_stream_V_data_39_V               |    pointer   |
|data_stream_V_data_40_V_dout     |  in |   16|   ap_fifo  |                data_stream_V_data_40_V               |    pointer   |
|data_stream_V_data_40_V_empty_n  |  in |    1|   ap_fifo  |                data_stream_V_data_40_V               |    pointer   |
|data_stream_V_data_40_V_read     | out |    1|   ap_fifo  |                data_stream_V_data_40_V               |    pointer   |
|data_stream_V_data_41_V_dout     |  in |   16|   ap_fifo  |                data_stream_V_data_41_V               |    pointer   |
|data_stream_V_data_41_V_empty_n  |  in |    1|   ap_fifo  |                data_stream_V_data_41_V               |    pointer   |
|data_stream_V_data_41_V_read     | out |    1|   ap_fifo  |                data_stream_V_data_41_V               |    pointer   |
|data_stream_V_data_42_V_dout     |  in |   16|   ap_fifo  |                data_stream_V_data_42_V               |    pointer   |
|data_stream_V_data_42_V_empty_n  |  in |    1|   ap_fifo  |                data_stream_V_data_42_V               |    pointer   |
|data_stream_V_data_42_V_read     | out |    1|   ap_fifo  |                data_stream_V_data_42_V               |    pointer   |
|data_stream_V_data_43_V_dout     |  in |   16|   ap_fifo  |                data_stream_V_data_43_V               |    pointer   |
|data_stream_V_data_43_V_empty_n  |  in |    1|   ap_fifo  |                data_stream_V_data_43_V               |    pointer   |
|data_stream_V_data_43_V_read     | out |    1|   ap_fifo  |                data_stream_V_data_43_V               |    pointer   |
|data_stream_V_data_44_V_dout     |  in |   16|   ap_fifo  |                data_stream_V_data_44_V               |    pointer   |
|data_stream_V_data_44_V_empty_n  |  in |    1|   ap_fifo  |                data_stream_V_data_44_V               |    pointer   |
|data_stream_V_data_44_V_read     | out |    1|   ap_fifo  |                data_stream_V_data_44_V               |    pointer   |
|data_stream_V_data_45_V_dout     |  in |   16|   ap_fifo  |                data_stream_V_data_45_V               |    pointer   |
|data_stream_V_data_45_V_empty_n  |  in |    1|   ap_fifo  |                data_stream_V_data_45_V               |    pointer   |
|data_stream_V_data_45_V_read     | out |    1|   ap_fifo  |                data_stream_V_data_45_V               |    pointer   |
|data_stream_V_data_46_V_dout     |  in |   16|   ap_fifo  |                data_stream_V_data_46_V               |    pointer   |
|data_stream_V_data_46_V_empty_n  |  in |    1|   ap_fifo  |                data_stream_V_data_46_V               |    pointer   |
|data_stream_V_data_46_V_read     | out |    1|   ap_fifo  |                data_stream_V_data_46_V               |    pointer   |
|data_stream_V_data_47_V_dout     |  in |   16|   ap_fifo  |                data_stream_V_data_47_V               |    pointer   |
|data_stream_V_data_47_V_empty_n  |  in |    1|   ap_fifo  |                data_stream_V_data_47_V               |    pointer   |
|data_stream_V_data_47_V_read     | out |    1|   ap_fifo  |                data_stream_V_data_47_V               |    pointer   |
|data_stream_V_data_48_V_dout     |  in |   16|   ap_fifo  |                data_stream_V_data_48_V               |    pointer   |
|data_stream_V_data_48_V_empty_n  |  in |    1|   ap_fifo  |                data_stream_V_data_48_V               |    pointer   |
|data_stream_V_data_48_V_read     | out |    1|   ap_fifo  |                data_stream_V_data_48_V               |    pointer   |
|data_stream_V_data_49_V_dout     |  in |   16|   ap_fifo  |                data_stream_V_data_49_V               |    pointer   |
|data_stream_V_data_49_V_empty_n  |  in |    1|   ap_fifo  |                data_stream_V_data_49_V               |    pointer   |
|data_stream_V_data_49_V_read     | out |    1|   ap_fifo  |                data_stream_V_data_49_V               |    pointer   |
|data_stream_V_data_50_V_dout     |  in |   16|   ap_fifo  |                data_stream_V_data_50_V               |    pointer   |
|data_stream_V_data_50_V_empty_n  |  in |    1|   ap_fifo  |                data_stream_V_data_50_V               |    pointer   |
|data_stream_V_data_50_V_read     | out |    1|   ap_fifo  |                data_stream_V_data_50_V               |    pointer   |
|data_stream_V_data_51_V_dout     |  in |   16|   ap_fifo  |                data_stream_V_data_51_V               |    pointer   |
|data_stream_V_data_51_V_empty_n  |  in |    1|   ap_fifo  |                data_stream_V_data_51_V               |    pointer   |
|data_stream_V_data_51_V_read     | out |    1|   ap_fifo  |                data_stream_V_data_51_V               |    pointer   |
|data_stream_V_data_52_V_dout     |  in |   16|   ap_fifo  |                data_stream_V_data_52_V               |    pointer   |
|data_stream_V_data_52_V_empty_n  |  in |    1|   ap_fifo  |                data_stream_V_data_52_V               |    pointer   |
|data_stream_V_data_52_V_read     | out |    1|   ap_fifo  |                data_stream_V_data_52_V               |    pointer   |
|data_stream_V_data_53_V_dout     |  in |   16|   ap_fifo  |                data_stream_V_data_53_V               |    pointer   |
|data_stream_V_data_53_V_empty_n  |  in |    1|   ap_fifo  |                data_stream_V_data_53_V               |    pointer   |
|data_stream_V_data_53_V_read     | out |    1|   ap_fifo  |                data_stream_V_data_53_V               |    pointer   |
|data_stream_V_data_54_V_dout     |  in |   16|   ap_fifo  |                data_stream_V_data_54_V               |    pointer   |
|data_stream_V_data_54_V_empty_n  |  in |    1|   ap_fifo  |                data_stream_V_data_54_V               |    pointer   |
|data_stream_V_data_54_V_read     | out |    1|   ap_fifo  |                data_stream_V_data_54_V               |    pointer   |
|data_stream_V_data_55_V_dout     |  in |   16|   ap_fifo  |                data_stream_V_data_55_V               |    pointer   |
|data_stream_V_data_55_V_empty_n  |  in |    1|   ap_fifo  |                data_stream_V_data_55_V               |    pointer   |
|data_stream_V_data_55_V_read     | out |    1|   ap_fifo  |                data_stream_V_data_55_V               |    pointer   |
|data_stream_V_data_56_V_dout     |  in |   16|   ap_fifo  |                data_stream_V_data_56_V               |    pointer   |
|data_stream_V_data_56_V_empty_n  |  in |    1|   ap_fifo  |                data_stream_V_data_56_V               |    pointer   |
|data_stream_V_data_56_V_read     | out |    1|   ap_fifo  |                data_stream_V_data_56_V               |    pointer   |
|data_stream_V_data_57_V_dout     |  in |   16|   ap_fifo  |                data_stream_V_data_57_V               |    pointer   |
|data_stream_V_data_57_V_empty_n  |  in |    1|   ap_fifo  |                data_stream_V_data_57_V               |    pointer   |
|data_stream_V_data_57_V_read     | out |    1|   ap_fifo  |                data_stream_V_data_57_V               |    pointer   |
|data_stream_V_data_58_V_dout     |  in |   16|   ap_fifo  |                data_stream_V_data_58_V               |    pointer   |
|data_stream_V_data_58_V_empty_n  |  in |    1|   ap_fifo  |                data_stream_V_data_58_V               |    pointer   |
|data_stream_V_data_58_V_read     | out |    1|   ap_fifo  |                data_stream_V_data_58_V               |    pointer   |
|data_stream_V_data_59_V_dout     |  in |   16|   ap_fifo  |                data_stream_V_data_59_V               |    pointer   |
|data_stream_V_data_59_V_empty_n  |  in |    1|   ap_fifo  |                data_stream_V_data_59_V               |    pointer   |
|data_stream_V_data_59_V_read     | out |    1|   ap_fifo  |                data_stream_V_data_59_V               |    pointer   |
|data_stream_V_data_60_V_dout     |  in |   16|   ap_fifo  |                data_stream_V_data_60_V               |    pointer   |
|data_stream_V_data_60_V_empty_n  |  in |    1|   ap_fifo  |                data_stream_V_data_60_V               |    pointer   |
|data_stream_V_data_60_V_read     | out |    1|   ap_fifo  |                data_stream_V_data_60_V               |    pointer   |
|data_stream_V_data_61_V_dout     |  in |   16|   ap_fifo  |                data_stream_V_data_61_V               |    pointer   |
|data_stream_V_data_61_V_empty_n  |  in |    1|   ap_fifo  |                data_stream_V_data_61_V               |    pointer   |
|data_stream_V_data_61_V_read     | out |    1|   ap_fifo  |                data_stream_V_data_61_V               |    pointer   |
|data_stream_V_data_62_V_dout     |  in |   16|   ap_fifo  |                data_stream_V_data_62_V               |    pointer   |
|data_stream_V_data_62_V_empty_n  |  in |    1|   ap_fifo  |                data_stream_V_data_62_V               |    pointer   |
|data_stream_V_data_62_V_read     | out |    1|   ap_fifo  |                data_stream_V_data_62_V               |    pointer   |
|data_stream_V_data_63_V_dout     |  in |   16|   ap_fifo  |                data_stream_V_data_63_V               |    pointer   |
|data_stream_V_data_63_V_empty_n  |  in |    1|   ap_fifo  |                data_stream_V_data_63_V               |    pointer   |
|data_stream_V_data_63_V_read     | out |    1|   ap_fifo  |                data_stream_V_data_63_V               |    pointer   |
|res_stream_V_data_V_din          | out |   16|   ap_fifo  |                  res_stream_V_data_V                 |    pointer   |
|res_stream_V_data_V_full_n       |  in |    1|   ap_fifo  |                  res_stream_V_data_V                 |    pointer   |
|res_stream_V_data_V_write        | out |    1|   ap_fifo  |                  res_stream_V_data_V                 |    pointer   |
+---------------------------------+-----+-----+------------+------------------------------------------------------+--------------+

