

================================================================
== Vivado HLS Report for 'dense_wrapper_ap_fixed_ap_fixed_16_6_5_3_0_config12_s'
================================================================
* Date:           Tue Jan 17 16:00:08 2023

* Version:        2019.2 (Build 2704478 on Wed Nov 06 22:10:23 MST 2019)
* Project:        myproject_prj
* Solution:       solution1
* Product family: virtex7
* Target device:  xc7vx690t-ffg1761-2


================================================================
== Performance Estimates
================================================================
+ Timing: 
    * Summary: 
    +--------+---------+----------+------------+
    |  Clock |  Target | Estimated| Uncertainty|
    +--------+---------+----------+------------+
    |ap_clk  | 3.33 ns | 2.940 ns |   0.42 ns  |
    +--------+---------+----------+------------+

+ Latency: 
    * Summary: 
    +---------+---------+-----------+-----------+-----+-----+---------------------------------------------+
    |  Latency (cycles) |   Latency (absolute)  |  Interval |                   Pipeline                  |
    |   min   |   max   |    min    |    max    | min | max |                     Type                    |
    +---------+---------+-----------+-----------+-----+-----+---------------------------------------------+
    |       14|       15| 46.620 ns | 49.950 ns |    8|    8| loop rewind(delay=0 initiation interval(s)) |
    +---------+---------+-----------+-----------+-----+-----+---------------------------------------------+

    + Detail: 
        * Instance: 
        N/A

        * Loop: 
        +-------------+---------+---------+----------+-----------+-----------+------+----------+
        |             |  Latency (cycles) | Iteration|  Initiation Interval  | Trip |          |
        |  Loop Name  |   min   |   max   |  Latency |  achieved |   target  | Count| Pipelined|
        +-------------+---------+---------+----------+-----------+-----------+------+----------+
        |- ReuseLoop  |       14|       14|         8|          1|          1|     8|    yes   |
        +-------------+---------+---------+----------+-----------+-----------+------+----------+



================================================================
== Utilization Estimates
================================================================
* Summary: 
+-----------------+---------+-------+--------+--------+-----+
|       Name      | BRAM_18K| DSP48E|   FF   |   LUT  | URAM|
+-----------------+---------+-------+--------+--------+-----+
|DSP              |        -|      8|       -|       -|    -|
|Expression       |        -|      -|       0|     171|    -|
|FIFO             |        -|      -|       -|       -|    -|
|Instance         |        -|      -|       0|    2184|    -|
|Memory           |        0|      -|     122|      16|    -|
|Multiplexer      |        -|      -|       -|    2394|    -|
|Register         |        0|      -|    3771|      32|    -|
+-----------------+---------+-------+--------+--------+-----+
|Total            |        0|      8|    3893|    4797|    0|
+-----------------+---------+-------+--------+--------+-----+
|Available        |     2940|   3600|  866400|  433200|    0|
+-----------------+---------+-------+--------+--------+-----+
|Utilization (%)  |        0|   ~0  |   ~0   |       1|    0|
+-----------------+---------+-------+--------+--------+-----+

+ Detail: 
    * Instance: 
    +--------------------------------+--------------------------+---------+-------+---+-----+-----+
    |            Instance            |          Module          | BRAM_18K| DSP48E| FF| LUT | URAM|
    +--------------------------------+--------------------------+---------+-------+---+-----+-----+
    |myproject_mux_646_16_1_1_U3286  |myproject_mux_646_16_1_1  |        0|      0|  0|  273|    0|
    |myproject_mux_646_16_1_1_U3287  |myproject_mux_646_16_1_1  |        0|      0|  0|  273|    0|
    |myproject_mux_646_16_1_1_U3288  |myproject_mux_646_16_1_1  |        0|      0|  0|  273|    0|
    |myproject_mux_646_16_1_1_U3289  |myproject_mux_646_16_1_1  |        0|      0|  0|  273|    0|
    |myproject_mux_646_16_1_1_U3290  |myproject_mux_646_16_1_1  |        0|      0|  0|  273|    0|
    |myproject_mux_646_16_1_1_U3291  |myproject_mux_646_16_1_1  |        0|      0|  0|  273|    0|
    |myproject_mux_646_16_1_1_U3292  |myproject_mux_646_16_1_1  |        0|      0|  0|  273|    0|
    |myproject_mux_83_16_1_1_U3285   |myproject_mux_83_16_1_1   |        0|      0|  0|  273|    0|
    +--------------------------------+--------------------------+---------+-------+---+-----+-----+
    |Total                           |                          |        0|      0|  0| 2184|    0|
    +--------------------------------+--------------------------+---------+-------+---+-----+-----+

    * DSP48E: 
    +----------------------------------------+----------------------------------+-----------+
    |                Instance                |              Module              | Expression|
    +----------------------------------------+----------------------------------+-----------+
    |myproject_mul_mul_16s_10s_26_3_1_U3300  |myproject_mul_mul_16s_10s_26_3_1  |  i0 * i1  |
    |myproject_mul_mul_16s_16s_26_3_1_U3293  |myproject_mul_mul_16s_16s_26_3_1  |  i0 * i1  |
    |myproject_mul_mul_16s_16s_26_3_1_U3294  |myproject_mul_mul_16s_16s_26_3_1  |  i0 * i1  |
    |myproject_mul_mul_16s_16s_26_3_1_U3295  |myproject_mul_mul_16s_16s_26_3_1  |  i0 * i1  |
    |myproject_mul_mul_16s_16s_26_3_1_U3296  |myproject_mul_mul_16s_16s_26_3_1  |  i0 * i1  |
    |myproject_mul_mul_16s_16s_26_3_1_U3297  |myproject_mul_mul_16s_16s_26_3_1  |  i0 * i1  |
    |myproject_mul_mul_16s_16s_26_3_1_U3298  |myproject_mul_mul_16s_16s_26_3_1  |  i0 * i1  |
    |myproject_mul_mul_16s_16s_26_3_1_U3299  |myproject_mul_mul_16s_16s_26_3_1  |  i0 * i1  |
    +----------------------------------------+----------------------------------+-----------+

    * Memory: 
    +---------+-------------------------------------------------------------+---------+-----+----+-----+------+-----+------+-------------+
    |  Memory |                            Module                           | BRAM_18K|  FF | LUT| URAM| Words| Bits| Banks| W*Bits*Banks|
    +---------+-------------------------------------------------------------+---------+-----+----+-----+------+-----+------+-------------+
    |w12_V_U  |dense_wrapper_ap_fixed_ap_fixed_16_6_5_3_0_config12_s_w12_V  |        0|  122|  16|    0|     8|  122|     1|          976|
    +---------+-------------------------------------------------------------+---------+-----+----+-----+------+-----+------+-------------+
    |Total    |                                                             |        0|  122|  16|    0|     8|  122|     1|          976|
    +---------+-------------------------------------------------------------+---------+-----+----+-----+------+-----+------+-------------+

    * FIFO: 
    N/A

    * Expression: 
    +------------------------+----------+-------+---+----+------------+------------+
    |      Variable Name     | Operation| DSP48E| FF| LUT| Bitwidth P0| Bitwidth P1|
    +------------------------+----------+-------+---+----+------------+------------+
    |acc_0_V_fu_3543_p2      |     +    |      0|  0|  16|          16|          16|
    |add_ln703_1_fu_3509_p2  |     +    |      0|  0|  23|          16|          16|
    |add_ln703_2_fu_3525_p2  |     +    |      0|  0|  16|          16|          16|
    |add_ln703_3_fu_3530_p2  |     +    |      0|  0|  16|          16|          16|
    |add_ln703_4_fu_3515_p2  |     +    |      0|  0|  23|          16|          16|
    |add_ln703_5_fu_3534_p2  |     +    |      0|  0|  16|          16|          16|
    |add_ln703_6_fu_3539_p2  |     +    |      0|  0|  16|          16|          16|
    |add_ln703_fu_3521_p2    |     +    |      0|  0|  16|          16|          16|
    |w_index_fu_2322_p2      |     +    |      0|  0|  12|           1|           3|
    |ap_condition_45         |    and   |      0|  0|   2|           1|           1|
    |ap_condition_647        |    and   |      0|  0|   2|           1|           1|
    |ap_condition_653        |    and   |      0|  0|   2|           1|           1|
    |icmp_ln64_fu_2333_p2    |   icmp   |      0|  0|   9|           3|           2|
    |ap_enable_pp0           |    xor   |      0|  0|   2|           1|           2|
    +------------------------+----------+-------+---+----+------------+------------+
    |Total                   |          |      0|  0| 171|         136|         138|
    +------------------------+----------+-------+---+----+------------+------------+

    * Multiplexer: 
    +----------------------------------------------------+----+-----------+-----+-----------+
    |                        Name                        | LUT| Input Size| Bits| Total Bits|
    +----------------------------------------------------+----+-----------+-----+-----------+
    |ap_NS_fsm                                           |  15|          3|    1|          3|
    |ap_enable_reg_pp0_iter1                             |   9|          2|    1|          2|
    |ap_enable_reg_pp0_iter7                             |   9|          2|    1|          2|
    |ap_phi_mux_data_0_V_read14_phi_phi_fu_1544_p4       |   9|          2|   16|         32|
    |ap_phi_mux_data_0_V_read14_rewind_phi_fu_648_p6     |   9|          2|   16|         32|
    |ap_phi_mux_data_10_V_read24_phi_phi_fu_1664_p4      |   9|          2|   16|         32|
    |ap_phi_mux_data_10_V_read24_rewind_phi_fu_788_p6    |   9|          2|   16|         32|
    |ap_phi_mux_data_11_V_read25_phi_phi_fu_1676_p4      |   9|          2|   16|         32|
    |ap_phi_mux_data_11_V_read25_rewind_phi_fu_802_p6    |   9|          2|   16|         32|
    |ap_phi_mux_data_12_V_read26_phi_phi_fu_1688_p4      |   9|          2|   16|         32|
    |ap_phi_mux_data_12_V_read26_rewind_phi_fu_816_p6    |   9|          2|   16|         32|
    |ap_phi_mux_data_13_V_read27_phi_phi_fu_1700_p4      |   9|          2|   16|         32|
    |ap_phi_mux_data_13_V_read27_rewind_phi_fu_830_p6    |   9|          2|   16|         32|
    |ap_phi_mux_data_14_V_read28_phi_phi_fu_1712_p4      |   9|          2|   16|         32|
    |ap_phi_mux_data_14_V_read28_rewind_phi_fu_844_p6    |   9|          2|   16|         32|
    |ap_phi_mux_data_15_V_read29_phi_phi_fu_1724_p4      |   9|          2|   16|         32|
    |ap_phi_mux_data_15_V_read29_rewind_phi_fu_858_p6    |   9|          2|   16|         32|
    |ap_phi_mux_data_16_V_read30_phi_phi_fu_1736_p4      |   9|          2|   16|         32|
    |ap_phi_mux_data_16_V_read30_rewind_phi_fu_872_p6    |   9|          2|   16|         32|
    |ap_phi_mux_data_17_V_read31_phi_phi_fu_1748_p4      |   9|          2|   16|         32|
    |ap_phi_mux_data_17_V_read31_rewind_phi_fu_886_p6    |   9|          2|   16|         32|
    |ap_phi_mux_data_18_V_read32_phi_phi_fu_1760_p4      |   9|          2|   16|         32|
    |ap_phi_mux_data_18_V_read32_rewind_phi_fu_900_p6    |   9|          2|   16|         32|
    |ap_phi_mux_data_19_V_read33_phi_phi_fu_1772_p4      |   9|          2|   16|         32|
    |ap_phi_mux_data_19_V_read33_rewind_phi_fu_914_p6    |   9|          2|   16|         32|
    |ap_phi_mux_data_1_V_read15_phi_phi_fu_1556_p4       |   9|          2|   16|         32|
    |ap_phi_mux_data_1_V_read15_rewind_phi_fu_662_p6     |   9|          2|   16|         32|
    |ap_phi_mux_data_20_V_read34_phi_phi_fu_1784_p4      |   9|          2|   16|         32|
    |ap_phi_mux_data_20_V_read34_rewind_phi_fu_928_p6    |   9|          2|   16|         32|
    |ap_phi_mux_data_21_V_read35_phi_phi_fu_1796_p4      |   9|          2|   16|         32|
    |ap_phi_mux_data_21_V_read35_rewind_phi_fu_942_p6    |   9|          2|   16|         32|
    |ap_phi_mux_data_22_V_read36_phi_phi_fu_1808_p4      |   9|          2|   16|         32|
    |ap_phi_mux_data_22_V_read36_rewind_phi_fu_956_p6    |   9|          2|   16|         32|
    |ap_phi_mux_data_23_V_read37_phi_phi_fu_1820_p4      |   9|          2|   16|         32|
    |ap_phi_mux_data_23_V_read37_rewind_phi_fu_970_p6    |   9|          2|   16|         32|
    |ap_phi_mux_data_24_V_read38_phi_phi_fu_1832_p4      |   9|          2|   16|         32|
    |ap_phi_mux_data_24_V_read38_rewind_phi_fu_984_p6    |   9|          2|   16|         32|
    |ap_phi_mux_data_25_V_read39_phi_phi_fu_1844_p4      |   9|          2|   16|         32|
    |ap_phi_mux_data_25_V_read39_rewind_phi_fu_998_p6    |   9|          2|   16|         32|
    |ap_phi_mux_data_26_V_read40_phi_phi_fu_1856_p4      |   9|          2|   16|         32|
    |ap_phi_mux_data_26_V_read40_rewind_phi_fu_1012_p6   |   9|          2|   16|         32|
    |ap_phi_mux_data_27_V_read41_phi_phi_fu_1868_p4      |   9|          2|   16|         32|
    |ap_phi_mux_data_27_V_read41_rewind_phi_fu_1026_p6   |   9|          2|   16|         32|
    |ap_phi_mux_data_28_V_read42_phi_phi_fu_1880_p4      |   9|          2|   16|         32|
    |ap_phi_mux_data_28_V_read42_rewind_phi_fu_1040_p6   |   9|          2|   16|         32|
    |ap_phi_mux_data_29_V_read43_phi_phi_fu_1892_p4      |   9|          2|   16|         32|
    |ap_phi_mux_data_29_V_read43_rewind_phi_fu_1054_p6   |   9|          2|   16|         32|
    |ap_phi_mux_data_2_V_read16_phi_phi_fu_1568_p4       |   9|          2|   16|         32|
    |ap_phi_mux_data_2_V_read16_rewind_phi_fu_676_p6     |   9|          2|   16|         32|
    |ap_phi_mux_data_30_V_read44_phi_phi_fu_1904_p4      |   9|          2|   16|         32|
    |ap_phi_mux_data_30_V_read44_rewind_phi_fu_1068_p6   |   9|          2|   16|         32|
    |ap_phi_mux_data_31_V_read45_phi_phi_fu_1916_p4      |   9|          2|   16|         32|
    |ap_phi_mux_data_31_V_read45_rewind_phi_fu_1082_p6   |   9|          2|   16|         32|
    |ap_phi_mux_data_32_V_read46_phi_phi_fu_1928_p4      |   9|          2|   16|         32|
    |ap_phi_mux_data_32_V_read46_rewind_phi_fu_1096_p6   |   9|          2|   16|         32|
    |ap_phi_mux_data_33_V_read47_phi_phi_fu_1940_p4      |   9|          2|   16|         32|
    |ap_phi_mux_data_33_V_read47_rewind_phi_fu_1110_p6   |   9|          2|   16|         32|
    |ap_phi_mux_data_34_V_read48_phi_phi_fu_1952_p4      |   9|          2|   16|         32|
    |ap_phi_mux_data_34_V_read48_rewind_phi_fu_1124_p6   |   9|          2|   16|         32|
    |ap_phi_mux_data_35_V_read49_phi_phi_fu_1964_p4      |   9|          2|   16|         32|
    |ap_phi_mux_data_35_V_read49_rewind_phi_fu_1138_p6   |   9|          2|   16|         32|
    |ap_phi_mux_data_36_V_read50_phi_phi_fu_1976_p4      |   9|          2|   16|         32|
    |ap_phi_mux_data_36_V_read50_rewind_phi_fu_1152_p6   |   9|          2|   16|         32|
    |ap_phi_mux_data_37_V_read51_phi_phi_fu_1988_p4      |   9|          2|   16|         32|
    |ap_phi_mux_data_37_V_read51_rewind_phi_fu_1166_p6   |   9|          2|   16|         32|
    |ap_phi_mux_data_38_V_read52_phi_phi_fu_2000_p4      |   9|          2|   16|         32|
    |ap_phi_mux_data_38_V_read52_rewind_phi_fu_1180_p6   |   9|          2|   16|         32|
    |ap_phi_mux_data_39_V_read53_phi_phi_fu_2012_p4      |   9|          2|   16|         32|
    |ap_phi_mux_data_39_V_read53_rewind_phi_fu_1194_p6   |   9|          2|   16|         32|
    |ap_phi_mux_data_3_V_read17_phi_phi_fu_1580_p4       |   9|          2|   16|         32|
    |ap_phi_mux_data_3_V_read17_rewind_phi_fu_690_p6     |   9|          2|   16|         32|
    |ap_phi_mux_data_40_V_read54_phi_phi_fu_2024_p4      |   9|          2|   16|         32|
    |ap_phi_mux_data_40_V_read54_rewind_phi_fu_1208_p6   |   9|          2|   16|         32|
    |ap_phi_mux_data_41_V_read55_phi_phi_fu_2036_p4      |   9|          2|   16|         32|
    |ap_phi_mux_data_41_V_read55_rewind_phi_fu_1222_p6   |   9|          2|   16|         32|
    |ap_phi_mux_data_42_V_read56_phi_phi_fu_2048_p4      |   9|          2|   16|         32|
    |ap_phi_mux_data_42_V_read56_rewind_phi_fu_1236_p6   |   9|          2|   16|         32|
    |ap_phi_mux_data_43_V_read57_phi_phi_fu_2060_p4      |   9|          2|   16|         32|
    |ap_phi_mux_data_43_V_read57_rewind_phi_fu_1250_p6   |   9|          2|   16|         32|
    |ap_phi_mux_data_44_V_read58_phi_phi_fu_2072_p4      |   9|          2|   16|         32|
    |ap_phi_mux_data_44_V_read58_rewind_phi_fu_1264_p6   |   9|          2|   16|         32|
    |ap_phi_mux_data_45_V_read59_phi_phi_fu_2084_p4      |   9|          2|   16|         32|
    |ap_phi_mux_data_45_V_read59_rewind_phi_fu_1278_p6   |   9|          2|   16|         32|
    |ap_phi_mux_data_46_V_read60_phi_phi_fu_2096_p4      |   9|          2|   16|         32|
    |ap_phi_mux_data_46_V_read60_rewind_phi_fu_1292_p6   |   9|          2|   16|         32|
    |ap_phi_mux_data_47_V_read61_phi_phi_fu_2108_p4      |   9|          2|   16|         32|
    |ap_phi_mux_data_47_V_read61_rewind_phi_fu_1306_p6   |   9|          2|   16|         32|
    |ap_phi_mux_data_48_V_read62_phi_phi_fu_2120_p4      |   9|          2|   16|         32|
    |ap_phi_mux_data_48_V_read62_rewind_phi_fu_1320_p6   |   9|          2|   16|         32|
    |ap_phi_mux_data_49_V_read63_phi_phi_fu_2132_p4      |   9|          2|   16|         32|
    |ap_phi_mux_data_49_V_read63_rewind_phi_fu_1334_p6   |   9|          2|   16|         32|
    |ap_phi_mux_data_4_V_read18_phi_phi_fu_1592_p4       |   9|          2|   16|         32|
    |ap_phi_mux_data_4_V_read18_rewind_phi_fu_704_p6     |   9|          2|   16|         32|
    |ap_phi_mux_data_50_V_read64_phi_phi_fu_2144_p4      |   9|          2|   16|         32|
    |ap_phi_mux_data_50_V_read64_rewind_phi_fu_1348_p6   |   9|          2|   16|         32|
    |ap_phi_mux_data_51_V_read65_phi_phi_fu_2156_p4      |   9|          2|   16|         32|
    |ap_phi_mux_data_51_V_read65_rewind_phi_fu_1362_p6   |   9|          2|   16|         32|
    |ap_phi_mux_data_52_V_read66_phi_phi_fu_2168_p4      |   9|          2|   16|         32|
    |ap_phi_mux_data_52_V_read66_rewind_phi_fu_1376_p6   |   9|          2|   16|         32|
    |ap_phi_mux_data_53_V_read67_phi_phi_fu_2180_p4      |   9|          2|   16|         32|
    |ap_phi_mux_data_53_V_read67_rewind_phi_fu_1390_p6   |   9|          2|   16|         32|
    |ap_phi_mux_data_54_V_read68_phi_phi_fu_2192_p4      |   9|          2|   16|         32|
    |ap_phi_mux_data_54_V_read68_rewind_phi_fu_1404_p6   |   9|          2|   16|         32|
    |ap_phi_mux_data_55_V_read69_phi_phi_fu_2204_p4      |   9|          2|   16|         32|
    |ap_phi_mux_data_55_V_read69_rewind_phi_fu_1418_p6   |   9|          2|   16|         32|
    |ap_phi_mux_data_56_V_read70_phi_phi_fu_2216_p4      |   9|          2|   16|         32|
    |ap_phi_mux_data_56_V_read70_rewind_phi_fu_1432_p6   |   9|          2|   16|         32|
    |ap_phi_mux_data_57_V_read71_phi_phi_fu_2228_p4      |   9|          2|   16|         32|
    |ap_phi_mux_data_57_V_read71_rewind_phi_fu_1446_p6   |   9|          2|   16|         32|
    |ap_phi_mux_data_58_V_read72_phi_phi_fu_2240_p4      |   9|          2|   16|         32|
    |ap_phi_mux_data_58_V_read72_rewind_phi_fu_1460_p6   |   9|          2|   16|         32|
    |ap_phi_mux_data_59_V_read73_phi_phi_fu_2252_p4      |   9|          2|   16|         32|
    |ap_phi_mux_data_59_V_read73_rewind_phi_fu_1474_p6   |   9|          2|   16|         32|
    |ap_phi_mux_data_5_V_read19_phi_phi_fu_1604_p4       |   9|          2|   16|         32|
    |ap_phi_mux_data_5_V_read19_rewind_phi_fu_718_p6     |   9|          2|   16|         32|
    |ap_phi_mux_data_60_V_read74_phi_phi_fu_2264_p4      |   9|          2|   16|         32|
    |ap_phi_mux_data_60_V_read74_rewind_phi_fu_1488_p6   |   9|          2|   16|         32|
    |ap_phi_mux_data_61_V_read75_phi_phi_fu_2276_p4      |   9|          2|   16|         32|
    |ap_phi_mux_data_61_V_read75_rewind_phi_fu_1502_p6   |   9|          2|   16|         32|
    |ap_phi_mux_data_62_V_read76_phi_phi_fu_2288_p4      |   9|          2|   16|         32|
    |ap_phi_mux_data_62_V_read76_rewind_phi_fu_1516_p6   |   9|          2|   16|         32|
    |ap_phi_mux_data_63_V_read77_phi_phi_fu_2300_p4      |   9|          2|   16|         32|
    |ap_phi_mux_data_63_V_read77_rewind_phi_fu_1530_p6   |   9|          2|   16|         32|
    |ap_phi_mux_data_6_V_read20_phi_phi_fu_1616_p4       |   9|          2|   16|         32|
    |ap_phi_mux_data_6_V_read20_rewind_phi_fu_732_p6     |   9|          2|   16|         32|
    |ap_phi_mux_data_7_V_read21_phi_phi_fu_1628_p4       |   9|          2|   16|         32|
    |ap_phi_mux_data_7_V_read21_rewind_phi_fu_746_p6     |   9|          2|   16|         32|
    |ap_phi_mux_data_8_V_read22_phi_phi_fu_1640_p4       |   9|          2|   16|         32|
    |ap_phi_mux_data_8_V_read22_rewind_phi_fu_760_p6     |   9|          2|   16|         32|
    |ap_phi_mux_data_9_V_read23_phi_phi_fu_1652_p4       |   9|          2|   16|         32|
    |ap_phi_mux_data_9_V_read23_rewind_phi_fu_774_p6     |   9|          2|   16|         32|
    |ap_phi_mux_do_init_phi_fu_617_p6                    |  15|          3|    1|          3|
    |ap_phi_mux_w_index7_phi_fu_633_p6                   |  15|          3|    3|          9|
    |ap_phi_reg_pp0_iter1_data_0_V_read14_phi_reg_1540   |   9|          2|   16|         32|
    |ap_phi_reg_pp0_iter1_data_10_V_read24_phi_reg_1660  |   9|          2|   16|         32|
    |ap_phi_reg_pp0_iter1_data_11_V_read25_phi_reg_1672  |   9|          2|   16|         32|
    |ap_phi_reg_pp0_iter1_data_12_V_read26_phi_reg_1684  |   9|          2|   16|         32|
    |ap_phi_reg_pp0_iter1_data_13_V_read27_phi_reg_1696  |   9|          2|   16|         32|
    |ap_phi_reg_pp0_iter1_data_14_V_read28_phi_reg_1708  |   9|          2|   16|         32|
    |ap_phi_reg_pp0_iter1_data_15_V_read29_phi_reg_1720  |   9|          2|   16|         32|
    |ap_phi_reg_pp0_iter1_data_16_V_read30_phi_reg_1732  |   9|          2|   16|         32|
    |ap_phi_reg_pp0_iter1_data_17_V_read31_phi_reg_1744  |   9|          2|   16|         32|
    |ap_phi_reg_pp0_iter1_data_18_V_read32_phi_reg_1756  |   9|          2|   16|         32|
    |ap_phi_reg_pp0_iter1_data_19_V_read33_phi_reg_1768  |   9|          2|   16|         32|
    |ap_phi_reg_pp0_iter1_data_1_V_read15_phi_reg_1552   |   9|          2|   16|         32|
    |ap_phi_reg_pp0_iter1_data_20_V_read34_phi_reg_1780  |   9|          2|   16|         32|
    |ap_phi_reg_pp0_iter1_data_21_V_read35_phi_reg_1792  |   9|          2|   16|         32|
    |ap_phi_reg_pp0_iter1_data_22_V_read36_phi_reg_1804  |   9|          2|   16|         32|
    |ap_phi_reg_pp0_iter1_data_23_V_read37_phi_reg_1816  |   9|          2|   16|         32|
    |ap_phi_reg_pp0_iter1_data_24_V_read38_phi_reg_1828  |   9|          2|   16|         32|
    |ap_phi_reg_pp0_iter1_data_25_V_read39_phi_reg_1840  |   9|          2|   16|         32|
    |ap_phi_reg_pp0_iter1_data_26_V_read40_phi_reg_1852  |   9|          2|   16|         32|
    |ap_phi_reg_pp0_iter1_data_27_V_read41_phi_reg_1864  |   9|          2|   16|         32|
    |ap_phi_reg_pp0_iter1_data_28_V_read42_phi_reg_1876  |   9|          2|   16|         32|
    |ap_phi_reg_pp0_iter1_data_29_V_read43_phi_reg_1888  |   9|          2|   16|         32|
    |ap_phi_reg_pp0_iter1_data_2_V_read16_phi_reg_1564   |   9|          2|   16|         32|
    |ap_phi_reg_pp0_iter1_data_30_V_read44_phi_reg_1900  |   9|          2|   16|         32|
    |ap_phi_reg_pp0_iter1_data_31_V_read45_phi_reg_1912  |   9|          2|   16|         32|
    |ap_phi_reg_pp0_iter1_data_32_V_read46_phi_reg_1924  |   9|          2|   16|         32|
    |ap_phi_reg_pp0_iter1_data_33_V_read47_phi_reg_1936  |   9|          2|   16|         32|
    |ap_phi_reg_pp0_iter1_data_34_V_read48_phi_reg_1948  |   9|          2|   16|         32|
    |ap_phi_reg_pp0_iter1_data_35_V_read49_phi_reg_1960  |   9|          2|   16|         32|
    |ap_phi_reg_pp0_iter1_data_36_V_read50_phi_reg_1972  |   9|          2|   16|         32|
    |ap_phi_reg_pp0_iter1_data_37_V_read51_phi_reg_1984  |   9|          2|   16|         32|
    |ap_phi_reg_pp0_iter1_data_38_V_read52_phi_reg_1996  |   9|          2|   16|         32|
    |ap_phi_reg_pp0_iter1_data_39_V_read53_phi_reg_2008  |   9|          2|   16|         32|
    |ap_phi_reg_pp0_iter1_data_3_V_read17_phi_reg_1576   |   9|          2|   16|         32|
    |ap_phi_reg_pp0_iter1_data_40_V_read54_phi_reg_2020  |   9|          2|   16|         32|
    |ap_phi_reg_pp0_iter1_data_41_V_read55_phi_reg_2032  |   9|          2|   16|         32|
    |ap_phi_reg_pp0_iter1_data_42_V_read56_phi_reg_2044  |   9|          2|   16|         32|
    |ap_phi_reg_pp0_iter1_data_43_V_read57_phi_reg_2056  |   9|          2|   16|         32|
    |ap_phi_reg_pp0_iter1_data_44_V_read58_phi_reg_2068  |   9|          2|   16|         32|
    |ap_phi_reg_pp0_iter1_data_45_V_read59_phi_reg_2080  |   9|          2|   16|         32|
    |ap_phi_reg_pp0_iter1_data_46_V_read60_phi_reg_2092  |   9|          2|   16|         32|
    |ap_phi_reg_pp0_iter1_data_47_V_read61_phi_reg_2104  |   9|          2|   16|         32|
    |ap_phi_reg_pp0_iter1_data_48_V_read62_phi_reg_2116  |   9|          2|   16|         32|
    |ap_phi_reg_pp0_iter1_data_49_V_read63_phi_reg_2128  |   9|          2|   16|         32|
    |ap_phi_reg_pp0_iter1_data_4_V_read18_phi_reg_1588   |   9|          2|   16|         32|
    |ap_phi_reg_pp0_iter1_data_50_V_read64_phi_reg_2140  |   9|          2|   16|         32|
    |ap_phi_reg_pp0_iter1_data_51_V_read65_phi_reg_2152  |   9|          2|   16|         32|
    |ap_phi_reg_pp0_iter1_data_52_V_read66_phi_reg_2164  |   9|          2|   16|         32|
    |ap_phi_reg_pp0_iter1_data_53_V_read67_phi_reg_2176  |   9|          2|   16|         32|
    |ap_phi_reg_pp0_iter1_data_54_V_read68_phi_reg_2188  |   9|          2|   16|         32|
    |ap_phi_reg_pp0_iter1_data_55_V_read69_phi_reg_2200  |   9|          2|   16|         32|
    |ap_phi_reg_pp0_iter1_data_56_V_read70_phi_reg_2212  |   9|          2|   16|         32|
    |ap_phi_reg_pp0_iter1_data_57_V_read71_phi_reg_2224  |   9|          2|   16|         32|
    |ap_phi_reg_pp0_iter1_data_58_V_read72_phi_reg_2236  |   9|          2|   16|         32|
    |ap_phi_reg_pp0_iter1_data_59_V_read73_phi_reg_2248  |   9|          2|   16|         32|
    |ap_phi_reg_pp0_iter1_data_5_V_read19_phi_reg_1600   |   9|          2|   16|         32|
    |ap_phi_reg_pp0_iter1_data_60_V_read74_phi_reg_2260  |   9|          2|   16|         32|
    |ap_phi_reg_pp0_iter1_data_61_V_read75_phi_reg_2272  |   9|          2|   16|         32|
    |ap_phi_reg_pp0_iter1_data_62_V_read76_phi_reg_2284  |   9|          2|   16|         32|
    |ap_phi_reg_pp0_iter1_data_63_V_read77_phi_reg_2296  |   9|          2|   16|         32|
    |ap_phi_reg_pp0_iter1_data_6_V_read20_phi_reg_1612   |   9|          2|   16|         32|
    |ap_phi_reg_pp0_iter1_data_7_V_read21_phi_reg_1624   |   9|          2|   16|         32|
    |ap_phi_reg_pp0_iter1_data_8_V_read22_phi_reg_1636   |   9|          2|   16|         32|
    |ap_phi_reg_pp0_iter1_data_9_V_read23_phi_reg_1648   |   9|          2|   16|         32|
    |ap_return                                           |   9|          2|   16|         32|
    |data_0_V_read14_phi_reg_1540                        |   9|          2|   16|         32|
    |data_10_V_read24_phi_reg_1660                       |   9|          2|   16|         32|
    |data_11_V_read25_phi_reg_1672                       |   9|          2|   16|         32|
    |data_12_V_read26_phi_reg_1684                       |   9|          2|   16|         32|
    |data_13_V_read27_phi_reg_1696                       |   9|          2|   16|         32|
    |data_14_V_read28_phi_reg_1708                       |   9|          2|   16|         32|
    |data_15_V_read29_phi_reg_1720                       |   9|          2|   16|         32|
    |data_16_V_read30_phi_reg_1732                       |   9|          2|   16|         32|
    |data_17_V_read31_phi_reg_1744                       |   9|          2|   16|         32|
    |data_18_V_read32_phi_reg_1756                       |   9|          2|   16|         32|
    |data_19_V_read33_phi_reg_1768                       |   9|          2|   16|         32|
    |data_1_V_read15_phi_reg_1552                        |   9|          2|   16|         32|
    |data_20_V_read34_phi_reg_1780                       |   9|          2|   16|         32|
    |data_21_V_read35_phi_reg_1792                       |   9|          2|   16|         32|
    |data_22_V_read36_phi_reg_1804                       |   9|          2|   16|         32|
    |data_23_V_read37_phi_reg_1816                       |   9|          2|   16|         32|
    |data_24_V_read38_phi_reg_1828                       |   9|          2|   16|         32|
    |data_25_V_read39_phi_reg_1840                       |   9|          2|   16|         32|
    |data_26_V_read40_phi_reg_1852                       |   9|          2|   16|         32|
    |data_27_V_read41_phi_reg_1864                       |   9|          2|   16|         32|
    |data_28_V_read42_phi_reg_1876                       |   9|          2|   16|         32|
    |data_29_V_read43_phi_reg_1888                       |   9|          2|   16|         32|
    |data_2_V_read16_phi_reg_1564                        |   9|          2|   16|         32|
    |data_30_V_read44_phi_reg_1900                       |   9|          2|   16|         32|
    |data_31_V_read45_phi_reg_1912                       |   9|          2|   16|         32|
    |data_32_V_read46_phi_reg_1924                       |   9|          2|   16|         32|
    |data_33_V_read47_phi_reg_1936                       |   9|          2|   16|         32|
    |data_34_V_read48_phi_reg_1948                       |   9|          2|   16|         32|
    |data_35_V_read49_phi_reg_1960                       |   9|          2|   16|         32|
    |data_36_V_read50_phi_reg_1972                       |   9|          2|   16|         32|
    |data_37_V_read51_phi_reg_1984                       |   9|          2|   16|         32|
    |data_38_V_read52_phi_reg_1996                       |   9|          2|   16|         32|
    |data_39_V_read53_phi_reg_2008                       |   9|          2|   16|         32|
    |data_3_V_read17_phi_reg_1576                        |   9|          2|   16|         32|
    |data_40_V_read54_phi_reg_2020                       |   9|          2|   16|         32|
    |data_41_V_read55_phi_reg_2032                       |   9|          2|   16|         32|
    |data_42_V_read56_phi_reg_2044                       |   9|          2|   16|         32|
    |data_43_V_read57_phi_reg_2056                       |   9|          2|   16|         32|
    |data_44_V_read58_phi_reg_2068                       |   9|          2|   16|         32|
    |data_45_V_read59_phi_reg_2080                       |   9|          2|   16|         32|
    |data_46_V_read60_phi_reg_2092                       |   9|          2|   16|         32|
    |data_47_V_read61_phi_reg_2104                       |   9|          2|   16|         32|
    |data_48_V_read62_phi_reg_2116                       |   9|          2|   16|         32|
    |data_49_V_read63_phi_reg_2128                       |   9|          2|   16|         32|
    |data_4_V_read18_phi_reg_1588                        |   9|          2|   16|         32|
    |data_50_V_read64_phi_reg_2140                       |   9|          2|   16|         32|
    |data_51_V_read65_phi_reg_2152                       |   9|          2|   16|         32|
    |data_52_V_read66_phi_reg_2164                       |   9|          2|   16|         32|
    |data_53_V_read67_phi_reg_2176                       |   9|          2|   16|         32|
    |data_54_V_read68_phi_reg_2188                       |   9|          2|   16|         32|
    |data_55_V_read69_phi_reg_2200                       |   9|          2|   16|         32|
    |data_56_V_read70_phi_reg_2212                       |   9|          2|   16|         32|
    |data_57_V_read71_phi_reg_2224                       |   9|          2|   16|         32|
    |data_58_V_read72_phi_reg_2236                       |   9|          2|   16|         32|
    |data_59_V_read73_phi_reg_2248                       |   9|          2|   16|         32|
    |data_5_V_read19_phi_reg_1600                        |   9|          2|   16|         32|
    |data_60_V_read74_phi_reg_2260                       |   9|          2|   16|         32|
    |data_61_V_read75_phi_reg_2272                       |   9|          2|   16|         32|
    |data_62_V_read76_phi_reg_2284                       |   9|          2|   16|         32|
    |data_63_V_read77_phi_reg_2296                       |   9|          2|   16|         32|
    |data_6_V_read20_phi_reg_1612                        |   9|          2|   16|         32|
    |data_7_V_read21_phi_reg_1624                        |   9|          2|   16|         32|
    |data_8_V_read22_phi_reg_1636                        |   9|          2|   16|         32|
    |data_9_V_read23_phi_reg_1648                        |   9|          2|   16|         32|
    |res_V_write_assign5_reg_2308                        |   9|          2|   16|         32|
    |w_index7_reg_629                                    |   9|          2|    3|          6|
    +----------------------------------------------------+----+-----------+-----+-----------+
    |Total                                               |2394|        531| 4138|       8281|
    +----------------------------------------------------+----+-----------+-----+-----------+

    * Register: 
    +----------------------------------------------------+----+----+-----+-----------+
    |                        Name                        | FF | LUT| Bits| Const Bits|
    +----------------------------------------------------+----+----+-----+-----------+
    |add_ln703_1_reg_4155                                |  16|   0|   16|          0|
    |add_ln703_2_reg_4165                                |  16|   0|   16|          0|
    |add_ln703_4_reg_4160                                |  16|   0|   16|          0|
    |add_ln703_5_reg_4170                                |  16|   0|   16|          0|
    |ap_CS_fsm                                           |   2|   0|    2|          0|
    |ap_enable_reg_pp0_iter1                             |   1|   0|    1|          0|
    |ap_enable_reg_pp0_iter2                             |   1|   0|    1|          0|
    |ap_enable_reg_pp0_iter3                             |   1|   0|    1|          0|
    |ap_enable_reg_pp0_iter4                             |   1|   0|    1|          0|
    |ap_enable_reg_pp0_iter5                             |   1|   0|    1|          0|
    |ap_enable_reg_pp0_iter6                             |   1|   0|    1|          0|
    |ap_enable_reg_pp0_iter7                             |   1|   0|    1|          0|
    |ap_phi_reg_pp0_iter1_data_0_V_read14_phi_reg_1540   |  16|   0|   16|          0|
    |ap_phi_reg_pp0_iter1_data_10_V_read24_phi_reg_1660  |  16|   0|   16|          0|
    |ap_phi_reg_pp0_iter1_data_11_V_read25_phi_reg_1672  |  16|   0|   16|          0|
    |ap_phi_reg_pp0_iter1_data_12_V_read26_phi_reg_1684  |  16|   0|   16|          0|
    |ap_phi_reg_pp0_iter1_data_13_V_read27_phi_reg_1696  |  16|   0|   16|          0|
    |ap_phi_reg_pp0_iter1_data_14_V_read28_phi_reg_1708  |  16|   0|   16|          0|
    |ap_phi_reg_pp0_iter1_data_15_V_read29_phi_reg_1720  |  16|   0|   16|          0|
    |ap_phi_reg_pp0_iter1_data_16_V_read30_phi_reg_1732  |  16|   0|   16|          0|
    |ap_phi_reg_pp0_iter1_data_17_V_read31_phi_reg_1744  |  16|   0|   16|          0|
    |ap_phi_reg_pp0_iter1_data_18_V_read32_phi_reg_1756  |  16|   0|   16|          0|
    |ap_phi_reg_pp0_iter1_data_19_V_read33_phi_reg_1768  |  16|   0|   16|          0|
    |ap_phi_reg_pp0_iter1_data_1_V_read15_phi_reg_1552   |  16|   0|   16|          0|
    |ap_phi_reg_pp0_iter1_data_20_V_read34_phi_reg_1780  |  16|   0|   16|          0|
    |ap_phi_reg_pp0_iter1_data_21_V_read35_phi_reg_1792  |  16|   0|   16|          0|
    |ap_phi_reg_pp0_iter1_data_22_V_read36_phi_reg_1804  |  16|   0|   16|          0|
    |ap_phi_reg_pp0_iter1_data_23_V_read37_phi_reg_1816  |  16|   0|   16|          0|
    |ap_phi_reg_pp0_iter1_data_24_V_read38_phi_reg_1828  |  16|   0|   16|          0|
    |ap_phi_reg_pp0_iter1_data_25_V_read39_phi_reg_1840  |  16|   0|   16|          0|
    |ap_phi_reg_pp0_iter1_data_26_V_read40_phi_reg_1852  |  16|   0|   16|          0|
    |ap_phi_reg_pp0_iter1_data_27_V_read41_phi_reg_1864  |  16|   0|   16|          0|
    |ap_phi_reg_pp0_iter1_data_28_V_read42_phi_reg_1876  |  16|   0|   16|          0|
    |ap_phi_reg_pp0_iter1_data_29_V_read43_phi_reg_1888  |  16|   0|   16|          0|
    |ap_phi_reg_pp0_iter1_data_2_V_read16_phi_reg_1564   |  16|   0|   16|          0|
    |ap_phi_reg_pp0_iter1_data_30_V_read44_phi_reg_1900  |  16|   0|   16|          0|
    |ap_phi_reg_pp0_iter1_data_31_V_read45_phi_reg_1912  |  16|   0|   16|          0|
    |ap_phi_reg_pp0_iter1_data_32_V_read46_phi_reg_1924  |  16|   0|   16|          0|
    |ap_phi_reg_pp0_iter1_data_33_V_read47_phi_reg_1936  |  16|   0|   16|          0|
    |ap_phi_reg_pp0_iter1_data_34_V_read48_phi_reg_1948  |  16|   0|   16|          0|
    |ap_phi_reg_pp0_iter1_data_35_V_read49_phi_reg_1960  |  16|   0|   16|          0|
    |ap_phi_reg_pp0_iter1_data_36_V_read50_phi_reg_1972  |  16|   0|   16|          0|
    |ap_phi_reg_pp0_iter1_data_37_V_read51_phi_reg_1984  |  16|   0|   16|          0|
    |ap_phi_reg_pp0_iter1_data_38_V_read52_phi_reg_1996  |  16|   0|   16|          0|
    |ap_phi_reg_pp0_iter1_data_39_V_read53_phi_reg_2008  |  16|   0|   16|          0|
    |ap_phi_reg_pp0_iter1_data_3_V_read17_phi_reg_1576   |  16|   0|   16|          0|
    |ap_phi_reg_pp0_iter1_data_40_V_read54_phi_reg_2020  |  16|   0|   16|          0|
    |ap_phi_reg_pp0_iter1_data_41_V_read55_phi_reg_2032  |  16|   0|   16|          0|
    |ap_phi_reg_pp0_iter1_data_42_V_read56_phi_reg_2044  |  16|   0|   16|          0|
    |ap_phi_reg_pp0_iter1_data_43_V_read57_phi_reg_2056  |  16|   0|   16|          0|
    |ap_phi_reg_pp0_iter1_data_44_V_read58_phi_reg_2068  |  16|   0|   16|          0|
    |ap_phi_reg_pp0_iter1_data_45_V_read59_phi_reg_2080  |  16|   0|   16|          0|
    |ap_phi_reg_pp0_iter1_data_46_V_read60_phi_reg_2092  |  16|   0|   16|          0|
    |ap_phi_reg_pp0_iter1_data_47_V_read61_phi_reg_2104  |  16|   0|   16|          0|
    |ap_phi_reg_pp0_iter1_data_48_V_read62_phi_reg_2116  |  16|   0|   16|          0|
    |ap_phi_reg_pp0_iter1_data_49_V_read63_phi_reg_2128  |  16|   0|   16|          0|
    |ap_phi_reg_pp0_iter1_data_4_V_read18_phi_reg_1588   |  16|   0|   16|          0|
    |ap_phi_reg_pp0_iter1_data_50_V_read64_phi_reg_2140  |  16|   0|   16|          0|
    |ap_phi_reg_pp0_iter1_data_51_V_read65_phi_reg_2152  |  16|   0|   16|          0|
    |ap_phi_reg_pp0_iter1_data_52_V_read66_phi_reg_2164  |  16|   0|   16|          0|
    |ap_phi_reg_pp0_iter1_data_53_V_read67_phi_reg_2176  |  16|   0|   16|          0|
    |ap_phi_reg_pp0_iter1_data_54_V_read68_phi_reg_2188  |  16|   0|   16|          0|
    |ap_phi_reg_pp0_iter1_data_55_V_read69_phi_reg_2200  |  16|   0|   16|          0|
    |ap_phi_reg_pp0_iter1_data_56_V_read70_phi_reg_2212  |  16|   0|   16|          0|
    |ap_phi_reg_pp0_iter1_data_57_V_read71_phi_reg_2224  |  16|   0|   16|          0|
    |ap_phi_reg_pp0_iter1_data_58_V_read72_phi_reg_2236  |  16|   0|   16|          0|
    |ap_phi_reg_pp0_iter1_data_59_V_read73_phi_reg_2248  |  16|   0|   16|          0|
    |ap_phi_reg_pp0_iter1_data_5_V_read19_phi_reg_1600   |  16|   0|   16|          0|
    |ap_phi_reg_pp0_iter1_data_60_V_read74_phi_reg_2260  |  16|   0|   16|          0|
    |ap_phi_reg_pp0_iter1_data_61_V_read75_phi_reg_2272  |  16|   0|   16|          0|
    |ap_phi_reg_pp0_iter1_data_62_V_read76_phi_reg_2284  |  16|   0|   16|          0|
    |ap_phi_reg_pp0_iter1_data_63_V_read77_phi_reg_2296  |  16|   0|   16|          0|
    |ap_phi_reg_pp0_iter1_data_6_V_read20_phi_reg_1612   |  16|   0|   16|          0|
    |ap_phi_reg_pp0_iter1_data_7_V_read21_phi_reg_1624   |  16|   0|   16|          0|
    |ap_phi_reg_pp0_iter1_data_8_V_read22_phi_reg_1636   |  16|   0|   16|          0|
    |ap_phi_reg_pp0_iter1_data_9_V_read23_phi_reg_1648   |  16|   0|   16|          0|
    |ap_return_preg                                      |  16|   0|   16|          0|
    |data_0_V_read14_phi_reg_1540                        |  16|   0|   16|          0|
    |data_0_V_read14_rewind_reg_644                      |  16|   0|   16|          0|
    |data_10_V_read24_phi_reg_1660                       |  16|   0|   16|          0|
    |data_10_V_read24_rewind_reg_784                     |  16|   0|   16|          0|
    |data_11_V_read25_phi_reg_1672                       |  16|   0|   16|          0|
    |data_11_V_read25_rewind_reg_798                     |  16|   0|   16|          0|
    |data_12_V_read26_phi_reg_1684                       |  16|   0|   16|          0|
    |data_12_V_read26_rewind_reg_812                     |  16|   0|   16|          0|
    |data_13_V_read27_phi_reg_1696                       |  16|   0|   16|          0|
    |data_13_V_read27_rewind_reg_826                     |  16|   0|   16|          0|
    |data_14_V_read28_phi_reg_1708                       |  16|   0|   16|          0|
    |data_14_V_read28_rewind_reg_840                     |  16|   0|   16|          0|
    |data_15_V_read29_phi_reg_1720                       |  16|   0|   16|          0|
    |data_15_V_read29_rewind_reg_854                     |  16|   0|   16|          0|
    |data_16_V_read30_phi_reg_1732                       |  16|   0|   16|          0|
    |data_16_V_read30_rewind_reg_868                     |  16|   0|   16|          0|
    |data_17_V_read31_phi_reg_1744                       |  16|   0|   16|          0|
    |data_17_V_read31_rewind_reg_882                     |  16|   0|   16|          0|
    |data_18_V_read32_phi_reg_1756                       |  16|   0|   16|          0|
    |data_18_V_read32_rewind_reg_896                     |  16|   0|   16|          0|
    |data_19_V_read33_phi_reg_1768                       |  16|   0|   16|          0|
    |data_19_V_read33_rewind_reg_910                     |  16|   0|   16|          0|
    |data_1_V_read15_phi_reg_1552                        |  16|   0|   16|          0|
    |data_1_V_read15_rewind_reg_658                      |  16|   0|   16|          0|
    |data_20_V_read34_phi_reg_1780                       |  16|   0|   16|          0|
    |data_20_V_read34_rewind_reg_924                     |  16|   0|   16|          0|
    |data_21_V_read35_phi_reg_1792                       |  16|   0|   16|          0|
    |data_21_V_read35_rewind_reg_938                     |  16|   0|   16|          0|
    |data_22_V_read36_phi_reg_1804                       |  16|   0|   16|          0|
    |data_22_V_read36_rewind_reg_952                     |  16|   0|   16|          0|
    |data_23_V_read37_phi_reg_1816                       |  16|   0|   16|          0|
    |data_23_V_read37_rewind_reg_966                     |  16|   0|   16|          0|
    |data_24_V_read38_phi_reg_1828                       |  16|   0|   16|          0|
    |data_24_V_read38_rewind_reg_980                     |  16|   0|   16|          0|
    |data_25_V_read39_phi_reg_1840                       |  16|   0|   16|          0|
    |data_25_V_read39_rewind_reg_994                     |  16|   0|   16|          0|
    |data_26_V_read40_phi_reg_1852                       |  16|   0|   16|          0|
    |data_26_V_read40_rewind_reg_1008                    |  16|   0|   16|          0|
    |data_27_V_read41_phi_reg_1864                       |  16|   0|   16|          0|
    |data_27_V_read41_rewind_reg_1022                    |  16|   0|   16|          0|
    |data_28_V_read42_phi_reg_1876                       |  16|   0|   16|          0|
    |data_28_V_read42_rewind_reg_1036                    |  16|   0|   16|          0|
    |data_29_V_read43_phi_reg_1888                       |  16|   0|   16|          0|
    |data_29_V_read43_rewind_reg_1050                    |  16|   0|   16|          0|
    |data_2_V_read16_phi_reg_1564                        |  16|   0|   16|          0|
    |data_2_V_read16_rewind_reg_672                      |  16|   0|   16|          0|
    |data_30_V_read44_phi_reg_1900                       |  16|   0|   16|          0|
    |data_30_V_read44_rewind_reg_1064                    |  16|   0|   16|          0|
    |data_31_V_read45_phi_reg_1912                       |  16|   0|   16|          0|
    |data_31_V_read45_rewind_reg_1078                    |  16|   0|   16|          0|
    |data_32_V_read46_phi_reg_1924                       |  16|   0|   16|          0|
    |data_32_V_read46_rewind_reg_1092                    |  16|   0|   16|          0|
    |data_33_V_read47_phi_reg_1936                       |  16|   0|   16|          0|
    |data_33_V_read47_rewind_reg_1106                    |  16|   0|   16|          0|
    |data_34_V_read48_phi_reg_1948                       |  16|   0|   16|          0|
    |data_34_V_read48_rewind_reg_1120                    |  16|   0|   16|          0|
    |data_35_V_read49_phi_reg_1960                       |  16|   0|   16|          0|
    |data_35_V_read49_rewind_reg_1134                    |  16|   0|   16|          0|
    |data_36_V_read50_phi_reg_1972                       |  16|   0|   16|          0|
    |data_36_V_read50_rewind_reg_1148                    |  16|   0|   16|          0|
    |data_37_V_read51_phi_reg_1984                       |  16|   0|   16|          0|
    |data_37_V_read51_rewind_reg_1162                    |  16|   0|   16|          0|
    |data_38_V_read52_phi_reg_1996                       |  16|   0|   16|          0|
    |data_38_V_read52_rewind_reg_1176                    |  16|   0|   16|          0|
    |data_39_V_read53_phi_reg_2008                       |  16|   0|   16|          0|
    |data_39_V_read53_rewind_reg_1190                    |  16|   0|   16|          0|
    |data_3_V_read17_phi_reg_1576                        |  16|   0|   16|          0|
    |data_3_V_read17_rewind_reg_686                      |  16|   0|   16|          0|
    |data_40_V_read54_phi_reg_2020                       |  16|   0|   16|          0|
    |data_40_V_read54_rewind_reg_1204                    |  16|   0|   16|          0|
    |data_41_V_read55_phi_reg_2032                       |  16|   0|   16|          0|
    |data_41_V_read55_rewind_reg_1218                    |  16|   0|   16|          0|
    |data_42_V_read56_phi_reg_2044                       |  16|   0|   16|          0|
    |data_42_V_read56_rewind_reg_1232                    |  16|   0|   16|          0|
    |data_43_V_read57_phi_reg_2056                       |  16|   0|   16|          0|
    |data_43_V_read57_rewind_reg_1246                    |  16|   0|   16|          0|
    |data_44_V_read58_phi_reg_2068                       |  16|   0|   16|          0|
    |data_44_V_read58_rewind_reg_1260                    |  16|   0|   16|          0|
    |data_45_V_read59_phi_reg_2080                       |  16|   0|   16|          0|
    |data_45_V_read59_rewind_reg_1274                    |  16|   0|   16|          0|
    |data_46_V_read60_phi_reg_2092                       |  16|   0|   16|          0|
    |data_46_V_read60_rewind_reg_1288                    |  16|   0|   16|          0|
    |data_47_V_read61_phi_reg_2104                       |  16|   0|   16|          0|
    |data_47_V_read61_rewind_reg_1302                    |  16|   0|   16|          0|
    |data_48_V_read62_phi_reg_2116                       |  16|   0|   16|          0|
    |data_48_V_read62_rewind_reg_1316                    |  16|   0|   16|          0|
    |data_49_V_read63_phi_reg_2128                       |  16|   0|   16|          0|
    |data_49_V_read63_rewind_reg_1330                    |  16|   0|   16|          0|
    |data_4_V_read18_phi_reg_1588                        |  16|   0|   16|          0|
    |data_4_V_read18_rewind_reg_700                      |  16|   0|   16|          0|
    |data_50_V_read64_phi_reg_2140                       |  16|   0|   16|          0|
    |data_50_V_read64_rewind_reg_1344                    |  16|   0|   16|          0|
    |data_51_V_read65_phi_reg_2152                       |  16|   0|   16|          0|
    |data_51_V_read65_rewind_reg_1358                    |  16|   0|   16|          0|
    |data_52_V_read66_phi_reg_2164                       |  16|   0|   16|          0|
    |data_52_V_read66_rewind_reg_1372                    |  16|   0|   16|          0|
    |data_53_V_read67_phi_reg_2176                       |  16|   0|   16|          0|
    |data_53_V_read67_rewind_reg_1386                    |  16|   0|   16|          0|
    |data_54_V_read68_phi_reg_2188                       |  16|   0|   16|          0|
    |data_54_V_read68_rewind_reg_1400                    |  16|   0|   16|          0|
    |data_55_V_read69_phi_reg_2200                       |  16|   0|   16|          0|
    |data_55_V_read69_rewind_reg_1414                    |  16|   0|   16|          0|
    |data_56_V_read70_phi_reg_2212                       |  16|   0|   16|          0|
    |data_56_V_read70_rewind_reg_1428                    |  16|   0|   16|          0|
    |data_57_V_read71_phi_reg_2224                       |  16|   0|   16|          0|
    |data_57_V_read71_rewind_reg_1442                    |  16|   0|   16|          0|
    |data_58_V_read72_phi_reg_2236                       |  16|   0|   16|          0|
    |data_58_V_read72_rewind_reg_1456                    |  16|   0|   16|          0|
    |data_59_V_read73_phi_reg_2248                       |  16|   0|   16|          0|
    |data_59_V_read73_rewind_reg_1470                    |  16|   0|   16|          0|
    |data_5_V_read19_phi_reg_1600                        |  16|   0|   16|          0|
    |data_5_V_read19_rewind_reg_714                      |  16|   0|   16|          0|
    |data_60_V_read74_phi_reg_2260                       |  16|   0|   16|          0|
    |data_60_V_read74_rewind_reg_1484                    |  16|   0|   16|          0|
    |data_61_V_read75_phi_reg_2272                       |  16|   0|   16|          0|
    |data_61_V_read75_rewind_reg_1498                    |  16|   0|   16|          0|
    |data_62_V_read76_phi_reg_2284                       |  16|   0|   16|          0|
    |data_62_V_read76_rewind_reg_1512                    |  16|   0|   16|          0|
    |data_63_V_read77_phi_reg_2296                       |  16|   0|   16|          0|
    |data_63_V_read77_rewind_reg_1526                    |  16|   0|   16|          0|
    |data_6_V_read20_phi_reg_1612                        |  16|   0|   16|          0|
    |data_6_V_read20_rewind_reg_728                      |  16|   0|   16|          0|
    |data_7_V_read21_phi_reg_1624                        |  16|   0|   16|          0|
    |data_7_V_read21_rewind_reg_742                      |  16|   0|   16|          0|
    |data_8_V_read22_phi_reg_1636                        |  16|   0|   16|          0|
    |data_8_V_read22_rewind_reg_756                      |  16|   0|   16|          0|
    |data_9_V_read23_phi_reg_1648                        |  16|   0|   16|          0|
    |data_9_V_read23_rewind_reg_770                      |  16|   0|   16|          0|
    |do_init_reg_613                                     |   1|   0|    1|          0|
    |icmp_ln64_reg_3931                                  |   1|   0|    1|          0|
    |mul_ln1118_1_reg_4100                               |  26|   0|   26|          0|
    |mul_ln1118_2_reg_4105                               |  26|   0|   26|          0|
    |mul_ln1118_3_reg_4110                               |  26|   0|   26|          0|
    |mul_ln1118_4_reg_4115                               |  26|   0|   26|          0|
    |mul_ln1118_5_reg_4120                               |  26|   0|   26|          0|
    |mul_ln1118_6_reg_4125                               |  26|   0|   26|          0|
    |mul_ln1118_7_reg_4130                               |  26|   0|   26|          0|
    |mul_ln1118_reg_4095                                 |  26|   0|   26|          0|
    |phi_ln76_1_reg_3945                                 |  16|   0|   16|          0|
    |phi_ln76_2_reg_3955                                 |  16|   0|   16|          0|
    |phi_ln76_3_reg_3965                                 |  16|   0|   16|          0|
    |phi_ln76_4_reg_3975                                 |  16|   0|   16|          0|
    |phi_ln76_5_reg_3985                                 |  16|   0|   16|          0|
    |phi_ln76_6_reg_3995                                 |  16|   0|   16|          0|
    |phi_ln76_7_reg_4005                                 |  16|   0|   16|          0|
    |phi_ln_reg_3935                                     |  16|   0|   16|          0|
    |res_V_write_assign5_reg_2308                        |  16|   0|   16|          0|
    |tmp_1_reg_3950                                      |  16|   0|   16|          0|
    |tmp_2_reg_3960                                      |  16|   0|   16|          0|
    |tmp_3_reg_3970                                      |  16|   0|   16|          0|
    |tmp_4_reg_3980                                      |  16|   0|   16|          0|
    |tmp_5_reg_3990                                      |  16|   0|   16|          0|
    |tmp_6_reg_4000                                      |  16|   0|   16|          0|
    |tmp_7_reg_4010                                      |  10|   0|   10|          0|
    |trunc_ln708_1_reg_4140                              |  16|   0|   16|          0|
    |trunc_ln708_4_reg_4145                              |  16|   0|   16|          0|
    |trunc_ln708_5_reg_4150                              |  16|   0|   16|          0|
    |trunc_ln76_reg_3940                                 |  16|   0|   16|          0|
    |trunc_ln_reg_4135                                   |  16|   0|   16|          0|
    |w_index7_reg_629                                    |   3|   0|    3|          0|
    |w_index_reg_3921                                    |   3|   0|    3|          0|
    |icmp_ln64_reg_3931                                  |  64|  32|    1|          0|
    +----------------------------------------------------+----+----+-----+-----------+
    |Total                                               |3771|  32| 3708|          0|
    +----------------------------------------------------+----+----+-----+-----------+



================================================================
== Interface
================================================================
* Summary: 
+----------------+-----+-----+------------+-------------------------------------------------------+--------------+
|    RTL Ports   | Dir | Bits|  Protocol  |                     Source Object                     |    C Type    |
+----------------+-----+-----+------------+-------------------------------------------------------+--------------+
|ap_clk          |  in |    1| ap_ctrl_hs | dense_wrapper<ap_fixed,ap_fixed<16,6,5,3,0>,config12> | return value |
|ap_rst          |  in |    1| ap_ctrl_hs | dense_wrapper<ap_fixed,ap_fixed<16,6,5,3,0>,config12> | return value |
|ap_start        |  in |    1| ap_ctrl_hs | dense_wrapper<ap_fixed,ap_fixed<16,6,5,3,0>,config12> | return value |
|ap_done         | out |    1| ap_ctrl_hs | dense_wrapper<ap_fixed,ap_fixed<16,6,5,3,0>,config12> | return value |
|ap_idle         | out |    1| ap_ctrl_hs | dense_wrapper<ap_fixed,ap_fixed<16,6,5,3,0>,config12> | return value |
|ap_ready        | out |    1| ap_ctrl_hs | dense_wrapper<ap_fixed,ap_fixed<16,6,5,3,0>,config12> | return value |
|ap_return       | out |   16| ap_ctrl_hs | dense_wrapper<ap_fixed,ap_fixed<16,6,5,3,0>,config12> | return value |
|data_0_V_read   |  in |   16|   ap_none  |                     data_0_V_read                     |    scalar    |
|data_1_V_read   |  in |   16|   ap_none  |                     data_1_V_read                     |    scalar    |
|data_2_V_read   |  in |   16|   ap_none  |                     data_2_V_read                     |    scalar    |
|data_3_V_read   |  in |   16|   ap_none  |                     data_3_V_read                     |    scalar    |
|data_4_V_read   |  in |   16|   ap_none  |                     data_4_V_read                     |    scalar    |
|data_5_V_read   |  in |   16|   ap_none  |                     data_5_V_read                     |    scalar    |
|data_6_V_read   |  in |   16|   ap_none  |                     data_6_V_read                     |    scalar    |
|data_7_V_read   |  in |   16|   ap_none  |                     data_7_V_read                     |    scalar    |
|data_8_V_read   |  in |   16|   ap_none  |                     data_8_V_read                     |    scalar    |
|data_9_V_read   |  in |   16|   ap_none  |                     data_9_V_read                     |    scalar    |
|data_10_V_read  |  in |   16|   ap_none  |                     data_10_V_read                    |    scalar    |
|data_11_V_read  |  in |   16|   ap_none  |                     data_11_V_read                    |    scalar    |
|data_12_V_read  |  in |   16|   ap_none  |                     data_12_V_read                    |    scalar    |
|data_13_V_read  |  in |   16|   ap_none  |                     data_13_V_read                    |    scalar    |
|data_14_V_read  |  in |   16|   ap_none  |                     data_14_V_read                    |    scalar    |
|data_15_V_read  |  in |   16|   ap_none  |                     data_15_V_read                    |    scalar    |
|data_16_V_read  |  in |   16|   ap_none  |                     data_16_V_read                    |    scalar    |
|data_17_V_read  |  in |   16|   ap_none  |                     data_17_V_read                    |    scalar    |
|data_18_V_read  |  in |   16|   ap_none  |                     data_18_V_read                    |    scalar    |
|data_19_V_read  |  in |   16|   ap_none  |                     data_19_V_read                    |    scalar    |
|data_20_V_read  |  in |   16|   ap_none  |                     data_20_V_read                    |    scalar    |
|data_21_V_read  |  in |   16|   ap_none  |                     data_21_V_read                    |    scalar    |
|data_22_V_read  |  in |   16|   ap_none  |                     data_22_V_read                    |    scalar    |
|data_23_V_read  |  in |   16|   ap_none  |                     data_23_V_read                    |    scalar    |
|data_24_V_read  |  in |   16|   ap_none  |                     data_24_V_read                    |    scalar    |
|data_25_V_read  |  in |   16|   ap_none  |                     data_25_V_read                    |    scalar    |
|data_26_V_read  |  in |   16|   ap_none  |                     data_26_V_read                    |    scalar    |
|data_27_V_read  |  in |   16|   ap_none  |                     data_27_V_read                    |    scalar    |
|data_28_V_read  |  in |   16|   ap_none  |                     data_28_V_read                    |    scalar    |
|data_29_V_read  |  in |   16|   ap_none  |                     data_29_V_read                    |    scalar    |
|data_30_V_read  |  in |   16|   ap_none  |                     data_30_V_read                    |    scalar    |
|data_31_V_read  |  in |   16|   ap_none  |                     data_31_V_read                    |    scalar    |
|data_32_V_read  |  in |   16|   ap_none  |                     data_32_V_read                    |    scalar    |
|data_33_V_read  |  in |   16|   ap_none  |                     data_33_V_read                    |    scalar    |
|data_34_V_read  |  in |   16|   ap_none  |                     data_34_V_read                    |    scalar    |
|data_35_V_read  |  in |   16|   ap_none  |                     data_35_V_read                    |    scalar    |
|data_36_V_read  |  in |   16|   ap_none  |                     data_36_V_read                    |    scalar    |
|data_37_V_read  |  in |   16|   ap_none  |                     data_37_V_read                    |    scalar    |
|data_38_V_read  |  in |   16|   ap_none  |                     data_38_V_read                    |    scalar    |
|data_39_V_read  |  in |   16|   ap_none  |                     data_39_V_read                    |    scalar    |
|data_40_V_read  |  in |   16|   ap_none  |                     data_40_V_read                    |    scalar    |
|data_41_V_read  |  in |   16|   ap_none  |                     data_41_V_read                    |    scalar    |
|data_42_V_read  |  in |   16|   ap_none  |                     data_42_V_read                    |    scalar    |
|data_43_V_read  |  in |   16|   ap_none  |                     data_43_V_read                    |    scalar    |
|data_44_V_read  |  in |   16|   ap_none  |                     data_44_V_read                    |    scalar    |
|data_45_V_read  |  in |   16|   ap_none  |                     data_45_V_read                    |    scalar    |
|data_46_V_read  |  in |   16|   ap_none  |                     data_46_V_read                    |    scalar    |
|data_47_V_read  |  in |   16|   ap_none  |                     data_47_V_read                    |    scalar    |
|data_48_V_read  |  in |   16|   ap_none  |                     data_48_V_read                    |    scalar    |
|data_49_V_read  |  in |   16|   ap_none  |                     data_49_V_read                    |    scalar    |
|data_50_V_read  |  in |   16|   ap_none  |                     data_50_V_read                    |    scalar    |
|data_51_V_read  |  in |   16|   ap_none  |                     data_51_V_read                    |    scalar    |
|data_52_V_read  |  in |   16|   ap_none  |                     data_52_V_read                    |    scalar    |
|data_53_V_read  |  in |   16|   ap_none  |                     data_53_V_read                    |    scalar    |
|data_54_V_read  |  in |   16|   ap_none  |                     data_54_V_read                    |    scalar    |
|data_55_V_read  |  in |   16|   ap_none  |                     data_55_V_read                    |    scalar    |
|data_56_V_read  |  in |   16|   ap_none  |                     data_56_V_read                    |    scalar    |
|data_57_V_read  |  in |   16|   ap_none  |                     data_57_V_read                    |    scalar    |
|data_58_V_read  |  in |   16|   ap_none  |                     data_58_V_read                    |    scalar    |
|data_59_V_read  |  in |   16|   ap_none  |                     data_59_V_read                    |    scalar    |
|data_60_V_read  |  in |   16|   ap_none  |                     data_60_V_read                    |    scalar    |
|data_61_V_read  |  in |   16|   ap_none  |                     data_61_V_read                    |    scalar    |
|data_62_V_read  |  in |   16|   ap_none  |                     data_62_V_read                    |    scalar    |
|data_63_V_read  |  in |   16|   ap_none  |                     data_63_V_read                    |    scalar    |
+----------------+-----+-----+------------+-------------------------------------------------------+--------------+

