

================================================================
== Vivado HLS Report for 'relu_array_array_ap_fixed_64u_relu_config9_s'
================================================================
* Date:           Tue Jan 17 16:00:00 2023

* Version:        2019.2 (Build 2704478 on Wed Nov 06 22:10:23 MST 2019)
* Project:        myproject_prj
* Solution:       solution1
* Product family: virtex7
* Target device:  xc7vx690t-ffg1761-2


================================================================
== Performance Estimates
================================================================
+ Timing: 
    * Summary: 
    +--------+---------+----------+------------+
    |  Clock |  Target | Estimated| Uncertainty|
    +--------+---------+----------+------------+
    |ap_clk  | 3.33 ns | 2.638 ns |   0.42 ns  |
    +--------+---------+----------+------------+

+ Latency: 
    * Summary: 
    +---------+---------+-----------+-----------+-----+-----+---------+
    |  Latency (cycles) |   Latency (absolute)  |  Interval | Pipeline|
    |   min   |   max   |    min    |    max    | min | max |   Type  |
    +---------+---------+-----------+-----------+-----+-----+---------+
    |        6|        6| 19.980 ns | 19.980 ns |    6|    6|   none  |
    +---------+---------+-----------+-----------+-----+-----+---------+

    + Detail: 
        * Instance: 
        N/A

        * Loop: 
        +---------------+---------+---------+----------+-----------+-----------+------+----------+
        |               |  Latency (cycles) | Iteration|  Initiation Interval  | Trip |          |
        |   Loop Name   |   min   |   max   |  Latency |  achieved |   target  | Count| Pipelined|
        +---------------+---------+---------+----------+-----------+-----------+------+----------+
        |- ReLUActLoop  |        4|        4|         3|          1|          1|     3|    yes   |
        +---------------+---------+---------+----------+-----------+-----------+------+----------+



================================================================
== Utilization Estimates
================================================================
* Summary: 
+-----------------+---------+-------+--------+--------+-----+
|       Name      | BRAM_18K| DSP48E|   FF   |   LUT  | URAM|
+-----------------+---------+-------+--------+--------+-----+
|DSP              |        -|      -|       -|       -|    -|
|Expression       |        -|      -|       0|    1890|    -|
|FIFO             |        -|      -|       -|       -|    -|
|Instance         |        -|      -|       -|       -|    -|
|Memory           |        -|      -|       -|       -|    -|
|Multiplexer      |        -|      -|       -|    1218|    -|
|Register         |        -|      -|    1100|       -|    -|
+-----------------+---------+-------+--------+--------+-----+
|Total            |        0|      0|    1100|    3108|    0|
+-----------------+---------+-------+--------+--------+-----+
|Available        |     2940|   3600|  866400|  433200|    0|
+-----------------+---------+-------+--------+--------+-----+
|Utilization (%)  |        0|      0|   ~0   |   ~0   |    0|
+-----------------+---------+-------+--------+--------+-----+

+ Detail: 
    * Instance: 
    N/A

    * DSP48E: 
    N/A

    * Memory: 
    N/A

    * FIFO: 
    N/A

    * Expression: 
    +----------------------------------+----------+-------+---+----+------------+------------+
    |           Variable Name          | Operation| DSP48E| FF| LUT| Bitwidth P0| Bitwidth P1|
    +----------------------------------+----------+-------+---+----+------------+------------+
    |i_fu_2179_p2                      |     +    |      0|  0|  10|           2|           1|
    |ap_block_state3_pp0_stage0_iter1  |    and   |      0|  0|   2|           1|           1|
    |ap_block_state4_pp0_stage0_iter2  |    and   |      0|  0|   2|           1|           1|
    |io_acc_block_signal_op140         |    and   |      0|  0|   2|           1|           1|
    |io_acc_block_signal_op336         |    and   |      0|  0|   2|           1|           1|
    |icmp_ln1494_10_fu_2501_p2         |   icmp   |      0|  0|  13|          16|           1|
    |icmp_ln1494_11_fu_2507_p2         |   icmp   |      0|  0|  13|          16|           1|
    |icmp_ln1494_12_fu_2513_p2         |   icmp   |      0|  0|  13|          16|           1|
    |icmp_ln1494_13_fu_2519_p2         |   icmp   |      0|  0|  13|          16|           1|
    |icmp_ln1494_14_fu_2525_p2         |   icmp   |      0|  0|  13|          16|           1|
    |icmp_ln1494_15_fu_2531_p2         |   icmp   |      0|  0|  13|          16|           1|
    |icmp_ln1494_16_fu_2537_p2         |   icmp   |      0|  0|  13|          16|           1|
    |icmp_ln1494_17_fu_2543_p2         |   icmp   |      0|  0|  13|          16|           1|
    |icmp_ln1494_18_fu_2549_p2         |   icmp   |      0|  0|  13|          16|           1|
    |icmp_ln1494_19_fu_2555_p2         |   icmp   |      0|  0|  13|          16|           1|
    |icmp_ln1494_1_fu_2447_p2          |   icmp   |      0|  0|  13|          16|           1|
    |icmp_ln1494_20_fu_2561_p2         |   icmp   |      0|  0|  13|          16|           1|
    |icmp_ln1494_21_fu_2567_p2         |   icmp   |      0|  0|  13|          16|           1|
    |icmp_ln1494_22_fu_2573_p2         |   icmp   |      0|  0|  13|          16|           1|
    |icmp_ln1494_23_fu_2579_p2         |   icmp   |      0|  0|  13|          16|           1|
    |icmp_ln1494_24_fu_2585_p2         |   icmp   |      0|  0|  13|          16|           1|
    |icmp_ln1494_25_fu_2591_p2         |   icmp   |      0|  0|  13|          16|           1|
    |icmp_ln1494_26_fu_2597_p2         |   icmp   |      0|  0|  13|          16|           1|
    |icmp_ln1494_27_fu_2603_p2         |   icmp   |      0|  0|  13|          16|           1|
    |icmp_ln1494_28_fu_2609_p2         |   icmp   |      0|  0|  13|          16|           1|
    |icmp_ln1494_29_fu_2615_p2         |   icmp   |      0|  0|  13|          16|           1|
    |icmp_ln1494_2_fu_2453_p2          |   icmp   |      0|  0|  13|          16|           1|
    |icmp_ln1494_30_fu_2621_p2         |   icmp   |      0|  0|  13|          16|           1|
    |icmp_ln1494_31_fu_2627_p2         |   icmp   |      0|  0|  13|          16|           1|
    |icmp_ln1494_32_fu_2633_p2         |   icmp   |      0|  0|  13|          16|           1|
    |icmp_ln1494_33_fu_2639_p2         |   icmp   |      0|  0|  13|          16|           1|
    |icmp_ln1494_34_fu_2645_p2         |   icmp   |      0|  0|  13|          16|           1|
    |icmp_ln1494_35_fu_2651_p2         |   icmp   |      0|  0|  13|          16|           1|
    |icmp_ln1494_36_fu_2657_p2         |   icmp   |      0|  0|  13|          16|           1|
    |icmp_ln1494_37_fu_2663_p2         |   icmp   |      0|  0|  13|          16|           1|
    |icmp_ln1494_38_fu_2669_p2         |   icmp   |      0|  0|  13|          16|           1|
    |icmp_ln1494_39_fu_2675_p2         |   icmp   |      0|  0|  13|          16|           1|
    |icmp_ln1494_3_fu_2459_p2          |   icmp   |      0|  0|  13|          16|           1|
    |icmp_ln1494_40_fu_2681_p2         |   icmp   |      0|  0|  13|          16|           1|
    |icmp_ln1494_41_fu_2687_p2         |   icmp   |      0|  0|  13|          16|           1|
    |icmp_ln1494_42_fu_2693_p2         |   icmp   |      0|  0|  13|          16|           1|
    |icmp_ln1494_43_fu_2699_p2         |   icmp   |      0|  0|  13|          16|           1|
    |icmp_ln1494_44_fu_2705_p2         |   icmp   |      0|  0|  13|          16|           1|
    |icmp_ln1494_45_fu_2711_p2         |   icmp   |      0|  0|  13|          16|           1|
    |icmp_ln1494_46_fu_2717_p2         |   icmp   |      0|  0|  13|          16|           1|
    |icmp_ln1494_47_fu_2723_p2         |   icmp   |      0|  0|  13|          16|           1|
    |icmp_ln1494_48_fu_2729_p2         |   icmp   |      0|  0|  13|          16|           1|
    |icmp_ln1494_49_fu_2735_p2         |   icmp   |      0|  0|  13|          16|           1|
    |icmp_ln1494_4_fu_2465_p2          |   icmp   |      0|  0|  13|          16|           1|
    |icmp_ln1494_50_fu_2741_p2         |   icmp   |      0|  0|  13|          16|           1|
    |icmp_ln1494_51_fu_2747_p2         |   icmp   |      0|  0|  13|          16|           1|
    |icmp_ln1494_52_fu_2753_p2         |   icmp   |      0|  0|  13|          16|           1|
    |icmp_ln1494_53_fu_2759_p2         |   icmp   |      0|  0|  13|          16|           1|
    |icmp_ln1494_54_fu_2765_p2         |   icmp   |      0|  0|  13|          16|           1|
    |icmp_ln1494_55_fu_2771_p2         |   icmp   |      0|  0|  13|          16|           1|
    |icmp_ln1494_56_fu_2777_p2         |   icmp   |      0|  0|  13|          16|           1|
    |icmp_ln1494_57_fu_2783_p2         |   icmp   |      0|  0|  13|          16|           1|
    |icmp_ln1494_58_fu_2789_p2         |   icmp   |      0|  0|  13|          16|           1|
    |icmp_ln1494_59_fu_2795_p2         |   icmp   |      0|  0|  13|          16|           1|
    |icmp_ln1494_5_fu_2471_p2          |   icmp   |      0|  0|  13|          16|           1|
    |icmp_ln1494_60_fu_2801_p2         |   icmp   |      0|  0|  13|          16|           1|
    |icmp_ln1494_61_fu_2807_p2         |   icmp   |      0|  0|  13|          16|           1|
    |icmp_ln1494_62_fu_2813_p2         |   icmp   |      0|  0|  13|          16|           1|
    |icmp_ln1494_63_fu_2819_p2         |   icmp   |      0|  0|  13|          16|           1|
    |icmp_ln1494_6_fu_2477_p2          |   icmp   |      0|  0|  13|          16|           1|
    |icmp_ln1494_7_fu_2483_p2          |   icmp   |      0|  0|  13|          16|           1|
    |icmp_ln1494_8_fu_2489_p2          |   icmp   |      0|  0|  13|          16|           1|
    |icmp_ln1494_9_fu_2495_p2          |   icmp   |      0|  0|  13|          16|           1|
    |icmp_ln1494_fu_2441_p2            |   icmp   |      0|  0|  13|          16|           1|
    |icmp_ln60_fu_2173_p2              |   icmp   |      0|  0|   8|           2|           2|
    |ap_block_pp0_stage0_01001         |    or    |      0|  0|   2|           1|           1|
    |ap_block_state1                   |    or    |      0|  0|   2|           1|           1|
    |res_V_data_0_V_din                |  select  |      0|  0|  16|           1|          16|
    |res_V_data_10_V_din               |  select  |      0|  0|  16|           1|          16|
    |res_V_data_11_V_din               |  select  |      0|  0|  16|           1|          16|
    |res_V_data_12_V_din               |  select  |      0|  0|  16|           1|          16|
    |res_V_data_13_V_din               |  select  |      0|  0|  16|           1|          16|
    |res_V_data_14_V_din               |  select  |      0|  0|  16|           1|          16|
    |res_V_data_15_V_din               |  select  |      0|  0|  16|           1|          16|
    |res_V_data_16_V_din               |  select  |      0|  0|  16|           1|          16|
    |res_V_data_17_V_din               |  select  |      0|  0|  16|           1|          16|
    |res_V_data_18_V_din               |  select  |      0|  0|  16|           1|          16|
    |res_V_data_19_V_din               |  select  |      0|  0|  16|           1|          16|
    |res_V_data_1_V_din                |  select  |      0|  0|  16|           1|          16|
    |res_V_data_20_V_din               |  select  |      0|  0|  16|           1|          16|
    |res_V_data_21_V_din               |  select  |      0|  0|  16|           1|          16|
    |res_V_data_22_V_din               |  select  |      0|  0|  16|           1|          16|
    |res_V_data_23_V_din               |  select  |      0|  0|  16|           1|          16|
    |res_V_data_24_V_din               |  select  |      0|  0|  16|           1|          16|
    |res_V_data_25_V_din               |  select  |      0|  0|  16|           1|          16|
    |res_V_data_26_V_din               |  select  |      0|  0|  16|           1|          16|
    |res_V_data_27_V_din               |  select  |      0|  0|  16|           1|          16|
    |res_V_data_28_V_din               |  select  |      0|  0|  16|           1|          16|
    |res_V_data_29_V_din               |  select  |      0|  0|  16|           1|          16|
    |res_V_data_2_V_din                |  select  |      0|  0|  16|           1|          16|
    |res_V_data_30_V_din               |  select  |      0|  0|  16|           1|          16|
    |res_V_data_31_V_din               |  select  |      0|  0|  16|           1|          16|
    |res_V_data_32_V_din               |  select  |      0|  0|  16|           1|          16|
    |res_V_data_33_V_din               |  select  |      0|  0|  16|           1|          16|
    |res_V_data_34_V_din               |  select  |      0|  0|  16|           1|          16|
    |res_V_data_35_V_din               |  select  |      0|  0|  16|           1|          16|
    |res_V_data_36_V_din               |  select  |      0|  0|  16|           1|          16|
    |res_V_data_37_V_din               |  select  |      0|  0|  16|           1|          16|
    |res_V_data_38_V_din               |  select  |      0|  0|  16|           1|          16|
    |res_V_data_39_V_din               |  select  |      0|  0|  16|           1|          16|
    |res_V_data_3_V_din                |  select  |      0|  0|  16|           1|          16|
    |res_V_data_40_V_din               |  select  |      0|  0|  16|           1|          16|
    |res_V_data_41_V_din               |  select  |      0|  0|  16|           1|          16|
    |res_V_data_42_V_din               |  select  |      0|  0|  16|           1|          16|
    |res_V_data_43_V_din               |  select  |      0|  0|  16|           1|          16|
    |res_V_data_44_V_din               |  select  |      0|  0|  16|           1|          16|
    |res_V_data_45_V_din               |  select  |      0|  0|  16|           1|          16|
    |res_V_data_46_V_din               |  select  |      0|  0|  16|           1|          16|
    |res_V_data_47_V_din               |  select  |      0|  0|  16|           1|          16|
    |res_V_data_48_V_din               |  select  |      0|  0|  16|           1|          16|
    |res_V_data_49_V_din               |  select  |      0|  0|  16|           1|          16|
    |res_V_data_4_V_din                |  select  |      0|  0|  16|           1|          16|
    |res_V_data_50_V_din               |  select  |      0|  0|  16|           1|          16|
    |res_V_data_51_V_din               |  select  |      0|  0|  16|           1|          16|
    |res_V_data_52_V_din               |  select  |      0|  0|  16|           1|          16|
    |res_V_data_53_V_din               |  select  |      0|  0|  16|           1|          16|
    |res_V_data_54_V_din               |  select  |      0|  0|  16|           1|          16|
    |res_V_data_55_V_din               |  select  |      0|  0|  16|           1|          16|
    |res_V_data_56_V_din               |  select  |      0|  0|  16|           1|          16|
    |res_V_data_57_V_din               |  select  |      0|  0|  16|           1|          16|
    |res_V_data_58_V_din               |  select  |      0|  0|  16|           1|          16|
    |res_V_data_59_V_din               |  select  |      0|  0|  16|           1|          16|
    |res_V_data_5_V_din                |  select  |      0|  0|  16|           1|          16|
    |res_V_data_60_V_din               |  select  |      0|  0|  16|           1|          16|
    |res_V_data_61_V_din               |  select  |      0|  0|  16|           1|          16|
    |res_V_data_62_V_din               |  select  |      0|  0|  16|           1|          16|
    |res_V_data_63_V_din               |  select  |      0|  0|  16|           1|          16|
    |res_V_data_6_V_din                |  select  |      0|  0|  16|           1|          16|
    |res_V_data_7_V_din                |  select  |      0|  0|  16|           1|          16|
    |res_V_data_8_V_din                |  select  |      0|  0|  16|           1|          16|
    |res_V_data_9_V_din                |  select  |      0|  0|  16|           1|          16|
    |ap_enable_pp0                     |    xor   |      0|  0|   2|           1|           2|
    |ap_enable_reg_pp0_iter1           |    xor   |      0|  0|   2|           2|           1|
    +----------------------------------+----------+-------+---+----+------------+------------+
    |Total                             |          |      0|  0|1890|        1101|        1100|
    +----------------------------------+----------+-------+---+----+------------+------------+

    * Multiplexer: 
    +-------------------------+----+-----------+-----+-----------+
    |           Name          | LUT| Input Size| Bits| Total Bits|
    +-------------------------+----+-----------+-----+-----------+
    |ap_NS_fsm                |  21|          4|    1|          4|
    |ap_done                  |   9|          2|    1|          2|
    |ap_enable_reg_pp0_iter1  |   9|          2|    1|          2|
    |ap_enable_reg_pp0_iter2  |   9|          2|    1|          2|
    |data_V_data_0_V_blk_n    |   9|          2|    1|          2|
    |data_V_data_10_V_blk_n   |   9|          2|    1|          2|
    |data_V_data_11_V_blk_n   |   9|          2|    1|          2|
    |data_V_data_12_V_blk_n   |   9|          2|    1|          2|
    |data_V_data_13_V_blk_n   |   9|          2|    1|          2|
    |data_V_data_14_V_blk_n   |   9|          2|    1|          2|
    |data_V_data_15_V_blk_n   |   9|          2|    1|          2|
    |data_V_data_16_V_blk_n   |   9|          2|    1|          2|
    |data_V_data_17_V_blk_n   |   9|          2|    1|          2|
    |data_V_data_18_V_blk_n   |   9|          2|    1|          2|
    |data_V_data_19_V_blk_n   |   9|          2|    1|          2|
    |data_V_data_1_V_blk_n    |   9|          2|    1|          2|
    |data_V_data_20_V_blk_n   |   9|          2|    1|          2|
    |data_V_data_21_V_blk_n   |   9|          2|    1|          2|
    |data_V_data_22_V_blk_n   |   9|          2|    1|          2|
    |data_V_data_23_V_blk_n   |   9|          2|    1|          2|
    |data_V_data_24_V_blk_n   |   9|          2|    1|          2|
    |data_V_data_25_V_blk_n   |   9|          2|    1|          2|
    |data_V_data_26_V_blk_n   |   9|          2|    1|          2|
    |data_V_data_27_V_blk_n   |   9|          2|    1|          2|
    |data_V_data_28_V_blk_n   |   9|          2|    1|          2|
    |data_V_data_29_V_blk_n   |   9|          2|    1|          2|
    |data_V_data_2_V_blk_n    |   9|          2|    1|          2|
    |data_V_data_30_V_blk_n   |   9|          2|    1|          2|
    |data_V_data_31_V_blk_n   |   9|          2|    1|          2|
    |data_V_data_32_V_blk_n   |   9|          2|    1|          2|
    |data_V_data_33_V_blk_n   |   9|          2|    1|          2|
    |data_V_data_34_V_blk_n   |   9|          2|    1|          2|
    |data_V_data_35_V_blk_n   |   9|          2|    1|          2|
    |data_V_data_36_V_blk_n   |   9|          2|    1|          2|
    |data_V_data_37_V_blk_n   |   9|          2|    1|          2|
    |data_V_data_38_V_blk_n   |   9|          2|    1|          2|
    |data_V_data_39_V_blk_n   |   9|          2|    1|          2|
    |data_V_data_3_V_blk_n    |   9|          2|    1|          2|
    |data_V_data_40_V_blk_n   |   9|          2|    1|          2|
    |data_V_data_41_V_blk_n   |   9|          2|    1|          2|
    |data_V_data_42_V_blk_n   |   9|          2|    1|          2|
    |data_V_data_43_V_blk_n   |   9|          2|    1|          2|
    |data_V_data_44_V_blk_n   |   9|          2|    1|          2|
    |data_V_data_45_V_blk_n   |   9|          2|    1|          2|
    |data_V_data_46_V_blk_n   |   9|          2|    1|          2|
    |data_V_data_47_V_blk_n   |   9|          2|    1|          2|
    |data_V_data_48_V_blk_n   |   9|          2|    1|          2|
    |data_V_data_49_V_blk_n   |   9|          2|    1|          2|
    |data_V_data_4_V_blk_n    |   9|          2|    1|          2|
    |data_V_data_50_V_blk_n   |   9|          2|    1|          2|
    |data_V_data_51_V_blk_n   |   9|          2|    1|          2|
    |data_V_data_52_V_blk_n   |   9|          2|    1|          2|
    |data_V_data_53_V_blk_n   |   9|          2|    1|          2|
    |data_V_data_54_V_blk_n   |   9|          2|    1|          2|
    |data_V_data_55_V_blk_n   |   9|          2|    1|          2|
    |data_V_data_56_V_blk_n   |   9|          2|    1|          2|
    |data_V_data_57_V_blk_n   |   9|          2|    1|          2|
    |data_V_data_58_V_blk_n   |   9|          2|    1|          2|
    |data_V_data_59_V_blk_n   |   9|          2|    1|          2|
    |data_V_data_5_V_blk_n    |   9|          2|    1|          2|
    |data_V_data_60_V_blk_n   |   9|          2|    1|          2|
    |data_V_data_61_V_blk_n   |   9|          2|    1|          2|
    |data_V_data_62_V_blk_n   |   9|          2|    1|          2|
    |data_V_data_63_V_blk_n   |   9|          2|    1|          2|
    |data_V_data_6_V_blk_n    |   9|          2|    1|          2|
    |data_V_data_7_V_blk_n    |   9|          2|    1|          2|
    |data_V_data_8_V_blk_n    |   9|          2|    1|          2|
    |data_V_data_9_V_blk_n    |   9|          2|    1|          2|
    |i_0_reg_2162             |   9|          2|    2|          4|
    |real_start               |   9|          2|    1|          2|
    |res_V_data_0_V_blk_n     |   9|          2|    1|          2|
    |res_V_data_10_V_blk_n    |   9|          2|    1|          2|
    |res_V_data_11_V_blk_n    |   9|          2|    1|          2|
    |res_V_data_12_V_blk_n    |   9|          2|    1|          2|
    |res_V_data_13_V_blk_n    |   9|          2|    1|          2|
    |res_V_data_14_V_blk_n    |   9|          2|    1|          2|
    |res_V_data_15_V_blk_n    |   9|          2|    1|          2|
    |res_V_data_16_V_blk_n    |   9|          2|    1|          2|
    |res_V_data_17_V_blk_n    |   9|          2|    1|          2|
    |res_V_data_18_V_blk_n    |   9|          2|    1|          2|
    |res_V_data_19_V_blk_n    |   9|          2|    1|          2|
    |res_V_data_1_V_blk_n     |   9|          2|    1|          2|
    |res_V_data_20_V_blk_n    |   9|          2|    1|          2|
    |res_V_data_21_V_blk_n    |   9|          2|    1|          2|
    |res_V_data_22_V_blk_n    |   9|          2|    1|          2|
    |res_V_data_23_V_blk_n    |   9|          2|    1|          2|
    |res_V_data_24_V_blk_n    |   9|          2|    1|          2|
    |res_V_data_25_V_blk_n    |   9|          2|    1|          2|
    |res_V_data_26_V_blk_n    |   9|          2|    1|          2|
    |res_V_data_27_V_blk_n    |   9|          2|    1|          2|
    |res_V_data_28_V_blk_n    |   9|          2|    1|          2|
    |res_V_data_29_V_blk_n    |   9|          2|    1|          2|
    |res_V_data_2_V_blk_n     |   9|          2|    1|          2|
    |res_V_data_30_V_blk_n    |   9|          2|    1|          2|
    |res_V_data_31_V_blk_n    |   9|          2|    1|          2|
    |res_V_data_32_V_blk_n    |   9|          2|    1|          2|
    |res_V_data_33_V_blk_n    |   9|          2|    1|          2|
    |res_V_data_34_V_blk_n    |   9|          2|    1|          2|
    |res_V_data_35_V_blk_n    |   9|          2|    1|          2|
    |res_V_data_36_V_blk_n    |   9|          2|    1|          2|
    |res_V_data_37_V_blk_n    |   9|          2|    1|          2|
    |res_V_data_38_V_blk_n    |   9|          2|    1|          2|
    |res_V_data_39_V_blk_n    |   9|          2|    1|          2|
    |res_V_data_3_V_blk_n     |   9|          2|    1|          2|
    |res_V_data_40_V_blk_n    |   9|          2|    1|          2|
    |res_V_data_41_V_blk_n    |   9|          2|    1|          2|
    |res_V_data_42_V_blk_n    |   9|          2|    1|          2|
    |res_V_data_43_V_blk_n    |   9|          2|    1|          2|
    |res_V_data_44_V_blk_n    |   9|          2|    1|          2|
    |res_V_data_45_V_blk_n    |   9|          2|    1|          2|
    |res_V_data_46_V_blk_n    |   9|          2|    1|          2|
    |res_V_data_47_V_blk_n    |   9|          2|    1|          2|
    |res_V_data_48_V_blk_n    |   9|          2|    1|          2|
    |res_V_data_49_V_blk_n    |   9|          2|    1|          2|
    |res_V_data_4_V_blk_n     |   9|          2|    1|          2|
    |res_V_data_50_V_blk_n    |   9|          2|    1|          2|
    |res_V_data_51_V_blk_n    |   9|          2|    1|          2|
    |res_V_data_52_V_blk_n    |   9|          2|    1|          2|
    |res_V_data_53_V_blk_n    |   9|          2|    1|          2|
    |res_V_data_54_V_blk_n    |   9|          2|    1|          2|
    |res_V_data_55_V_blk_n    |   9|          2|    1|          2|
    |res_V_data_56_V_blk_n    |   9|          2|    1|          2|
    |res_V_data_57_V_blk_n    |   9|          2|    1|          2|
    |res_V_data_58_V_blk_n    |   9|          2|    1|          2|
    |res_V_data_59_V_blk_n    |   9|          2|    1|          2|
    |res_V_data_5_V_blk_n     |   9|          2|    1|          2|
    |res_V_data_60_V_blk_n    |   9|          2|    1|          2|
    |res_V_data_61_V_blk_n    |   9|          2|    1|          2|
    |res_V_data_62_V_blk_n    |   9|          2|    1|          2|
    |res_V_data_63_V_blk_n    |   9|          2|    1|          2|
    |res_V_data_6_V_blk_n     |   9|          2|    1|          2|
    |res_V_data_7_V_blk_n     |   9|          2|    1|          2|
    |res_V_data_8_V_blk_n     |   9|          2|    1|          2|
    |res_V_data_9_V_blk_n     |   9|          2|    1|          2|
    +-------------------------+----+-----------+-----+-----------+
    |Total                    |1218|        270|  135|        272|
    +-------------------------+----+-----------+-----+-----------+

    * Register: 
    +----------------------------------+----+----+-----+-----------+
    |               Name               | FF | LUT| Bits| Const Bits|
    +----------------------------------+----+----+-----+-----------+
    |ap_CS_fsm                         |   3|   0|    3|          0|
    |ap_done_reg                       |   1|   0|    1|          0|
    |ap_enable_reg_pp0_iter0           |   1|   0|    1|          0|
    |ap_enable_reg_pp0_iter1           |   1|   0|    1|          0|
    |ap_enable_reg_pp0_iter2           |   1|   0|    1|          0|
    |i_0_reg_2162                      |   2|   0|    2|          0|
    |icmp_ln1494_10_reg_3652           |   1|   0|    1|          0|
    |icmp_ln1494_11_reg_3657           |   1|   0|    1|          0|
    |icmp_ln1494_12_reg_3662           |   1|   0|    1|          0|
    |icmp_ln1494_13_reg_3667           |   1|   0|    1|          0|
    |icmp_ln1494_14_reg_3672           |   1|   0|    1|          0|
    |icmp_ln1494_15_reg_3677           |   1|   0|    1|          0|
    |icmp_ln1494_16_reg_3682           |   1|   0|    1|          0|
    |icmp_ln1494_17_reg_3687           |   1|   0|    1|          0|
    |icmp_ln1494_18_reg_3692           |   1|   0|    1|          0|
    |icmp_ln1494_19_reg_3697           |   1|   0|    1|          0|
    |icmp_ln1494_1_reg_3607            |   1|   0|    1|          0|
    |icmp_ln1494_20_reg_3702           |   1|   0|    1|          0|
    |icmp_ln1494_21_reg_3707           |   1|   0|    1|          0|
    |icmp_ln1494_22_reg_3712           |   1|   0|    1|          0|
    |icmp_ln1494_23_reg_3717           |   1|   0|    1|          0|
    |icmp_ln1494_24_reg_3722           |   1|   0|    1|          0|
    |icmp_ln1494_25_reg_3727           |   1|   0|    1|          0|
    |icmp_ln1494_26_reg_3732           |   1|   0|    1|          0|
    |icmp_ln1494_27_reg_3737           |   1|   0|    1|          0|
    |icmp_ln1494_28_reg_3742           |   1|   0|    1|          0|
    |icmp_ln1494_29_reg_3747           |   1|   0|    1|          0|
    |icmp_ln1494_2_reg_3612            |   1|   0|    1|          0|
    |icmp_ln1494_30_reg_3752           |   1|   0|    1|          0|
    |icmp_ln1494_31_reg_3757           |   1|   0|    1|          0|
    |icmp_ln1494_32_reg_3762           |   1|   0|    1|          0|
    |icmp_ln1494_33_reg_3767           |   1|   0|    1|          0|
    |icmp_ln1494_34_reg_3772           |   1|   0|    1|          0|
    |icmp_ln1494_35_reg_3777           |   1|   0|    1|          0|
    |icmp_ln1494_36_reg_3782           |   1|   0|    1|          0|
    |icmp_ln1494_37_reg_3787           |   1|   0|    1|          0|
    |icmp_ln1494_38_reg_3792           |   1|   0|    1|          0|
    |icmp_ln1494_39_reg_3797           |   1|   0|    1|          0|
    |icmp_ln1494_3_reg_3617            |   1|   0|    1|          0|
    |icmp_ln1494_40_reg_3802           |   1|   0|    1|          0|
    |icmp_ln1494_41_reg_3807           |   1|   0|    1|          0|
    |icmp_ln1494_42_reg_3812           |   1|   0|    1|          0|
    |icmp_ln1494_43_reg_3817           |   1|   0|    1|          0|
    |icmp_ln1494_44_reg_3822           |   1|   0|    1|          0|
    |icmp_ln1494_45_reg_3827           |   1|   0|    1|          0|
    |icmp_ln1494_46_reg_3832           |   1|   0|    1|          0|
    |icmp_ln1494_47_reg_3837           |   1|   0|    1|          0|
    |icmp_ln1494_48_reg_3842           |   1|   0|    1|          0|
    |icmp_ln1494_49_reg_3847           |   1|   0|    1|          0|
    |icmp_ln1494_4_reg_3622            |   1|   0|    1|          0|
    |icmp_ln1494_50_reg_3852           |   1|   0|    1|          0|
    |icmp_ln1494_51_reg_3857           |   1|   0|    1|          0|
    |icmp_ln1494_52_reg_3862           |   1|   0|    1|          0|
    |icmp_ln1494_53_reg_3867           |   1|   0|    1|          0|
    |icmp_ln1494_54_reg_3872           |   1|   0|    1|          0|
    |icmp_ln1494_55_reg_3877           |   1|   0|    1|          0|
    |icmp_ln1494_56_reg_3882           |   1|   0|    1|          0|
    |icmp_ln1494_57_reg_3887           |   1|   0|    1|          0|
    |icmp_ln1494_58_reg_3892           |   1|   0|    1|          0|
    |icmp_ln1494_59_reg_3897           |   1|   0|    1|          0|
    |icmp_ln1494_5_reg_3627            |   1|   0|    1|          0|
    |icmp_ln1494_60_reg_3902           |   1|   0|    1|          0|
    |icmp_ln1494_61_reg_3907           |   1|   0|    1|          0|
    |icmp_ln1494_62_reg_3912           |   1|   0|    1|          0|
    |icmp_ln1494_63_reg_3917           |   1|   0|    1|          0|
    |icmp_ln1494_6_reg_3632            |   1|   0|    1|          0|
    |icmp_ln1494_7_reg_3637            |   1|   0|    1|          0|
    |icmp_ln1494_8_reg_3642            |   1|   0|    1|          0|
    |icmp_ln1494_9_reg_3647            |   1|   0|    1|          0|
    |icmp_ln1494_reg_3602              |   1|   0|    1|          0|
    |icmp_ln60_reg_3273                |   1|   0|    1|          0|
    |icmp_ln60_reg_3273_pp0_iter1_reg  |   1|   0|    1|          0|
    |start_once_reg                    |   1|   0|    1|          0|
    |tmp_data_V_0_reg_3282             |  16|   0|   16|          0|
    |tmp_data_V_10_reg_3332            |  16|   0|   16|          0|
    |tmp_data_V_11_reg_3337            |  16|   0|   16|          0|
    |tmp_data_V_12_reg_3342            |  16|   0|   16|          0|
    |tmp_data_V_13_reg_3347            |  16|   0|   16|          0|
    |tmp_data_V_14_reg_3352            |  16|   0|   16|          0|
    |tmp_data_V_15_reg_3357            |  16|   0|   16|          0|
    |tmp_data_V_16_reg_3362            |  16|   0|   16|          0|
    |tmp_data_V_17_reg_3367            |  16|   0|   16|          0|
    |tmp_data_V_18_reg_3372            |  16|   0|   16|          0|
    |tmp_data_V_19_reg_3377            |  16|   0|   16|          0|
    |tmp_data_V_1_reg_3287             |  16|   0|   16|          0|
    |tmp_data_V_20_reg_3382            |  16|   0|   16|          0|
    |tmp_data_V_21_reg_3387            |  16|   0|   16|          0|
    |tmp_data_V_22_reg_3392            |  16|   0|   16|          0|
    |tmp_data_V_23_reg_3397            |  16|   0|   16|          0|
    |tmp_data_V_24_reg_3402            |  16|   0|   16|          0|
    |tmp_data_V_25_reg_3407            |  16|   0|   16|          0|
    |tmp_data_V_269_reg_3292           |  16|   0|   16|          0|
    |tmp_data_V_26_reg_3412            |  16|   0|   16|          0|
    |tmp_data_V_27_reg_3417            |  16|   0|   16|          0|
    |tmp_data_V_28_reg_3422            |  16|   0|   16|          0|
    |tmp_data_V_29_reg_3427            |  16|   0|   16|          0|
    |tmp_data_V_30_reg_3432            |  16|   0|   16|          0|
    |tmp_data_V_31_reg_3437            |  16|   0|   16|          0|
    |tmp_data_V_32_reg_3442            |  16|   0|   16|          0|
    |tmp_data_V_33_reg_3447            |  16|   0|   16|          0|
    |tmp_data_V_34_reg_3452            |  16|   0|   16|          0|
    |tmp_data_V_35_reg_3457            |  16|   0|   16|          0|
    |tmp_data_V_36_reg_3462            |  16|   0|   16|          0|
    |tmp_data_V_37_reg_3467            |  16|   0|   16|          0|
    |tmp_data_V_38_reg_3472            |  16|   0|   16|          0|
    |tmp_data_V_39_reg_3477            |  16|   0|   16|          0|
    |tmp_data_V_3_reg_3297             |  16|   0|   16|          0|
    |tmp_data_V_40_reg_3482            |  16|   0|   16|          0|
    |tmp_data_V_41_reg_3487            |  16|   0|   16|          0|
    |tmp_data_V_42_reg_3492            |  16|   0|   16|          0|
    |tmp_data_V_43_reg_3497            |  16|   0|   16|          0|
    |tmp_data_V_44_reg_3502            |  16|   0|   16|          0|
    |tmp_data_V_45_reg_3507            |  16|   0|   16|          0|
    |tmp_data_V_46_reg_3512            |  16|   0|   16|          0|
    |tmp_data_V_47_reg_3517            |  16|   0|   16|          0|
    |tmp_data_V_48_reg_3522            |  16|   0|   16|          0|
    |tmp_data_V_49_reg_3527            |  16|   0|   16|          0|
    |tmp_data_V_4_reg_3302             |  16|   0|   16|          0|
    |tmp_data_V_50_reg_3532            |  16|   0|   16|          0|
    |tmp_data_V_51_reg_3537            |  16|   0|   16|          0|
    |tmp_data_V_52_reg_3542            |  16|   0|   16|          0|
    |tmp_data_V_53_reg_3547            |  16|   0|   16|          0|
    |tmp_data_V_54_reg_3552            |  16|   0|   16|          0|
    |tmp_data_V_55_reg_3557            |  16|   0|   16|          0|
    |tmp_data_V_56_reg_3562            |  16|   0|   16|          0|
    |tmp_data_V_57_reg_3567            |  16|   0|   16|          0|
    |tmp_data_V_58_reg_3572            |  16|   0|   16|          0|
    |tmp_data_V_59_reg_3577            |  16|   0|   16|          0|
    |tmp_data_V_5_reg_3307             |  16|   0|   16|          0|
    |tmp_data_V_60_reg_3582            |  16|   0|   16|          0|
    |tmp_data_V_61_reg_3587            |  16|   0|   16|          0|
    |tmp_data_V_62_reg_3592            |  16|   0|   16|          0|
    |tmp_data_V_63_reg_3597            |  16|   0|   16|          0|
    |tmp_data_V_6_reg_3312             |  16|   0|   16|          0|
    |tmp_data_V_7_reg_3317             |  16|   0|   16|          0|
    |tmp_data_V_8_reg_3322             |  16|   0|   16|          0|
    |tmp_data_V_9_reg_3327             |  16|   0|   16|          0|
    +----------------------------------+----+----+-----+-----------+
    |Total                             |1100|   0| 1100|          0|
    +----------------------------------+----+----+-----+-----------+



================================================================
== Interface
================================================================
* Summary: 
+--------------------------+-----+-----+------------+----------------------------------------------+--------------+
|         RTL Ports        | Dir | Bits|  Protocol  |                 Source Object                |    C Type    |
+--------------------------+-----+-----+------------+----------------------------------------------+--------------+
|ap_clk                    |  in |    1| ap_ctrl_hs | relu<array,array<ap_fixed,64u>,relu_config9> | return value |
|ap_rst                    |  in |    1| ap_ctrl_hs | relu<array,array<ap_fixed,64u>,relu_config9> | return value |
|ap_start                  |  in |    1| ap_ctrl_hs | relu<array,array<ap_fixed,64u>,relu_config9> | return value |
|start_full_n              |  in |    1| ap_ctrl_hs | relu<array,array<ap_fixed,64u>,relu_config9> | return value |
|ap_done                   | out |    1| ap_ctrl_hs | relu<array,array<ap_fixed,64u>,relu_config9> | return value |
|ap_continue               |  in |    1| ap_ctrl_hs | relu<array,array<ap_fixed,64u>,relu_config9> | return value |
|ap_idle                   | out |    1| ap_ctrl_hs | relu<array,array<ap_fixed,64u>,relu_config9> | return value |
|ap_ready                  | out |    1| ap_ctrl_hs | relu<array,array<ap_fixed,64u>,relu_config9> | return value |
|start_out                 | out |    1| ap_ctrl_hs | relu<array,array<ap_fixed,64u>,relu_config9> | return value |
|start_write               | out |    1| ap_ctrl_hs | relu<array,array<ap_fixed,64u>,relu_config9> | return value |
|data_V_data_0_V_dout      |  in |   16|   ap_fifo  |                data_V_data_0_V               |    pointer   |
|data_V_data_0_V_empty_n   |  in |    1|   ap_fifo  |                data_V_data_0_V               |    pointer   |
|data_V_data_0_V_read      | out |    1|   ap_fifo  |                data_V_data_0_V               |    pointer   |
|data_V_data_1_V_dout      |  in |   16|   ap_fifo  |                data_V_data_1_V               |    pointer   |
|data_V_data_1_V_empty_n   |  in |    1|   ap_fifo  |                data_V_data_1_V               |    pointer   |
|data_V_data_1_V_read      | out |    1|   ap_fifo  |                data_V_data_1_V               |    pointer   |
|data_V_data_2_V_dout      |  in |   16|   ap_fifo  |                data_V_data_2_V               |    pointer   |
|data_V_data_2_V_empty_n   |  in |    1|   ap_fifo  |                data_V_data_2_V               |    pointer   |
|data_V_data_2_V_read      | out |    1|   ap_fifo  |                data_V_data_2_V               |    pointer   |
|data_V_data_3_V_dout      |  in |   16|   ap_fifo  |                data_V_data_3_V               |    pointer   |
|data_V_data_3_V_empty_n   |  in |    1|   ap_fifo  |                data_V_data_3_V               |    pointer   |
|data_V_data_3_V_read      | out |    1|   ap_fifo  |                data_V_data_3_V               |    pointer   |
|data_V_data_4_V_dout      |  in |   16|   ap_fifo  |                data_V_data_4_V               |    pointer   |
|data_V_data_4_V_empty_n   |  in |    1|   ap_fifo  |                data_V_data_4_V               |    pointer   |
|data_V_data_4_V_read      | out |    1|   ap_fifo  |                data_V_data_4_V               |    pointer   |
|data_V_data_5_V_dout      |  in |   16|   ap_fifo  |                data_V_data_5_V               |    pointer   |
|data_V_data_5_V_empty_n   |  in |    1|   ap_fifo  |                data_V_data_5_V               |    pointer   |
|data_V_data_5_V_read      | out |    1|   ap_fifo  |                data_V_data_5_V               |    pointer   |
|data_V_data_6_V_dout      |  in |   16|   ap_fifo  |                data_V_data_6_V               |    pointer   |
|data_V_data_6_V_empty_n   |  in |    1|   ap_fifo  |                data_V_data_6_V               |    pointer   |
|data_V_data_6_V_read      | out |    1|   ap_fifo  |                data_V_data_6_V               |    pointer   |
|data_V_data_7_V_dout      |  in |   16|   ap_fifo  |                data_V_data_7_V               |    pointer   |
|data_V_data_7_V_empty_n   |  in |    1|   ap_fifo  |                data_V_data_7_V               |    pointer   |
|data_V_data_7_V_read      | out |    1|   ap_fifo  |                data_V_data_7_V               |    pointer   |
|data_V_data_8_V_dout      |  in |   16|   ap_fifo  |                data_V_data_8_V               |    pointer   |
|data_V_data_8_V_empty_n   |  in |    1|   ap_fifo  |                data_V_data_8_V               |    pointer   |
|data_V_data_8_V_read      | out |    1|   ap_fifo  |                data_V_data_8_V               |    pointer   |
|data_V_data_9_V_dout      |  in |   16|   ap_fifo  |                data_V_data_9_V               |    pointer   |
|data_V_data_9_V_empty_n   |  in |    1|   ap_fifo  |                data_V_data_9_V               |    pointer   |
|data_V_data_9_V_read      | out |    1|   ap_fifo  |                data_V_data_9_V               |    pointer   |
|data_V_data_10_V_dout     |  in |   16|   ap_fifo  |               data_V_data_10_V               |    pointer   |
|data_V_data_10_V_empty_n  |  in |    1|   ap_fifo  |               data_V_data_10_V               |    pointer   |
|data_V_data_10_V_read     | out |    1|   ap_fifo  |               data_V_data_10_V               |    pointer   |
|data_V_data_11_V_dout     |  in |   16|   ap_fifo  |               data_V_data_11_V               |    pointer   |
|data_V_data_11_V_empty_n  |  in |    1|   ap_fifo  |               data_V_data_11_V               |    pointer   |
|data_V_data_11_V_read     | out |    1|   ap_fifo  |               data_V_data_11_V               |    pointer   |
|data_V_data_12_V_dout     |  in |   16|   ap_fifo  |               data_V_data_12_V               |    pointer   |
|data_V_data_12_V_empty_n  |  in |    1|   ap_fifo  |               data_V_data_12_V               |    pointer   |
|data_V_data_12_V_read     | out |    1|   ap_fifo  |               data_V_data_12_V               |    pointer   |
|data_V_data_13_V_dout     |  in |   16|   ap_fifo  |               data_V_data_13_V               |    pointer   |
|data_V_data_13_V_empty_n  |  in |    1|   ap_fifo  |               data_V_data_13_V               |    pointer   |
|data_V_data_13_V_read     | out |    1|   ap_fifo  |               data_V_data_13_V               |    pointer   |
|data_V_data_14_V_dout     |  in |   16|   ap_fifo  |               data_V_data_14_V               |    pointer   |
|data_V_data_14_V_empty_n  |  in |    1|   ap_fifo  |               data_V_data_14_V               |    pointer   |
|data_V_data_14_V_read     | out |    1|   ap_fifo  |               data_V_data_14_V               |    pointer   |
|data_V_data_15_V_dout     |  in |   16|   ap_fifo  |               data_V_data_15_V               |    pointer   |
|data_V_data_15_V_empty_n  |  in |    1|   ap_fifo  |               data_V_data_15_V               |    pointer   |
|data_V_data_15_V_read     | out |    1|   ap_fifo  |               data_V_data_15_V               |    pointer   |
|data_V_data_16_V_dout     |  in |   16|   ap_fifo  |               data_V_data_16_V               |    pointer   |
|data_V_data_16_V_empty_n  |  in |    1|   ap_fifo  |               data_V_data_16_V               |    pointer   |
|data_V_data_16_V_read     | out |    1|   ap_fifo  |               data_V_data_16_V               |    pointer   |
|data_V_data_17_V_dout     |  in |   16|   ap_fifo  |               data_V_data_17_V               |    pointer   |
|data_V_data_17_V_empty_n  |  in |    1|   ap_fifo  |               data_V_data_17_V               |    pointer   |
|data_V_data_17_V_read     | out |    1|   ap_fifo  |               data_V_data_17_V               |    pointer   |
|data_V_data_18_V_dout     |  in |   16|   ap_fifo  |               data_V_data_18_V               |    pointer   |
|data_V_data_18_V_empty_n  |  in |    1|   ap_fifo  |               data_V_data_18_V               |    pointer   |
|data_V_data_18_V_read     | out |    1|   ap_fifo  |               data_V_data_18_V               |    pointer   |
|data_V_data_19_V_dout     |  in |   16|   ap_fifo  |               data_V_data_19_V               |    pointer   |
|data_V_data_19_V_empty_n  |  in |    1|   ap_fifo  |               data_V_data_19_V               |    pointer   |
|data_V_data_19_V_read     | out |    1|   ap_fifo  |               data_V_data_19_V               |    pointer   |
|data_V_data_20_V_dout     |  in |   16|   ap_fifo  |               data_V_data_20_V               |    pointer   |
|data_V_data_20_V_empty_n  |  in |    1|   ap_fifo  |               data_V_data_20_V               |    pointer   |
|data_V_data_20_V_read     | out |    1|   ap_fifo  |               data_V_data_20_V               |    pointer   |
|data_V_data_21_V_dout     |  in |   16|   ap_fifo  |               data_V_data_21_V               |    pointer   |
|data_V_data_21_V_empty_n  |  in |    1|   ap_fifo  |               data_V_data_21_V               |    pointer   |
|data_V_data_21_V_read     | out |    1|   ap_fifo  |               data_V_data_21_V               |    pointer   |
|data_V_data_22_V_dout     |  in |   16|   ap_fifo  |               data_V_data_22_V               |    pointer   |
|data_V_data_22_V_empty_n  |  in |    1|   ap_fifo  |               data_V_data_22_V               |    pointer   |
|data_V_data_22_V_read     | out |    1|   ap_fifo  |               data_V_data_22_V               |    pointer   |
|data_V_data_23_V_dout     |  in |   16|   ap_fifo  |               data_V_data_23_V               |    pointer   |
|data_V_data_23_V_empty_n  |  in |    1|   ap_fifo  |               data_V_data_23_V               |    pointer   |
|data_V_data_23_V_read     | out |    1|   ap_fifo  |               data_V_data_23_V               |    pointer   |
|data_V_data_24_V_dout     |  in |   16|   ap_fifo  |               data_V_data_24_V               |    pointer   |
|data_V_data_24_V_empty_n  |  in |    1|   ap_fifo  |               data_V_data_24_V               |    pointer   |
|data_V_data_24_V_read     | out |    1|   ap_fifo  |               data_V_data_24_V               |    pointer   |
|data_V_data_25_V_dout     |  in |   16|   ap_fifo  |               data_V_data_25_V               |    pointer   |
|data_V_data_25_V_empty_n  |  in |    1|   ap_fifo  |               data_V_data_25_V               |    pointer   |
|data_V_data_25_V_read     | out |    1|   ap_fifo  |               data_V_data_25_V               |    pointer   |
|data_V_data_26_V_dout     |  in |   16|   ap_fifo  |               data_V_data_26_V               |    pointer   |
|data_V_data_26_V_empty_n  |  in |    1|   ap_fifo  |               data_V_data_26_V               |    pointer   |
|data_V_data_26_V_read     | out |    1|   ap_fifo  |               data_V_data_26_V               |    pointer   |
|data_V_data_27_V_dout     |  in |   16|   ap_fifo  |               data_V_data_27_V               |    pointer   |
|data_V_data_27_V_empty_n  |  in |    1|   ap_fifo  |               data_V_data_27_V               |    pointer   |
|data_V_data_27_V_read     | out |    1|   ap_fifo  |               data_V_data_27_V               |    pointer   |
|data_V_data_28_V_dout     |  in |   16|   ap_fifo  |               data_V_data_28_V               |    pointer   |
|data_V_data_28_V_empty_n  |  in |    1|   ap_fifo  |               data_V_data_28_V               |    pointer   |
|data_V_data_28_V_read     | out |    1|   ap_fifo  |               data_V_data_28_V               |    pointer   |
|data_V_data_29_V_dout     |  in |   16|   ap_fifo  |               data_V_data_29_V               |    pointer   |
|data_V_data_29_V_empty_n  |  in |    1|   ap_fifo  |               data_V_data_29_V               |    pointer   |
|data_V_data_29_V_read     | out |    1|   ap_fifo  |               data_V_data_29_V               |    pointer   |
|data_V_data_30_V_dout     |  in |   16|   ap_fifo  |               data_V_data_30_V               |    pointer   |
|data_V_data_30_V_empty_n  |  in |    1|   ap_fifo  |               data_V_data_30_V               |    pointer   |
|data_V_data_30_V_read     | out |    1|   ap_fifo  |               data_V_data_30_V               |    pointer   |
|data_V_data_31_V_dout     |  in |   16|   ap_fifo  |               data_V_data_31_V               |    pointer   |
|data_V_data_31_V_empty_n  |  in |    1|   ap_fifo  |               data_V_data_31_V               |    pointer   |
|data_V_data_31_V_read     | out |    1|   ap_fifo  |               data_V_data_31_V               |    pointer   |
|data_V_data_32_V_dout     |  in |   16|   ap_fifo  |               data_V_data_32_V               |    pointer   |
|data_V_data_32_V_empty_n  |  in |    1|   ap_fifo  |               data_V_data_32_V               |    pointer   |
|data_V_data_32_V_read     | out |    1|   ap_fifo  |               data_V_data_32_V               |    pointer   |
|data_V_data_33_V_dout     |  in |   16|   ap_fifo  |               data_V_data_33_V               |    pointer   |
|data_V_data_33_V_empty_n  |  in |    1|   ap_fifo  |               data_V_data_33_V               |    pointer   |
|data_V_data_33_V_read     | out |    1|   ap_fifo  |               data_V_data_33_V               |    pointer   |
|data_V_data_34_V_dout     |  in |   16|   ap_fifo  |               data_V_data_34_V               |    pointer   |
|data_V_data_34_V_empty_n  |  in |    1|   ap_fifo  |               data_V_data_34_V               |    pointer   |
|data_V_data_34_V_read     | out |    1|   ap_fifo  |               data_V_data_34_V               |    pointer   |
|data_V_data_35_V_dout     |  in |   16|   ap_fifo  |               data_V_data_35_V               |    pointer   |
|data_V_data_35_V_empty_n  |  in |    1|   ap_fifo  |               data_V_data_35_V               |    pointer   |
|data_V_data_35_V_read     | out |    1|   ap_fifo  |               data_V_data_35_V               |    pointer   |
|data_V_data_36_V_dout     |  in |   16|   ap_fifo  |               data_V_data_36_V               |    pointer   |
|data_V_data_36_V_empty_n  |  in |    1|   ap_fifo  |               data_V_data_36_V               |    pointer   |
|data_V_data_36_V_read     | out |    1|   ap_fifo  |               data_V_data_36_V               |    pointer   |
|data_V_data_37_V_dout     |  in |   16|   ap_fifo  |               data_V_data_37_V               |    pointer   |
|data_V_data_37_V_empty_n  |  in |    1|   ap_fifo  |               data_V_data_37_V               |    pointer   |
|data_V_data_37_V_read     | out |    1|   ap_fifo  |               data_V_data_37_V               |    pointer   |
|data_V_data_38_V_dout     |  in |   16|   ap_fifo  |               data_V_data_38_V               |    pointer   |
|data_V_data_38_V_empty_n  |  in |    1|   ap_fifo  |               data_V_data_38_V               |    pointer   |
|data_V_data_38_V_read     | out |    1|   ap_fifo  |               data_V_data_38_V               |    pointer   |
|data_V_data_39_V_dout     |  in |   16|   ap_fifo  |               data_V_data_39_V               |    pointer   |
|data_V_data_39_V_empty_n  |  in |    1|   ap_fifo  |               data_V_data_39_V               |    pointer   |
|data_V_data_39_V_read     | out |    1|   ap_fifo  |               data_V_data_39_V               |    pointer   |
|data_V_data_40_V_dout     |  in |   16|   ap_fifo  |               data_V_data_40_V               |    pointer   |
|data_V_data_40_V_empty_n  |  in |    1|   ap_fifo  |               data_V_data_40_V               |    pointer   |
|data_V_data_40_V_read     | out |    1|   ap_fifo  |               data_V_data_40_V               |    pointer   |
|data_V_data_41_V_dout     |  in |   16|   ap_fifo  |               data_V_data_41_V               |    pointer   |
|data_V_data_41_V_empty_n  |  in |    1|   ap_fifo  |               data_V_data_41_V               |    pointer   |
|data_V_data_41_V_read     | out |    1|   ap_fifo  |               data_V_data_41_V               |    pointer   |
|data_V_data_42_V_dout     |  in |   16|   ap_fifo  |               data_V_data_42_V               |    pointer   |
|data_V_data_42_V_empty_n  |  in |    1|   ap_fifo  |               data_V_data_42_V               |    pointer   |
|data_V_data_42_V_read     | out |    1|   ap_fifo  |               data_V_data_42_V               |    pointer   |
|data_V_data_43_V_dout     |  in |   16|   ap_fifo  |               data_V_data_43_V               |    pointer   |
|data_V_data_43_V_empty_n  |  in |    1|   ap_fifo  |               data_V_data_43_V               |    pointer   |
|data_V_data_43_V_read     | out |    1|   ap_fifo  |               data_V_data_43_V               |    pointer   |
|data_V_data_44_V_dout     |  in |   16|   ap_fifo  |               data_V_data_44_V               |    pointer   |
|data_V_data_44_V_empty_n  |  in |    1|   ap_fifo  |               data_V_data_44_V               |    pointer   |
|data_V_data_44_V_read     | out |    1|   ap_fifo  |               data_V_data_44_V               |    pointer   |
|data_V_data_45_V_dout     |  in |   16|   ap_fifo  |               data_V_data_45_V               |    pointer   |
|data_V_data_45_V_empty_n  |  in |    1|   ap_fifo  |               data_V_data_45_V               |    pointer   |
|data_V_data_45_V_read     | out |    1|   ap_fifo  |               data_V_data_45_V               |    pointer   |
|data_V_data_46_V_dout     |  in |   16|   ap_fifo  |               data_V_data_46_V               |    pointer   |
|data_V_data_46_V_empty_n  |  in |    1|   ap_fifo  |               data_V_data_46_V               |    pointer   |
|data_V_data_46_V_read     | out |    1|   ap_fifo  |               data_V_data_46_V               |    pointer   |
|data_V_data_47_V_dout     |  in |   16|   ap_fifo  |               data_V_data_47_V               |    pointer   |
|data_V_data_47_V_empty_n  |  in |    1|   ap_fifo  |               data_V_data_47_V               |    pointer   |
|data_V_data_47_V_read     | out |    1|   ap_fifo  |               data_V_data_47_V               |    pointer   |
|data_V_data_48_V_dout     |  in |   16|   ap_fifo  |               data_V_data_48_V               |    pointer   |
|data_V_data_48_V_empty_n  |  in |    1|   ap_fifo  |               data_V_data_48_V               |    pointer   |
|data_V_data_48_V_read     | out |    1|   ap_fifo  |               data_V_data_48_V               |    pointer   |
|data_V_data_49_V_dout     |  in |   16|   ap_fifo  |               data_V_data_49_V               |    pointer   |
|data_V_data_49_V_empty_n  |  in |    1|   ap_fifo  |               data_V_data_49_V               |    pointer   |
|data_V_data_49_V_read     | out |    1|   ap_fifo  |               data_V_data_49_V               |    pointer   |
|data_V_data_50_V_dout     |  in |   16|   ap_fifo  |               data_V_data_50_V               |    pointer   |
|data_V_data_50_V_empty_n  |  in |    1|   ap_fifo  |               data_V_data_50_V               |    pointer   |
|data_V_data_50_V_read     | out |    1|   ap_fifo  |               data_V_data_50_V               |    pointer   |
|data_V_data_51_V_dout     |  in |   16|   ap_fifo  |               data_V_data_51_V               |    pointer   |
|data_V_data_51_V_empty_n  |  in |    1|   ap_fifo  |               data_V_data_51_V               |    pointer   |
|data_V_data_51_V_read     | out |    1|   ap_fifo  |               data_V_data_51_V               |    pointer   |
|data_V_data_52_V_dout     |  in |   16|   ap_fifo  |               data_V_data_52_V               |    pointer   |
|data_V_data_52_V_empty_n  |  in |    1|   ap_fifo  |               data_V_data_52_V               |    pointer   |
|data_V_data_52_V_read     | out |    1|   ap_fifo  |               data_V_data_52_V               |    pointer   |
|data_V_data_53_V_dout     |  in |   16|   ap_fifo  |               data_V_data_53_V               |    pointer   |
|data_V_data_53_V_empty_n  |  in |    1|   ap_fifo  |               data_V_data_53_V               |    pointer   |
|data_V_data_53_V_read     | out |    1|   ap_fifo  |               data_V_data_53_V               |    pointer   |
|data_V_data_54_V_dout     |  in |   16|   ap_fifo  |               data_V_data_54_V               |    pointer   |
|data_V_data_54_V_empty_n  |  in |    1|   ap_fifo  |               data_V_data_54_V               |    pointer   |
|data_V_data_54_V_read     | out |    1|   ap_fifo  |               data_V_data_54_V               |    pointer   |
|data_V_data_55_V_dout     |  in |   16|   ap_fifo  |               data_V_data_55_V               |    pointer   |
|data_V_data_55_V_empty_n  |  in |    1|   ap_fifo  |               data_V_data_55_V               |    pointer   |
|data_V_data_55_V_read     | out |    1|   ap_fifo  |               data_V_data_55_V               |    pointer   |
|data_V_data_56_V_dout     |  in |   16|   ap_fifo  |               data_V_data_56_V               |    pointer   |
|data_V_data_56_V_empty_n  |  in |    1|   ap_fifo  |               data_V_data_56_V               |    pointer   |
|data_V_data_56_V_read     | out |    1|   ap_fifo  |               data_V_data_56_V               |    pointer   |
|data_V_data_57_V_dout     |  in |   16|   ap_fifo  |               data_V_data_57_V               |    pointer   |
|data_V_data_57_V_empty_n  |  in |    1|   ap_fifo  |               data_V_data_57_V               |    pointer   |
|data_V_data_57_V_read     | out |    1|   ap_fifo  |               data_V_data_57_V               |    pointer   |
|data_V_data_58_V_dout     |  in |   16|   ap_fifo  |               data_V_data_58_V               |    pointer   |
|data_V_data_58_V_empty_n  |  in |    1|   ap_fifo  |               data_V_data_58_V               |    pointer   |
|data_V_data_58_V_read     | out |    1|   ap_fifo  |               data_V_data_58_V               |    pointer   |
|data_V_data_59_V_dout     |  in |   16|   ap_fifo  |               data_V_data_59_V               |    pointer   |
|data_V_data_59_V_empty_n  |  in |    1|   ap_fifo  |               data_V_data_59_V               |    pointer   |
|data_V_data_59_V_read     | out |    1|   ap_fifo  |               data_V_data_59_V               |    pointer   |
|data_V_data_60_V_dout     |  in |   16|   ap_fifo  |               data_V_data_60_V               |    pointer   |
|data_V_data_60_V_empty_n  |  in |    1|   ap_fifo  |               data_V_data_60_V               |    pointer   |
|data_V_data_60_V_read     | out |    1|   ap_fifo  |               data_V_data_60_V               |    pointer   |
|data_V_data_61_V_dout     |  in |   16|   ap_fifo  |               data_V_data_61_V               |    pointer   |
|data_V_data_61_V_empty_n  |  in |    1|   ap_fifo  |               data_V_data_61_V               |    pointer   |
|data_V_data_61_V_read     | out |    1|   ap_fifo  |               data_V_data_61_V               |    pointer   |
|data_V_data_62_V_dout     |  in |   16|   ap_fifo  |               data_V_data_62_V               |    pointer   |
|data_V_data_62_V_empty_n  |  in |    1|   ap_fifo  |               data_V_data_62_V               |    pointer   |
|data_V_data_62_V_read     | out |    1|   ap_fifo  |               data_V_data_62_V               |    pointer   |
|data_V_data_63_V_dout     |  in |   16|   ap_fifo  |               data_V_data_63_V               |    pointer   |
|data_V_data_63_V_empty_n  |  in |    1|   ap_fifo  |               data_V_data_63_V               |    pointer   |
|data_V_data_63_V_read     | out |    1|   ap_fifo  |               data_V_data_63_V               |    pointer   |
|res_V_data_0_V_din        | out |   16|   ap_fifo  |                res_V_data_0_V                |    pointer   |
|res_V_data_0_V_full_n     |  in |    1|   ap_fifo  |                res_V_data_0_V                |    pointer   |
|res_V_data_0_V_write      | out |    1|   ap_fifo  |                res_V_data_0_V                |    pointer   |
|res_V_data_1_V_din        | out |   16|   ap_fifo  |                res_V_data_1_V                |    pointer   |
|res_V_data_1_V_full_n     |  in |    1|   ap_fifo  |                res_V_data_1_V                |    pointer   |
|res_V_data_1_V_write      | out |    1|   ap_fifo  |                res_V_data_1_V                |    pointer   |
|res_V_data_2_V_din        | out |   16|   ap_fifo  |                res_V_data_2_V                |    pointer   |
|res_V_data_2_V_full_n     |  in |    1|   ap_fifo  |                res_V_data_2_V                |    pointer   |
|res_V_data_2_V_write      | out |    1|   ap_fifo  |                res_V_data_2_V                |    pointer   |
|res_V_data_3_V_din        | out |   16|   ap_fifo  |                res_V_data_3_V                |    pointer   |
|res_V_data_3_V_full_n     |  in |    1|   ap_fifo  |                res_V_data_3_V                |    pointer   |
|res_V_data_3_V_write      | out |    1|   ap_fifo  |                res_V_data_3_V                |    pointer   |
|res_V_data_4_V_din        | out |   16|   ap_fifo  |                res_V_data_4_V                |    pointer   |
|res_V_data_4_V_full_n     |  in |    1|   ap_fifo  |                res_V_data_4_V                |    pointer   |
|res_V_data_4_V_write      | out |    1|   ap_fifo  |                res_V_data_4_V                |    pointer   |
|res_V_data_5_V_din        | out |   16|   ap_fifo  |                res_V_data_5_V                |    pointer   |
|res_V_data_5_V_full_n     |  in |    1|   ap_fifo  |                res_V_data_5_V                |    pointer   |
|res_V_data_5_V_write      | out |    1|   ap_fifo  |                res_V_data_5_V                |    pointer   |
|res_V_data_6_V_din        | out |   16|   ap_fifo  |                res_V_data_6_V                |    pointer   |
|res_V_data_6_V_full_n     |  in |    1|   ap_fifo  |                res_V_data_6_V                |    pointer   |
|res_V_data_6_V_write      | out |    1|   ap_fifo  |                res_V_data_6_V                |    pointer   |
|res_V_data_7_V_din        | out |   16|   ap_fifo  |                res_V_data_7_V                |    pointer   |
|res_V_data_7_V_full_n     |  in |    1|   ap_fifo  |                res_V_data_7_V                |    pointer   |
|res_V_data_7_V_write      | out |    1|   ap_fifo  |                res_V_data_7_V                |    pointer   |
|res_V_data_8_V_din        | out |   16|   ap_fifo  |                res_V_data_8_V                |    pointer   |
|res_V_data_8_V_full_n     |  in |    1|   ap_fifo  |                res_V_data_8_V                |    pointer   |
|res_V_data_8_V_write      | out |    1|   ap_fifo  |                res_V_data_8_V                |    pointer   |
|res_V_data_9_V_din        | out |   16|   ap_fifo  |                res_V_data_9_V                |    pointer   |
|res_V_data_9_V_full_n     |  in |    1|   ap_fifo  |                res_V_data_9_V                |    pointer   |
|res_V_data_9_V_write      | out |    1|   ap_fifo  |                res_V_data_9_V                |    pointer   |
|res_V_data_10_V_din       | out |   16|   ap_fifo  |                res_V_data_10_V               |    pointer   |
|res_V_data_10_V_full_n    |  in |    1|   ap_fifo  |                res_V_data_10_V               |    pointer   |
|res_V_data_10_V_write     | out |    1|   ap_fifo  |                res_V_data_10_V               |    pointer   |
|res_V_data_11_V_din       | out |   16|   ap_fifo  |                res_V_data_11_V               |    pointer   |
|res_V_data_11_V_full_n    |  in |    1|   ap_fifo  |                res_V_data_11_V               |    pointer   |
|res_V_data_11_V_write     | out |    1|   ap_fifo  |                res_V_data_11_V               |    pointer   |
|res_V_data_12_V_din       | out |   16|   ap_fifo  |                res_V_data_12_V               |    pointer   |
|res_V_data_12_V_full_n    |  in |    1|   ap_fifo  |                res_V_data_12_V               |    pointer   |
|res_V_data_12_V_write     | out |    1|   ap_fifo  |                res_V_data_12_V               |    pointer   |
|res_V_data_13_V_din       | out |   16|   ap_fifo  |                res_V_data_13_V               |    pointer   |
|res_V_data_13_V_full_n    |  in |    1|   ap_fifo  |                res_V_data_13_V               |    pointer   |
|res_V_data_13_V_write     | out |    1|   ap_fifo  |                res_V_data_13_V               |    pointer   |
|res_V_data_14_V_din       | out |   16|   ap_fifo  |                res_V_data_14_V               |    pointer   |
|res_V_data_14_V_full_n    |  in |    1|   ap_fifo  |                res_V_data_14_V               |    pointer   |
|res_V_data_14_V_write     | out |    1|   ap_fifo  |                res_V_data_14_V               |    pointer   |
|res_V_data_15_V_din       | out |   16|   ap_fifo  |                res_V_data_15_V               |    pointer   |
|res_V_data_15_V_full_n    |  in |    1|   ap_fifo  |                res_V_data_15_V               |    pointer   |
|res_V_data_15_V_write     | out |    1|   ap_fifo  |                res_V_data_15_V               |    pointer   |
|res_V_data_16_V_din       | out |   16|   ap_fifo  |                res_V_data_16_V               |    pointer   |
|res_V_data_16_V_full_n    |  in |    1|   ap_fifo  |                res_V_data_16_V               |    pointer   |
|res_V_data_16_V_write     | out |    1|   ap_fifo  |                res_V_data_16_V               |    pointer   |
|res_V_data_17_V_din       | out |   16|   ap_fifo  |                res_V_data_17_V               |    pointer   |
|res_V_data_17_V_full_n    |  in |    1|   ap_fifo  |                res_V_data_17_V               |    pointer   |
|res_V_data_17_V_write     | out |    1|   ap_fifo  |                res_V_data_17_V               |    pointer   |
|res_V_data_18_V_din       | out |   16|   ap_fifo  |                res_V_data_18_V               |    pointer   |
|res_V_data_18_V_full_n    |  in |    1|   ap_fifo  |                res_V_data_18_V               |    pointer   |
|res_V_data_18_V_write     | out |    1|   ap_fifo  |                res_V_data_18_V               |    pointer   |
|res_V_data_19_V_din       | out |   16|   ap_fifo  |                res_V_data_19_V               |    pointer   |
|res_V_data_19_V_full_n    |  in |    1|   ap_fifo  |                res_V_data_19_V               |    pointer   |
|res_V_data_19_V_write     | out |    1|   ap_fifo  |                res_V_data_19_V               |    pointer   |
|res_V_data_20_V_din       | out |   16|   ap_fifo  |                res_V_data_20_V               |    pointer   |
|res_V_data_20_V_full_n    |  in |    1|   ap_fifo  |                res_V_data_20_V               |    pointer   |
|res_V_data_20_V_write     | out |    1|   ap_fifo  |                res_V_data_20_V               |    pointer   |
|res_V_data_21_V_din       | out |   16|   ap_fifo  |                res_V_data_21_V               |    pointer   |
|res_V_data_21_V_full_n    |  in |    1|   ap_fifo  |                res_V_data_21_V               |    pointer   |
|res_V_data_21_V_write     | out |    1|   ap_fifo  |                res_V_data_21_V               |    pointer   |
|res_V_data_22_V_din       | out |   16|   ap_fifo  |                res_V_data_22_V               |    pointer   |
|res_V_data_22_V_full_n    |  in |    1|   ap_fifo  |                res_V_data_22_V               |    pointer   |
|res_V_data_22_V_write     | out |    1|   ap_fifo  |                res_V_data_22_V               |    pointer   |
|res_V_data_23_V_din       | out |   16|   ap_fifo  |                res_V_data_23_V               |    pointer   |
|res_V_data_23_V_full_n    |  in |    1|   ap_fifo  |                res_V_data_23_V               |    pointer   |
|res_V_data_23_V_write     | out |    1|   ap_fifo  |                res_V_data_23_V               |    pointer   |
|res_V_data_24_V_din       | out |   16|   ap_fifo  |                res_V_data_24_V               |    pointer   |
|res_V_data_24_V_full_n    |  in |    1|   ap_fifo  |                res_V_data_24_V               |    pointer   |
|res_V_data_24_V_write     | out |    1|   ap_fifo  |                res_V_data_24_V               |    pointer   |
|res_V_data_25_V_din       | out |   16|   ap_fifo  |                res_V_data_25_V               |    pointer   |
|res_V_data_25_V_full_n    |  in |    1|   ap_fifo  |                res_V_data_25_V               |    pointer   |
|res_V_data_25_V_write     | out |    1|   ap_fifo  |                res_V_data_25_V               |    pointer   |
|res_V_data_26_V_din       | out |   16|   ap_fifo  |                res_V_data_26_V               |    pointer   |
|res_V_data_26_V_full_n    |  in |    1|   ap_fifo  |                res_V_data_26_V               |    pointer   |
|res_V_data_26_V_write     | out |    1|   ap_fifo  |                res_V_data_26_V               |    pointer   |
|res_V_data_27_V_din       | out |   16|   ap_fifo  |                res_V_data_27_V               |    pointer   |
|res_V_data_27_V_full_n    |  in |    1|   ap_fifo  |                res_V_data_27_V               |    pointer   |
|res_V_data_27_V_write     | out |    1|   ap_fifo  |                res_V_data_27_V               |    pointer   |
|res_V_data_28_V_din       | out |   16|   ap_fifo  |                res_V_data_28_V               |    pointer   |
|res_V_data_28_V_full_n    |  in |    1|   ap_fifo  |                res_V_data_28_V               |    pointer   |
|res_V_data_28_V_write     | out |    1|   ap_fifo  |                res_V_data_28_V               |    pointer   |
|res_V_data_29_V_din       | out |   16|   ap_fifo  |                res_V_data_29_V               |    pointer   |
|res_V_data_29_V_full_n    |  in |    1|   ap_fifo  |                res_V_data_29_V               |    pointer   |
|res_V_data_29_V_write     | out |    1|   ap_fifo  |                res_V_data_29_V               |    pointer   |
|res_V_data_30_V_din       | out |   16|   ap_fifo  |                res_V_data_30_V               |    pointer   |
|res_V_data_30_V_full_n    |  in |    1|   ap_fifo  |                res_V_data_30_V               |    pointer   |
|res_V_data_30_V_write     | out |    1|   ap_fifo  |                res_V_data_30_V               |    pointer   |
|res_V_data_31_V_din       | out |   16|   ap_fifo  |                res_V_data_31_V               |    pointer   |
|res_V_data_31_V_full_n    |  in |    1|   ap_fifo  |                res_V_data_31_V               |    pointer   |
|res_V_data_31_V_write     | out |    1|   ap_fifo  |                res_V_data_31_V               |    pointer   |
|res_V_data_32_V_din       | out |   16|   ap_fifo  |                res_V_data_32_V               |    pointer   |
|res_V_data_32_V_full_n    |  in |    1|   ap_fifo  |                res_V_data_32_V               |    pointer   |
|res_V_data_32_V_write     | out |    1|   ap_fifo  |                res_V_data_32_V               |    pointer   |
|res_V_data_33_V_din       | out |   16|   ap_fifo  |                res_V_data_33_V               |    pointer   |
|res_V_data_33_V_full_n    |  in |    1|   ap_fifo  |                res_V_data_33_V               |    pointer   |
|res_V_data_33_V_write     | out |    1|   ap_fifo  |                res_V_data_33_V               |    pointer   |
|res_V_data_34_V_din       | out |   16|   ap_fifo  |                res_V_data_34_V               |    pointer   |
|res_V_data_34_V_full_n    |  in |    1|   ap_fifo  |                res_V_data_34_V               |    pointer   |
|res_V_data_34_V_write     | out |    1|   ap_fifo  |                res_V_data_34_V               |    pointer   |
|res_V_data_35_V_din       | out |   16|   ap_fifo  |                res_V_data_35_V               |    pointer   |
|res_V_data_35_V_full_n    |  in |    1|   ap_fifo  |                res_V_data_35_V               |    pointer   |
|res_V_data_35_V_write     | out |    1|   ap_fifo  |                res_V_data_35_V               |    pointer   |
|res_V_data_36_V_din       | out |   16|   ap_fifo  |                res_V_data_36_V               |    pointer   |
|res_V_data_36_V_full_n    |  in |    1|   ap_fifo  |                res_V_data_36_V               |    pointer   |
|res_V_data_36_V_write     | out |    1|   ap_fifo  |                res_V_data_36_V               |    pointer   |
|res_V_data_37_V_din       | out |   16|   ap_fifo  |                res_V_data_37_V               |    pointer   |
|res_V_data_37_V_full_n    |  in |    1|   ap_fifo  |                res_V_data_37_V               |    pointer   |
|res_V_data_37_V_write     | out |    1|   ap_fifo  |                res_V_data_37_V               |    pointer   |
|res_V_data_38_V_din       | out |   16|   ap_fifo  |                res_V_data_38_V               |    pointer   |
|res_V_data_38_V_full_n    |  in |    1|   ap_fifo  |                res_V_data_38_V               |    pointer   |
|res_V_data_38_V_write     | out |    1|   ap_fifo  |                res_V_data_38_V               |    pointer   |
|res_V_data_39_V_din       | out |   16|   ap_fifo  |                res_V_data_39_V               |    pointer   |
|res_V_data_39_V_full_n    |  in |    1|   ap_fifo  |                res_V_data_39_V               |    pointer   |
|res_V_data_39_V_write     | out |    1|   ap_fifo  |                res_V_data_39_V               |    pointer   |
|res_V_data_40_V_din       | out |   16|   ap_fifo  |                res_V_data_40_V               |    pointer   |
|res_V_data_40_V_full_n    |  in |    1|   ap_fifo  |                res_V_data_40_V               |    pointer   |
|res_V_data_40_V_write     | out |    1|   ap_fifo  |                res_V_data_40_V               |    pointer   |
|res_V_data_41_V_din       | out |   16|   ap_fifo  |                res_V_data_41_V               |    pointer   |
|res_V_data_41_V_full_n    |  in |    1|   ap_fifo  |                res_V_data_41_V               |    pointer   |
|res_V_data_41_V_write     | out |    1|   ap_fifo  |                res_V_data_41_V               |    pointer   |
|res_V_data_42_V_din       | out |   16|   ap_fifo  |                res_V_data_42_V               |    pointer   |
|res_V_data_42_V_full_n    |  in |    1|   ap_fifo  |                res_V_data_42_V               |    pointer   |
|res_V_data_42_V_write     | out |    1|   ap_fifo  |                res_V_data_42_V               |    pointer   |
|res_V_data_43_V_din       | out |   16|   ap_fifo  |                res_V_data_43_V               |    pointer   |
|res_V_data_43_V_full_n    |  in |    1|   ap_fifo  |                res_V_data_43_V               |    pointer   |
|res_V_data_43_V_write     | out |    1|   ap_fifo  |                res_V_data_43_V               |    pointer   |
|res_V_data_44_V_din       | out |   16|   ap_fifo  |                res_V_data_44_V               |    pointer   |
|res_V_data_44_V_full_n    |  in |    1|   ap_fifo  |                res_V_data_44_V               |    pointer   |
|res_V_data_44_V_write     | out |    1|   ap_fifo  |                res_V_data_44_V               |    pointer   |
|res_V_data_45_V_din       | out |   16|   ap_fifo  |                res_V_data_45_V               |    pointer   |
|res_V_data_45_V_full_n    |  in |    1|   ap_fifo  |                res_V_data_45_V               |    pointer   |
|res_V_data_45_V_write     | out |    1|   ap_fifo  |                res_V_data_45_V               |    pointer   |
|res_V_data_46_V_din       | out |   16|   ap_fifo  |                res_V_data_46_V               |    pointer   |
|res_V_data_46_V_full_n    |  in |    1|   ap_fifo  |                res_V_data_46_V               |    pointer   |
|res_V_data_46_V_write     | out |    1|   ap_fifo  |                res_V_data_46_V               |    pointer   |
|res_V_data_47_V_din       | out |   16|   ap_fifo  |                res_V_data_47_V               |    pointer   |
|res_V_data_47_V_full_n    |  in |    1|   ap_fifo  |                res_V_data_47_V               |    pointer   |
|res_V_data_47_V_write     | out |    1|   ap_fifo  |                res_V_data_47_V               |    pointer   |
|res_V_data_48_V_din       | out |   16|   ap_fifo  |                res_V_data_48_V               |    pointer   |
|res_V_data_48_V_full_n    |  in |    1|   ap_fifo  |                res_V_data_48_V               |    pointer   |
|res_V_data_48_V_write     | out |    1|   ap_fifo  |                res_V_data_48_V               |    pointer   |
|res_V_data_49_V_din       | out |   16|   ap_fifo  |                res_V_data_49_V               |    pointer   |
|res_V_data_49_V_full_n    |  in |    1|   ap_fifo  |                res_V_data_49_V               |    pointer   |
|res_V_data_49_V_write     | out |    1|   ap_fifo  |                res_V_data_49_V               |    pointer   |
|res_V_data_50_V_din       | out |   16|   ap_fifo  |                res_V_data_50_V               |    pointer   |
|res_V_data_50_V_full_n    |  in |    1|   ap_fifo  |                res_V_data_50_V               |    pointer   |
|res_V_data_50_V_write     | out |    1|   ap_fifo  |                res_V_data_50_V               |    pointer   |
|res_V_data_51_V_din       | out |   16|   ap_fifo  |                res_V_data_51_V               |    pointer   |
|res_V_data_51_V_full_n    |  in |    1|   ap_fifo  |                res_V_data_51_V               |    pointer   |
|res_V_data_51_V_write     | out |    1|   ap_fifo  |                res_V_data_51_V               |    pointer   |
|res_V_data_52_V_din       | out |   16|   ap_fifo  |                res_V_data_52_V               |    pointer   |
|res_V_data_52_V_full_n    |  in |    1|   ap_fifo  |                res_V_data_52_V               |    pointer   |
|res_V_data_52_V_write     | out |    1|   ap_fifo  |                res_V_data_52_V               |    pointer   |
|res_V_data_53_V_din       | out |   16|   ap_fifo  |                res_V_data_53_V               |    pointer   |
|res_V_data_53_V_full_n    |  in |    1|   ap_fifo  |                res_V_data_53_V               |    pointer   |
|res_V_data_53_V_write     | out |    1|   ap_fifo  |                res_V_data_53_V               |    pointer   |
|res_V_data_54_V_din       | out |   16|   ap_fifo  |                res_V_data_54_V               |    pointer   |
|res_V_data_54_V_full_n    |  in |    1|   ap_fifo  |                res_V_data_54_V               |    pointer   |
|res_V_data_54_V_write     | out |    1|   ap_fifo  |                res_V_data_54_V               |    pointer   |
|res_V_data_55_V_din       | out |   16|   ap_fifo  |                res_V_data_55_V               |    pointer   |
|res_V_data_55_V_full_n    |  in |    1|   ap_fifo  |                res_V_data_55_V               |    pointer   |
|res_V_data_55_V_write     | out |    1|   ap_fifo  |                res_V_data_55_V               |    pointer   |
|res_V_data_56_V_din       | out |   16|   ap_fifo  |                res_V_data_56_V               |    pointer   |
|res_V_data_56_V_full_n    |  in |    1|   ap_fifo  |                res_V_data_56_V               |    pointer   |
|res_V_data_56_V_write     | out |    1|   ap_fifo  |                res_V_data_56_V               |    pointer   |
|res_V_data_57_V_din       | out |   16|   ap_fifo  |                res_V_data_57_V               |    pointer   |
|res_V_data_57_V_full_n    |  in |    1|   ap_fifo  |                res_V_data_57_V               |    pointer   |
|res_V_data_57_V_write     | out |    1|   ap_fifo  |                res_V_data_57_V               |    pointer   |
|res_V_data_58_V_din       | out |   16|   ap_fifo  |                res_V_data_58_V               |    pointer   |
|res_V_data_58_V_full_n    |  in |    1|   ap_fifo  |                res_V_data_58_V               |    pointer   |
|res_V_data_58_V_write     | out |    1|   ap_fifo  |                res_V_data_58_V               |    pointer   |
|res_V_data_59_V_din       | out |   16|   ap_fifo  |                res_V_data_59_V               |    pointer   |
|res_V_data_59_V_full_n    |  in |    1|   ap_fifo  |                res_V_data_59_V               |    pointer   |
|res_V_data_59_V_write     | out |    1|   ap_fifo  |                res_V_data_59_V               |    pointer   |
|res_V_data_60_V_din       | out |   16|   ap_fifo  |                res_V_data_60_V               |    pointer   |
|res_V_data_60_V_full_n    |  in |    1|   ap_fifo  |                res_V_data_60_V               |    pointer   |
|res_V_data_60_V_write     | out |    1|   ap_fifo  |                res_V_data_60_V               |    pointer   |
|res_V_data_61_V_din       | out |   16|   ap_fifo  |                res_V_data_61_V               |    pointer   |
|res_V_data_61_V_full_n    |  in |    1|   ap_fifo  |                res_V_data_61_V               |    pointer   |
|res_V_data_61_V_write     | out |    1|   ap_fifo  |                res_V_data_61_V               |    pointer   |
|res_V_data_62_V_din       | out |   16|   ap_fifo  |                res_V_data_62_V               |    pointer   |
|res_V_data_62_V_full_n    |  in |    1|   ap_fifo  |                res_V_data_62_V               |    pointer   |
|res_V_data_62_V_write     | out |    1|   ap_fifo  |                res_V_data_62_V               |    pointer   |
|res_V_data_63_V_din       | out |   16|   ap_fifo  |                res_V_data_63_V               |    pointer   |
|res_V_data_63_V_full_n    |  in |    1|   ap_fifo  |                res_V_data_63_V               |    pointer   |
|res_V_data_63_V_write     | out |    1|   ap_fifo  |                res_V_data_63_V               |    pointer   |
+--------------------------+-----+-----+------------+----------------------------------------------+--------------+

