

================================================================
== Vivado HLS Report for 'global_pooling1d_cl_array_array_ap_fixed_64u_config10_s'
================================================================
* Date:           Tue Jan 17 12:11:58 2023

* Version:        2019.2 (Build 2704478 on Wed Nov 06 22:10:23 MST 2019)
* Project:        myproject_prj
* Solution:       solution1
* Product family: virtex7
* Target device:  xc7vx690t-ffg1761-2


================================================================
== Performance Estimates
================================================================
+ Timing: 
    * Summary: 
    +--------+---------+----------+------------+
    |  Clock |  Target | Estimated| Uncertainty|
    +--------+---------+----------+------------+
    |ap_clk  | 3.33 ns | 1.655 ns |   0.42 ns  |
    +--------+---------+----------+------------+

+ Latency: 
    * Summary: 
    +---------+---------+-----------+-----------+-----+-----+----------+
    |  Latency (cycles) |   Latency (absolute)  |  Interval | Pipeline |
    |   min   |   max   |    min    |    max    | min | max |   Type   |
    +---------+---------+-----------+-----------+-----+-----+----------+
    |        4|        4| 13.320 ns | 13.320 ns |    3|    3| function |
    +---------+---------+-----------+-----------+-----+-----+----------+

    + Detail: 
        * Instance: 
        +---------------------------------------------------------------------+---------------------------------------------------------+---------+---------+----------+----------+-----+-----+----------+
        |                                                                     |                                                         |  Latency (cycles) |  Latency (absolute) |  Interval | Pipeline |
        |                               Instance                              |                          Module                         |   min   |   max   |    min   |    max   | min | max |   Type   |
        +---------------------------------------------------------------------+---------------------------------------------------------+---------+---------+----------+----------+-----+-----+----------+
        |grp_compute_global_pool_array_array_ap_fixed_64u_config10_s_fu_2154  |compute_global_pool_array_array_ap_fixed_64u_config10_s  |        0|        0|   0 ns   |   0 ns   |    1|    1| function |
        +---------------------------------------------------------------------+---------------------------------------------------------+---------+---------+----------+----------+-----+-----+----------+

        * Loop: 
        N/A



================================================================
== Utilization Estimates
================================================================
* Summary: 
+-----------------+---------+-------+--------+--------+-----+
|       Name      | BRAM_18K| DSP48E|   FF   |   LUT  | URAM|
+-----------------+---------+-------+--------+--------+-----+
|DSP              |        -|      -|       -|       -|    -|
|Expression       |        -|      -|       0|      14|    -|
|FIFO             |        -|      -|       -|       -|    -|
|Instance         |        -|      -|       0|    1856|    -|
|Memory           |        -|      -|       -|       -|    -|
|Multiplexer      |        -|      -|       -|    2169|    -|
|Register         |        -|      -|    2055|       -|    -|
+-----------------+---------+-------+--------+--------+-----+
|Total            |        0|      0|    2055|    4039|    0|
+-----------------+---------+-------+--------+--------+-----+
|Available        |     2940|   3600|  866400|  433200|    0|
+-----------------+---------+-------+--------+--------+-----+
|Utilization (%)  |        0|      0|   ~0   |   ~0   |    0|
+-----------------+---------+-------+--------+--------+-----+

+ Detail: 
    * Instance: 
    +---------------------------------------------------------------------+---------------------------------------------------------+---------+-------+---+------+-----+
    |                               Instance                              |                          Module                         | BRAM_18K| DSP48E| FF|  LUT | URAM|
    +---------------------------------------------------------------------+---------------------------------------------------------+---------+-------+---+------+-----+
    |grp_compute_global_pool_array_array_ap_fixed_64u_config10_s_fu_2154  |compute_global_pool_array_array_ap_fixed_64u_config10_s  |        0|      0|  0|  1856|    0|
    +---------------------------------------------------------------------+---------------------------------------------------------+---------+-------+---+------+-----+
    |Total                                                                |                                                         |        0|      0|  0|  1856|    0|
    +---------------------------------------------------------------------+---------------------------------------------------------+---------+-------+---+------+-----+

    * DSP48E: 
    N/A

    * Memory: 
    N/A

    * FIFO: 
    N/A

    * Expression: 
    +----------------------------------+----------+-------+---+----+------------+------------+
    |           Variable Name          | Operation| DSP48E| FF| LUT| Bitwidth P0| Bitwidth P1|
    +----------------------------------+----------+-------+---+----+------------+------------+
    |ap_block_pp0_stage0_11001         |    and   |      0|  0|   2|           1|           1|
    |io_acc_block_signal_op136         |    and   |      0|  0|   2|           1|           1|
    |io_acc_block_signal_op527         |    and   |      0|  0|   2|           1|           1|
    |ap_block_pp0_stage1_01001         |    or    |      0|  0|   2|           1|           1|
    |ap_block_pp0_stage2_11001         |    or    |      0|  0|   2|           1|           1|
    |ap_block_state1_pp0_stage0_iter0  |    or    |      0|  0|   2|           1|           1|
    |ap_enable_pp0                     |    xor   |      0|  0|   2|           1|           2|
    +----------------------------------+----------+-------+---+----+------------+------------+
    |Total                             |          |      0|  0|  14|           7|           8|
    +----------------------------------+----------+-------+---+----+------------+------------+

    * Multiplexer: 
    +-------------------------------------------------------------------------------------------+----+-----------+-----+-----------+
    |                                            Name                                           | LUT| Input Size| Bits| Total Bits|
    +-------------------------------------------------------------------------------------------+----+-----------+-----+-----------+
    |ap_NS_fsm                                                                                  |  21|          4|    1|          4|
    |ap_done                                                                                    |   9|          2|    1|          2|
    |ap_enable_reg_pp0_iter0                                                                    |   9|          2|    1|          2|
    |ap_enable_reg_pp0_iter1                                                                    |   9|          2|    1|          2|
    |data_V_data_0_V_blk_n                                                                      |   9|          2|    1|          2|
    |data_V_data_10_V_blk_n                                                                     |   9|          2|    1|          2|
    |data_V_data_11_V_blk_n                                                                     |   9|          2|    1|          2|
    |data_V_data_12_V_blk_n                                                                     |   9|          2|    1|          2|
    |data_V_data_13_V_blk_n                                                                     |   9|          2|    1|          2|
    |data_V_data_14_V_blk_n                                                                     |   9|          2|    1|          2|
    |data_V_data_15_V_blk_n                                                                     |   9|          2|    1|          2|
    |data_V_data_16_V_blk_n                                                                     |   9|          2|    1|          2|
    |data_V_data_17_V_blk_n                                                                     |   9|          2|    1|          2|
    |data_V_data_18_V_blk_n                                                                     |   9|          2|    1|          2|
    |data_V_data_19_V_blk_n                                                                     |   9|          2|    1|          2|
    |data_V_data_1_V_blk_n                                                                      |   9|          2|    1|          2|
    |data_V_data_20_V_blk_n                                                                     |   9|          2|    1|          2|
    |data_V_data_21_V_blk_n                                                                     |   9|          2|    1|          2|
    |data_V_data_22_V_blk_n                                                                     |   9|          2|    1|          2|
    |data_V_data_23_V_blk_n                                                                     |   9|          2|    1|          2|
    |data_V_data_24_V_blk_n                                                                     |   9|          2|    1|          2|
    |data_V_data_25_V_blk_n                                                                     |   9|          2|    1|          2|
    |data_V_data_26_V_blk_n                                                                     |   9|          2|    1|          2|
    |data_V_data_27_V_blk_n                                                                     |   9|          2|    1|          2|
    |data_V_data_28_V_blk_n                                                                     |   9|          2|    1|          2|
    |data_V_data_29_V_blk_n                                                                     |   9|          2|    1|          2|
    |data_V_data_2_V_blk_n                                                                      |   9|          2|    1|          2|
    |data_V_data_30_V_blk_n                                                                     |   9|          2|    1|          2|
    |data_V_data_31_V_blk_n                                                                     |   9|          2|    1|          2|
    |data_V_data_32_V_blk_n                                                                     |   9|          2|    1|          2|
    |data_V_data_33_V_blk_n                                                                     |   9|          2|    1|          2|
    |data_V_data_34_V_blk_n                                                                     |   9|          2|    1|          2|
    |data_V_data_35_V_blk_n                                                                     |   9|          2|    1|          2|
    |data_V_data_36_V_blk_n                                                                     |   9|          2|    1|          2|
    |data_V_data_37_V_blk_n                                                                     |   9|          2|    1|          2|
    |data_V_data_38_V_blk_n                                                                     |   9|          2|    1|          2|
    |data_V_data_39_V_blk_n                                                                     |   9|          2|    1|          2|
    |data_V_data_3_V_blk_n                                                                      |   9|          2|    1|          2|
    |data_V_data_40_V_blk_n                                                                     |   9|          2|    1|          2|
    |data_V_data_41_V_blk_n                                                                     |   9|          2|    1|          2|
    |data_V_data_42_V_blk_n                                                                     |   9|          2|    1|          2|
    |data_V_data_43_V_blk_n                                                                     |   9|          2|    1|          2|
    |data_V_data_44_V_blk_n                                                                     |   9|          2|    1|          2|
    |data_V_data_45_V_blk_n                                                                     |   9|          2|    1|          2|
    |data_V_data_46_V_blk_n                                                                     |   9|          2|    1|          2|
    |data_V_data_47_V_blk_n                                                                     |   9|          2|    1|          2|
    |data_V_data_48_V_blk_n                                                                     |   9|          2|    1|          2|
    |data_V_data_49_V_blk_n                                                                     |   9|          2|    1|          2|
    |data_V_data_4_V_blk_n                                                                      |   9|          2|    1|          2|
    |data_V_data_50_V_blk_n                                                                     |   9|          2|    1|          2|
    |data_V_data_51_V_blk_n                                                                     |   9|          2|    1|          2|
    |data_V_data_52_V_blk_n                                                                     |   9|          2|    1|          2|
    |data_V_data_53_V_blk_n                                                                     |   9|          2|    1|          2|
    |data_V_data_54_V_blk_n                                                                     |   9|          2|    1|          2|
    |data_V_data_55_V_blk_n                                                                     |   9|          2|    1|          2|
    |data_V_data_56_V_blk_n                                                                     |   9|          2|    1|          2|
    |data_V_data_57_V_blk_n                                                                     |   9|          2|    1|          2|
    |data_V_data_58_V_blk_n                                                                     |   9|          2|    1|          2|
    |data_V_data_59_V_blk_n                                                                     |   9|          2|    1|          2|
    |data_V_data_5_V_blk_n                                                                      |   9|          2|    1|          2|
    |data_V_data_60_V_blk_n                                                                     |   9|          2|    1|          2|
    |data_V_data_61_V_blk_n                                                                     |   9|          2|    1|          2|
    |data_V_data_62_V_blk_n                                                                     |   9|          2|    1|          2|
    |data_V_data_63_V_blk_n                                                                     |   9|          2|    1|          2|
    |data_V_data_6_V_blk_n                                                                      |   9|          2|    1|          2|
    |data_V_data_7_V_blk_n                                                                      |   9|          2|    1|          2|
    |data_V_data_8_V_blk_n                                                                      |   9|          2|    1|          2|
    |data_V_data_9_V_blk_n                                                                      |   9|          2|    1|          2|
    |grp_compute_global_pool_array_array_ap_fixed_64u_config10_s_fu_2154_data_window_0_V_read   |  15|          3|   16|         48|
    |grp_compute_global_pool_array_array_ap_fixed_64u_config10_s_fu_2154_data_window_10_V_read  |  15|          3|   16|         48|
    |grp_compute_global_pool_array_array_ap_fixed_64u_config10_s_fu_2154_data_window_11_V_read  |  15|          3|   16|         48|
    |grp_compute_global_pool_array_array_ap_fixed_64u_config10_s_fu_2154_data_window_12_V_read  |  15|          3|   16|         48|
    |grp_compute_global_pool_array_array_ap_fixed_64u_config10_s_fu_2154_data_window_13_V_read  |  15|          3|   16|         48|
    |grp_compute_global_pool_array_array_ap_fixed_64u_config10_s_fu_2154_data_window_14_V_read  |  15|          3|   16|         48|
    |grp_compute_global_pool_array_array_ap_fixed_64u_config10_s_fu_2154_data_window_15_V_read  |  15|          3|   16|         48|
    |grp_compute_global_pool_array_array_ap_fixed_64u_config10_s_fu_2154_data_window_16_V_read  |  15|          3|   16|         48|
    |grp_compute_global_pool_array_array_ap_fixed_64u_config10_s_fu_2154_data_window_17_V_read  |  15|          3|   16|         48|
    |grp_compute_global_pool_array_array_ap_fixed_64u_config10_s_fu_2154_data_window_18_V_read  |  15|          3|   16|         48|
    |grp_compute_global_pool_array_array_ap_fixed_64u_config10_s_fu_2154_data_window_19_V_read  |  15|          3|   16|         48|
    |grp_compute_global_pool_array_array_ap_fixed_64u_config10_s_fu_2154_data_window_1_V_read   |  15|          3|   16|         48|
    |grp_compute_global_pool_array_array_ap_fixed_64u_config10_s_fu_2154_data_window_20_V_read  |  15|          3|   16|         48|
    |grp_compute_global_pool_array_array_ap_fixed_64u_config10_s_fu_2154_data_window_21_V_read  |  15|          3|   16|         48|
    |grp_compute_global_pool_array_array_ap_fixed_64u_config10_s_fu_2154_data_window_22_V_read  |  15|          3|   16|         48|
    |grp_compute_global_pool_array_array_ap_fixed_64u_config10_s_fu_2154_data_window_23_V_read  |  15|          3|   16|         48|
    |grp_compute_global_pool_array_array_ap_fixed_64u_config10_s_fu_2154_data_window_24_V_read  |  15|          3|   16|         48|
    |grp_compute_global_pool_array_array_ap_fixed_64u_config10_s_fu_2154_data_window_25_V_read  |  15|          3|   16|         48|
    |grp_compute_global_pool_array_array_ap_fixed_64u_config10_s_fu_2154_data_window_26_V_read  |  15|          3|   16|         48|
    |grp_compute_global_pool_array_array_ap_fixed_64u_config10_s_fu_2154_data_window_27_V_read  |  15|          3|   16|         48|
    |grp_compute_global_pool_array_array_ap_fixed_64u_config10_s_fu_2154_data_window_28_V_read  |  15|          3|   16|         48|
    |grp_compute_global_pool_array_array_ap_fixed_64u_config10_s_fu_2154_data_window_29_V_read  |  15|          3|   16|         48|
    |grp_compute_global_pool_array_array_ap_fixed_64u_config10_s_fu_2154_data_window_2_V_read   |  15|          3|   16|         48|
    |grp_compute_global_pool_array_array_ap_fixed_64u_config10_s_fu_2154_data_window_30_V_read  |  15|          3|   16|         48|
    |grp_compute_global_pool_array_array_ap_fixed_64u_config10_s_fu_2154_data_window_31_V_read  |  15|          3|   16|         48|
    |grp_compute_global_pool_array_array_ap_fixed_64u_config10_s_fu_2154_data_window_32_V_read  |  15|          3|   16|         48|
    |grp_compute_global_pool_array_array_ap_fixed_64u_config10_s_fu_2154_data_window_33_V_read  |  15|          3|   16|         48|
    |grp_compute_global_pool_array_array_ap_fixed_64u_config10_s_fu_2154_data_window_34_V_read  |  15|          3|   16|         48|
    |grp_compute_global_pool_array_array_ap_fixed_64u_config10_s_fu_2154_data_window_35_V_read  |  15|          3|   16|         48|
    |grp_compute_global_pool_array_array_ap_fixed_64u_config10_s_fu_2154_data_window_36_V_read  |  15|          3|   16|         48|
    |grp_compute_global_pool_array_array_ap_fixed_64u_config10_s_fu_2154_data_window_37_V_read  |  15|          3|   16|         48|
    |grp_compute_global_pool_array_array_ap_fixed_64u_config10_s_fu_2154_data_window_38_V_read  |  15|          3|   16|         48|
    |grp_compute_global_pool_array_array_ap_fixed_64u_config10_s_fu_2154_data_window_39_V_read  |  15|          3|   16|         48|
    |grp_compute_global_pool_array_array_ap_fixed_64u_config10_s_fu_2154_data_window_3_V_read   |  15|          3|   16|         48|
    |grp_compute_global_pool_array_array_ap_fixed_64u_config10_s_fu_2154_data_window_40_V_read  |  15|          3|   16|         48|
    |grp_compute_global_pool_array_array_ap_fixed_64u_config10_s_fu_2154_data_window_41_V_read  |  15|          3|   16|         48|
    |grp_compute_global_pool_array_array_ap_fixed_64u_config10_s_fu_2154_data_window_42_V_read  |  15|          3|   16|         48|
    |grp_compute_global_pool_array_array_ap_fixed_64u_config10_s_fu_2154_data_window_43_V_read  |  15|          3|   16|         48|
    |grp_compute_global_pool_array_array_ap_fixed_64u_config10_s_fu_2154_data_window_44_V_read  |  15|          3|   16|         48|
    |grp_compute_global_pool_array_array_ap_fixed_64u_config10_s_fu_2154_data_window_45_V_read  |  15|          3|   16|         48|
    |grp_compute_global_pool_array_array_ap_fixed_64u_config10_s_fu_2154_data_window_46_V_read  |  15|          3|   16|         48|
    |grp_compute_global_pool_array_array_ap_fixed_64u_config10_s_fu_2154_data_window_47_V_read  |  15|          3|   16|         48|
    |grp_compute_global_pool_array_array_ap_fixed_64u_config10_s_fu_2154_data_window_48_V_read  |  15|          3|   16|         48|
    |grp_compute_global_pool_array_array_ap_fixed_64u_config10_s_fu_2154_data_window_49_V_read  |  15|          3|   16|         48|
    |grp_compute_global_pool_array_array_ap_fixed_64u_config10_s_fu_2154_data_window_4_V_read   |  15|          3|   16|         48|
    |grp_compute_global_pool_array_array_ap_fixed_64u_config10_s_fu_2154_data_window_50_V_read  |  15|          3|   16|         48|
    |grp_compute_global_pool_array_array_ap_fixed_64u_config10_s_fu_2154_data_window_51_V_read  |  15|          3|   16|         48|
    |grp_compute_global_pool_array_array_ap_fixed_64u_config10_s_fu_2154_data_window_52_V_read  |  15|          3|   16|         48|
    |grp_compute_global_pool_array_array_ap_fixed_64u_config10_s_fu_2154_data_window_53_V_read  |  15|          3|   16|         48|
    |grp_compute_global_pool_array_array_ap_fixed_64u_config10_s_fu_2154_data_window_54_V_read  |  15|          3|   16|         48|
    |grp_compute_global_pool_array_array_ap_fixed_64u_config10_s_fu_2154_data_window_55_V_read  |  15|          3|   16|         48|
    |grp_compute_global_pool_array_array_ap_fixed_64u_config10_s_fu_2154_data_window_56_V_read  |  15|          3|   16|         48|
    |grp_compute_global_pool_array_array_ap_fixed_64u_config10_s_fu_2154_data_window_57_V_read  |  15|          3|   16|         48|
    |grp_compute_global_pool_array_array_ap_fixed_64u_config10_s_fu_2154_data_window_58_V_read  |  15|          3|   16|         48|
    |grp_compute_global_pool_array_array_ap_fixed_64u_config10_s_fu_2154_data_window_59_V_read  |  15|          3|   16|         48|
    |grp_compute_global_pool_array_array_ap_fixed_64u_config10_s_fu_2154_data_window_5_V_read   |  15|          3|   16|         48|
    |grp_compute_global_pool_array_array_ap_fixed_64u_config10_s_fu_2154_data_window_60_V_read  |  15|          3|   16|         48|
    |grp_compute_global_pool_array_array_ap_fixed_64u_config10_s_fu_2154_data_window_61_V_read  |  15|          3|   16|         48|
    |grp_compute_global_pool_array_array_ap_fixed_64u_config10_s_fu_2154_data_window_62_V_read  |  15|          3|   16|         48|
    |grp_compute_global_pool_array_array_ap_fixed_64u_config10_s_fu_2154_data_window_63_V_read  |  15|          3|   16|         48|
    |grp_compute_global_pool_array_array_ap_fixed_64u_config10_s_fu_2154_data_window_6_V_read   |  15|          3|   16|         48|
    |grp_compute_global_pool_array_array_ap_fixed_64u_config10_s_fu_2154_data_window_7_V_read   |  15|          3|   16|         48|
    |grp_compute_global_pool_array_array_ap_fixed_64u_config10_s_fu_2154_data_window_8_V_read   |  15|          3|   16|         48|
    |grp_compute_global_pool_array_array_ap_fixed_64u_config10_s_fu_2154_data_window_9_V_read   |  15|          3|   16|         48|
    |real_start                                                                                 |   9|          2|    1|          2|
    |res_V_data_0_V_blk_n                                                                       |   9|          2|    1|          2|
    |res_V_data_10_V_blk_n                                                                      |   9|          2|    1|          2|
    |res_V_data_11_V_blk_n                                                                      |   9|          2|    1|          2|
    |res_V_data_12_V_blk_n                                                                      |   9|          2|    1|          2|
    |res_V_data_13_V_blk_n                                                                      |   9|          2|    1|          2|
    |res_V_data_14_V_blk_n                                                                      |   9|          2|    1|          2|
    |res_V_data_15_V_blk_n                                                                      |   9|          2|    1|          2|
    |res_V_data_16_V_blk_n                                                                      |   9|          2|    1|          2|
    |res_V_data_17_V_blk_n                                                                      |   9|          2|    1|          2|
    |res_V_data_18_V_blk_n                                                                      |   9|          2|    1|          2|
    |res_V_data_19_V_blk_n                                                                      |   9|          2|    1|          2|
    |res_V_data_1_V_blk_n                                                                       |   9|          2|    1|          2|
    |res_V_data_20_V_blk_n                                                                      |   9|          2|    1|          2|
    |res_V_data_21_V_blk_n                                                                      |   9|          2|    1|          2|
    |res_V_data_22_V_blk_n                                                                      |   9|          2|    1|          2|
    |res_V_data_23_V_blk_n                                                                      |   9|          2|    1|          2|
    |res_V_data_24_V_blk_n                                                                      |   9|          2|    1|          2|
    |res_V_data_25_V_blk_n                                                                      |   9|          2|    1|          2|
    |res_V_data_26_V_blk_n                                                                      |   9|          2|    1|          2|
    |res_V_data_27_V_blk_n                                                                      |   9|          2|    1|          2|
    |res_V_data_28_V_blk_n                                                                      |   9|          2|    1|          2|
    |res_V_data_29_V_blk_n                                                                      |   9|          2|    1|          2|
    |res_V_data_2_V_blk_n                                                                       |   9|          2|    1|          2|
    |res_V_data_30_V_blk_n                                                                      |   9|          2|    1|          2|
    |res_V_data_31_V_blk_n                                                                      |   9|          2|    1|          2|
    |res_V_data_32_V_blk_n                                                                      |   9|          2|    1|          2|
    |res_V_data_33_V_blk_n                                                                      |   9|          2|    1|          2|
    |res_V_data_34_V_blk_n                                                                      |   9|          2|    1|          2|
    |res_V_data_35_V_blk_n                                                                      |   9|          2|    1|          2|
    |res_V_data_36_V_blk_n                                                                      |   9|          2|    1|          2|
    |res_V_data_37_V_blk_n                                                                      |   9|          2|    1|          2|
    |res_V_data_38_V_blk_n                                                                      |   9|          2|    1|          2|
    |res_V_data_39_V_blk_n                                                                      |   9|          2|    1|          2|
    |res_V_data_3_V_blk_n                                                                       |   9|          2|    1|          2|
    |res_V_data_40_V_blk_n                                                                      |   9|          2|    1|          2|
    |res_V_data_41_V_blk_n                                                                      |   9|          2|    1|          2|
    |res_V_data_42_V_blk_n                                                                      |   9|          2|    1|          2|
    |res_V_data_43_V_blk_n                                                                      |   9|          2|    1|          2|
    |res_V_data_44_V_blk_n                                                                      |   9|          2|    1|          2|
    |res_V_data_45_V_blk_n                                                                      |   9|          2|    1|          2|
    |res_V_data_46_V_blk_n                                                                      |   9|          2|    1|          2|
    |res_V_data_47_V_blk_n                                                                      |   9|          2|    1|          2|
    |res_V_data_48_V_blk_n                                                                      |   9|          2|    1|          2|
    |res_V_data_49_V_blk_n                                                                      |   9|          2|    1|          2|
    |res_V_data_4_V_blk_n                                                                       |   9|          2|    1|          2|
    |res_V_data_50_V_blk_n                                                                      |   9|          2|    1|          2|
    |res_V_data_51_V_blk_n                                                                      |   9|          2|    1|          2|
    |res_V_data_52_V_blk_n                                                                      |   9|          2|    1|          2|
    |res_V_data_53_V_blk_n                                                                      |   9|          2|    1|          2|
    |res_V_data_54_V_blk_n                                                                      |   9|          2|    1|          2|
    |res_V_data_55_V_blk_n                                                                      |   9|          2|    1|          2|
    |res_V_data_56_V_blk_n                                                                      |   9|          2|    1|          2|
    |res_V_data_57_V_blk_n                                                                      |   9|          2|    1|          2|
    |res_V_data_58_V_blk_n                                                                      |   9|          2|    1|          2|
    |res_V_data_59_V_blk_n                                                                      |   9|          2|    1|          2|
    |res_V_data_5_V_blk_n                                                                       |   9|          2|    1|          2|
    |res_V_data_60_V_blk_n                                                                      |   9|          2|    1|          2|
    |res_V_data_61_V_blk_n                                                                      |   9|          2|    1|          2|
    |res_V_data_62_V_blk_n                                                                      |   9|          2|    1|          2|
    |res_V_data_63_V_blk_n                                                                      |   9|          2|    1|          2|
    |res_V_data_6_V_blk_n                                                                       |   9|          2|    1|          2|
    |res_V_data_7_V_blk_n                                                                       |   9|          2|    1|          2|
    |res_V_data_8_V_blk_n                                                                       |   9|          2|    1|          2|
    |res_V_data_9_V_blk_n                                                                       |   9|          2|    1|          2|
    +-------------------------------------------------------------------------------------------+----+-----------+-----+-----------+
    |Total                                                                                      |2169|        460| 1157|       3340|
    +-------------------------------------------------------------------------------------------+----+-----------+-----+-----------+

    * Register: 
    +-----------------------------+----+----+-----+-----------+
    |             Name            | FF | LUT| Bits| Const Bits|
    +-----------------------------+----+----+-----+-----------+
    |ap_CS_fsm                    |   3|   0|    3|          0|
    |ap_done_reg                  |   1|   0|    1|          0|
    |ap_enable_reg_pp0_iter0_reg  |   1|   0|    1|          0|
    |ap_enable_reg_pp0_iter1      |   1|   0|    1|          0|
    |reg_2862                     |  16|   0|   16|          0|
    |reg_2867                     |  16|   0|   16|          0|
    |reg_2872                     |  16|   0|   16|          0|
    |reg_2877                     |  16|   0|   16|          0|
    |reg_2882                     |  16|   0|   16|          0|
    |reg_2887                     |  16|   0|   16|          0|
    |reg_2892                     |  16|   0|   16|          0|
    |reg_2897                     |  16|   0|   16|          0|
    |reg_2902                     |  16|   0|   16|          0|
    |reg_2907                     |  16|   0|   16|          0|
    |reg_2912                     |  16|   0|   16|          0|
    |reg_2917                     |  16|   0|   16|          0|
    |reg_2922                     |  16|   0|   16|          0|
    |reg_2927                     |  16|   0|   16|          0|
    |reg_2932                     |  16|   0|   16|          0|
    |reg_2937                     |  16|   0|   16|          0|
    |reg_2942                     |  16|   0|   16|          0|
    |reg_2947                     |  16|   0|   16|          0|
    |reg_2952                     |  16|   0|   16|          0|
    |reg_2957                     |  16|   0|   16|          0|
    |reg_2962                     |  16|   0|   16|          0|
    |reg_2967                     |  16|   0|   16|          0|
    |reg_2972                     |  16|   0|   16|          0|
    |reg_2977                     |  16|   0|   16|          0|
    |reg_2982                     |  16|   0|   16|          0|
    |reg_2987                     |  16|   0|   16|          0|
    |reg_2992                     |  16|   0|   16|          0|
    |reg_2997                     |  16|   0|   16|          0|
    |reg_3002                     |  16|   0|   16|          0|
    |reg_3007                     |  16|   0|   16|          0|
    |reg_3012                     |  16|   0|   16|          0|
    |reg_3017                     |  16|   0|   16|          0|
    |reg_3022                     |  16|   0|   16|          0|
    |reg_3027                     |  16|   0|   16|          0|
    |reg_3032                     |  16|   0|   16|          0|
    |reg_3037                     |  16|   0|   16|          0|
    |reg_3042                     |  16|   0|   16|          0|
    |reg_3047                     |  16|   0|   16|          0|
    |reg_3052                     |  16|   0|   16|          0|
    |reg_3057                     |  16|   0|   16|          0|
    |reg_3062                     |  16|   0|   16|          0|
    |reg_3067                     |  16|   0|   16|          0|
    |reg_3072                     |  16|   0|   16|          0|
    |reg_3077                     |  16|   0|   16|          0|
    |reg_3082                     |  16|   0|   16|          0|
    |reg_3087                     |  16|   0|   16|          0|
    |reg_3092                     |  16|   0|   16|          0|
    |reg_3097                     |  16|   0|   16|          0|
    |reg_3102                     |  16|   0|   16|          0|
    |reg_3107                     |  16|   0|   16|          0|
    |reg_3112                     |  16|   0|   16|          0|
    |reg_3117                     |  16|   0|   16|          0|
    |reg_3122                     |  16|   0|   16|          0|
    |reg_3127                     |  16|   0|   16|          0|
    |reg_3132                     |  16|   0|   16|          0|
    |reg_3137                     |  16|   0|   16|          0|
    |reg_3142                     |  16|   0|   16|          0|
    |reg_3147                     |  16|   0|   16|          0|
    |reg_3152                     |  16|   0|   16|          0|
    |reg_3157                     |  16|   0|   16|          0|
    |reg_3162                     |  16|   0|   16|          0|
    |reg_3167                     |  16|   0|   16|          0|
    |reg_3172                     |  16|   0|   16|          0|
    |reg_3177                     |  16|   0|   16|          0|
    |reg_3182                     |  16|   0|   16|          0|
    |reg_3188                     |  16|   0|   16|          0|
    |reg_3194                     |  16|   0|   16|          0|
    |reg_3200                     |  16|   0|   16|          0|
    |reg_3206                     |  16|   0|   16|          0|
    |reg_3212                     |  16|   0|   16|          0|
    |reg_3218                     |  16|   0|   16|          0|
    |reg_3224                     |  16|   0|   16|          0|
    |reg_3230                     |  16|   0|   16|          0|
    |reg_3236                     |  16|   0|   16|          0|
    |reg_3242                     |  16|   0|   16|          0|
    |reg_3248                     |  16|   0|   16|          0|
    |reg_3254                     |  16|   0|   16|          0|
    |reg_3260                     |  16|   0|   16|          0|
    |reg_3266                     |  16|   0|   16|          0|
    |reg_3272                     |  16|   0|   16|          0|
    |reg_3278                     |  16|   0|   16|          0|
    |reg_3284                     |  16|   0|   16|          0|
    |reg_3290                     |  16|   0|   16|          0|
    |reg_3296                     |  16|   0|   16|          0|
    |reg_3302                     |  16|   0|   16|          0|
    |reg_3308                     |  16|   0|   16|          0|
    |reg_3314                     |  16|   0|   16|          0|
    |reg_3320                     |  16|   0|   16|          0|
    |reg_3326                     |  16|   0|   16|          0|
    |reg_3332                     |  16|   0|   16|          0|
    |reg_3338                     |  16|   0|   16|          0|
    |reg_3344                     |  16|   0|   16|          0|
    |reg_3350                     |  16|   0|   16|          0|
    |reg_3356                     |  16|   0|   16|          0|
    |reg_3362                     |  16|   0|   16|          0|
    |reg_3368                     |  16|   0|   16|          0|
    |reg_3374                     |  16|   0|   16|          0|
    |reg_3380                     |  16|   0|   16|          0|
    |reg_3386                     |  16|   0|   16|          0|
    |reg_3392                     |  16|   0|   16|          0|
    |reg_3398                     |  16|   0|   16|          0|
    |reg_3404                     |  16|   0|   16|          0|
    |reg_3410                     |  16|   0|   16|          0|
    |reg_3416                     |  16|   0|   16|          0|
    |reg_3422                     |  16|   0|   16|          0|
    |reg_3428                     |  16|   0|   16|          0|
    |reg_3434                     |  16|   0|   16|          0|
    |reg_3440                     |  16|   0|   16|          0|
    |reg_3446                     |  16|   0|   16|          0|
    |reg_3452                     |  16|   0|   16|          0|
    |reg_3458                     |  16|   0|   16|          0|
    |reg_3464                     |  16|   0|   16|          0|
    |reg_3470                     |  16|   0|   16|          0|
    |reg_3476                     |  16|   0|   16|          0|
    |reg_3482                     |  16|   0|   16|          0|
    |reg_3488                     |  16|   0|   16|          0|
    |reg_3494                     |  16|   0|   16|          0|
    |reg_3500                     |  16|   0|   16|          0|
    |reg_3506                     |  16|   0|   16|          0|
    |reg_3512                     |  16|   0|   16|          0|
    |reg_3518                     |  16|   0|   16|          0|
    |reg_3524                     |  16|   0|   16|          0|
    |reg_3530                     |  16|   0|   16|          0|
    |reg_3536                     |  16|   0|   16|          0|
    |reg_3542                     |  16|   0|   16|          0|
    |reg_3548                     |  16|   0|   16|          0|
    |reg_3554                     |  16|   0|   16|          0|
    |reg_3560                     |  16|   0|   16|          0|
    |start_once_reg               |   1|   0|    1|          0|
    +-----------------------------+----+----+-----+-----------+
    |Total                        |2055|   0| 2055|          0|
    +-----------------------------+----+----+-----+-----------+



================================================================
== Interface
================================================================
* Summary: 
+--------------------------+-----+-----+------------+---------------------------------------------------------+--------------+
|         RTL Ports        | Dir | Bits|  Protocol  |                      Source Object                      |    C Type    |
+--------------------------+-----+-----+------------+---------------------------------------------------------+--------------+
|ap_clk                    |  in |    1| ap_ctrl_hs | global_pooling1d_cl<array,array<ap_fixed,64u>,config10> | return value |
|ap_rst                    |  in |    1| ap_ctrl_hs | global_pooling1d_cl<array,array<ap_fixed,64u>,config10> | return value |
|ap_start                  |  in |    1| ap_ctrl_hs | global_pooling1d_cl<array,array<ap_fixed,64u>,config10> | return value |
|start_full_n              |  in |    1| ap_ctrl_hs | global_pooling1d_cl<array,array<ap_fixed,64u>,config10> | return value |
|ap_done                   | out |    1| ap_ctrl_hs | global_pooling1d_cl<array,array<ap_fixed,64u>,config10> | return value |
|ap_continue               |  in |    1| ap_ctrl_hs | global_pooling1d_cl<array,array<ap_fixed,64u>,config10> | return value |
|ap_idle                   | out |    1| ap_ctrl_hs | global_pooling1d_cl<array,array<ap_fixed,64u>,config10> | return value |
|ap_ready                  | out |    1| ap_ctrl_hs | global_pooling1d_cl<array,array<ap_fixed,64u>,config10> | return value |
|start_out                 | out |    1| ap_ctrl_hs | global_pooling1d_cl<array,array<ap_fixed,64u>,config10> | return value |
|start_write               | out |    1| ap_ctrl_hs | global_pooling1d_cl<array,array<ap_fixed,64u>,config10> | return value |
|data_V_data_0_V_dout      |  in |   16|   ap_fifo  |                     data_V_data_0_V                     |    pointer   |
|data_V_data_0_V_empty_n   |  in |    1|   ap_fifo  |                     data_V_data_0_V                     |    pointer   |
|data_V_data_0_V_read      | out |    1|   ap_fifo  |                     data_V_data_0_V                     |    pointer   |
|data_V_data_1_V_dout      |  in |   16|   ap_fifo  |                     data_V_data_1_V                     |    pointer   |
|data_V_data_1_V_empty_n   |  in |    1|   ap_fifo  |                     data_V_data_1_V                     |    pointer   |
|data_V_data_1_V_read      | out |    1|   ap_fifo  |                     data_V_data_1_V                     |    pointer   |
|data_V_data_2_V_dout      |  in |   16|   ap_fifo  |                     data_V_data_2_V                     |    pointer   |
|data_V_data_2_V_empty_n   |  in |    1|   ap_fifo  |                     data_V_data_2_V                     |    pointer   |
|data_V_data_2_V_read      | out |    1|   ap_fifo  |                     data_V_data_2_V                     |    pointer   |
|data_V_data_3_V_dout      |  in |   16|   ap_fifo  |                     data_V_data_3_V                     |    pointer   |
|data_V_data_3_V_empty_n   |  in |    1|   ap_fifo  |                     data_V_data_3_V                     |    pointer   |
|data_V_data_3_V_read      | out |    1|   ap_fifo  |                     data_V_data_3_V                     |    pointer   |
|data_V_data_4_V_dout      |  in |   16|   ap_fifo  |                     data_V_data_4_V                     |    pointer   |
|data_V_data_4_V_empty_n   |  in |    1|   ap_fifo  |                     data_V_data_4_V                     |    pointer   |
|data_V_data_4_V_read      | out |    1|   ap_fifo  |                     data_V_data_4_V                     |    pointer   |
|data_V_data_5_V_dout      |  in |   16|   ap_fifo  |                     data_V_data_5_V                     |    pointer   |
|data_V_data_5_V_empty_n   |  in |    1|   ap_fifo  |                     data_V_data_5_V                     |    pointer   |
|data_V_data_5_V_read      | out |    1|   ap_fifo  |                     data_V_data_5_V                     |    pointer   |
|data_V_data_6_V_dout      |  in |   16|   ap_fifo  |                     data_V_data_6_V                     |    pointer   |
|data_V_data_6_V_empty_n   |  in |    1|   ap_fifo  |                     data_V_data_6_V                     |    pointer   |
|data_V_data_6_V_read      | out |    1|   ap_fifo  |                     data_V_data_6_V                     |    pointer   |
|data_V_data_7_V_dout      |  in |   16|   ap_fifo  |                     data_V_data_7_V                     |    pointer   |
|data_V_data_7_V_empty_n   |  in |    1|   ap_fifo  |                     data_V_data_7_V                     |    pointer   |
|data_V_data_7_V_read      | out |    1|   ap_fifo  |                     data_V_data_7_V                     |    pointer   |
|data_V_data_8_V_dout      |  in |   16|   ap_fifo  |                     data_V_data_8_V                     |    pointer   |
|data_V_data_8_V_empty_n   |  in |    1|   ap_fifo  |                     data_V_data_8_V                     |    pointer   |
|data_V_data_8_V_read      | out |    1|   ap_fifo  |                     data_V_data_8_V                     |    pointer   |
|data_V_data_9_V_dout      |  in |   16|   ap_fifo  |                     data_V_data_9_V                     |    pointer   |
|data_V_data_9_V_empty_n   |  in |    1|   ap_fifo  |                     data_V_data_9_V                     |    pointer   |
|data_V_data_9_V_read      | out |    1|   ap_fifo  |                     data_V_data_9_V                     |    pointer   |
|data_V_data_10_V_dout     |  in |   16|   ap_fifo  |                     data_V_data_10_V                    |    pointer   |
|data_V_data_10_V_empty_n  |  in |    1|   ap_fifo  |                     data_V_data_10_V                    |    pointer   |
|data_V_data_10_V_read     | out |    1|   ap_fifo  |                     data_V_data_10_V                    |    pointer   |
|data_V_data_11_V_dout     |  in |   16|   ap_fifo  |                     data_V_data_11_V                    |    pointer   |
|data_V_data_11_V_empty_n  |  in |    1|   ap_fifo  |                     data_V_data_11_V                    |    pointer   |
|data_V_data_11_V_read     | out |    1|   ap_fifo  |                     data_V_data_11_V                    |    pointer   |
|data_V_data_12_V_dout     |  in |   16|   ap_fifo  |                     data_V_data_12_V                    |    pointer   |
|data_V_data_12_V_empty_n  |  in |    1|   ap_fifo  |                     data_V_data_12_V                    |    pointer   |
|data_V_data_12_V_read     | out |    1|   ap_fifo  |                     data_V_data_12_V                    |    pointer   |
|data_V_data_13_V_dout     |  in |   16|   ap_fifo  |                     data_V_data_13_V                    |    pointer   |
|data_V_data_13_V_empty_n  |  in |    1|   ap_fifo  |                     data_V_data_13_V                    |    pointer   |
|data_V_data_13_V_read     | out |    1|   ap_fifo  |                     data_V_data_13_V                    |    pointer   |
|data_V_data_14_V_dout     |  in |   16|   ap_fifo  |                     data_V_data_14_V                    |    pointer   |
|data_V_data_14_V_empty_n  |  in |    1|   ap_fifo  |                     data_V_data_14_V                    |    pointer   |
|data_V_data_14_V_read     | out |    1|   ap_fifo  |                     data_V_data_14_V                    |    pointer   |
|data_V_data_15_V_dout     |  in |   16|   ap_fifo  |                     data_V_data_15_V                    |    pointer   |
|data_V_data_15_V_empty_n  |  in |    1|   ap_fifo  |                     data_V_data_15_V                    |    pointer   |
|data_V_data_15_V_read     | out |    1|   ap_fifo  |                     data_V_data_15_V                    |    pointer   |
|data_V_data_16_V_dout     |  in |   16|   ap_fifo  |                     data_V_data_16_V                    |    pointer   |
|data_V_data_16_V_empty_n  |  in |    1|   ap_fifo  |                     data_V_data_16_V                    |    pointer   |
|data_V_data_16_V_read     | out |    1|   ap_fifo  |                     data_V_data_16_V                    |    pointer   |
|data_V_data_17_V_dout     |  in |   16|   ap_fifo  |                     data_V_data_17_V                    |    pointer   |
|data_V_data_17_V_empty_n  |  in |    1|   ap_fifo  |                     data_V_data_17_V                    |    pointer   |
|data_V_data_17_V_read     | out |    1|   ap_fifo  |                     data_V_data_17_V                    |    pointer   |
|data_V_data_18_V_dout     |  in |   16|   ap_fifo  |                     data_V_data_18_V                    |    pointer   |
|data_V_data_18_V_empty_n  |  in |    1|   ap_fifo  |                     data_V_data_18_V                    |    pointer   |
|data_V_data_18_V_read     | out |    1|   ap_fifo  |                     data_V_data_18_V                    |    pointer   |
|data_V_data_19_V_dout     |  in |   16|   ap_fifo  |                     data_V_data_19_V                    |    pointer   |
|data_V_data_19_V_empty_n  |  in |    1|   ap_fifo  |                     data_V_data_19_V                    |    pointer   |
|data_V_data_19_V_read     | out |    1|   ap_fifo  |                     data_V_data_19_V                    |    pointer   |
|data_V_data_20_V_dout     |  in |   16|   ap_fifo  |                     data_V_data_20_V                    |    pointer   |
|data_V_data_20_V_empty_n  |  in |    1|   ap_fifo  |                     data_V_data_20_V                    |    pointer   |
|data_V_data_20_V_read     | out |    1|   ap_fifo  |                     data_V_data_20_V                    |    pointer   |
|data_V_data_21_V_dout     |  in |   16|   ap_fifo  |                     data_V_data_21_V                    |    pointer   |
|data_V_data_21_V_empty_n  |  in |    1|   ap_fifo  |                     data_V_data_21_V                    |    pointer   |
|data_V_data_21_V_read     | out |    1|   ap_fifo  |                     data_V_data_21_V                    |    pointer   |
|data_V_data_22_V_dout     |  in |   16|   ap_fifo  |                     data_V_data_22_V                    |    pointer   |
|data_V_data_22_V_empty_n  |  in |    1|   ap_fifo  |                     data_V_data_22_V                    |    pointer   |
|data_V_data_22_V_read     | out |    1|   ap_fifo  |                     data_V_data_22_V                    |    pointer   |
|data_V_data_23_V_dout     |  in |   16|   ap_fifo  |                     data_V_data_23_V                    |    pointer   |
|data_V_data_23_V_empty_n  |  in |    1|   ap_fifo  |                     data_V_data_23_V                    |    pointer   |
|data_V_data_23_V_read     | out |    1|   ap_fifo  |                     data_V_data_23_V                    |    pointer   |
|data_V_data_24_V_dout     |  in |   16|   ap_fifo  |                     data_V_data_24_V                    |    pointer   |
|data_V_data_24_V_empty_n  |  in |    1|   ap_fifo  |                     data_V_data_24_V                    |    pointer   |
|data_V_data_24_V_read     | out |    1|   ap_fifo  |                     data_V_data_24_V                    |    pointer   |
|data_V_data_25_V_dout     |  in |   16|   ap_fifo  |                     data_V_data_25_V                    |    pointer   |
|data_V_data_25_V_empty_n  |  in |    1|   ap_fifo  |                     data_V_data_25_V                    |    pointer   |
|data_V_data_25_V_read     | out |    1|   ap_fifo  |                     data_V_data_25_V                    |    pointer   |
|data_V_data_26_V_dout     |  in |   16|   ap_fifo  |                     data_V_data_26_V                    |    pointer   |
|data_V_data_26_V_empty_n  |  in |    1|   ap_fifo  |                     data_V_data_26_V                    |    pointer   |
|data_V_data_26_V_read     | out |    1|   ap_fifo  |                     data_V_data_26_V                    |    pointer   |
|data_V_data_27_V_dout     |  in |   16|   ap_fifo  |                     data_V_data_27_V                    |    pointer   |
|data_V_data_27_V_empty_n  |  in |    1|   ap_fifo  |                     data_V_data_27_V                    |    pointer   |
|data_V_data_27_V_read     | out |    1|   ap_fifo  |                     data_V_data_27_V                    |    pointer   |
|data_V_data_28_V_dout     |  in |   16|   ap_fifo  |                     data_V_data_28_V                    |    pointer   |
|data_V_data_28_V_empty_n  |  in |    1|   ap_fifo  |                     data_V_data_28_V                    |    pointer   |
|data_V_data_28_V_read     | out |    1|   ap_fifo  |                     data_V_data_28_V                    |    pointer   |
|data_V_data_29_V_dout     |  in |   16|   ap_fifo  |                     data_V_data_29_V                    |    pointer   |
|data_V_data_29_V_empty_n  |  in |    1|   ap_fifo  |                     data_V_data_29_V                    |    pointer   |
|data_V_data_29_V_read     | out |    1|   ap_fifo  |                     data_V_data_29_V                    |    pointer   |
|data_V_data_30_V_dout     |  in |   16|   ap_fifo  |                     data_V_data_30_V                    |    pointer   |
|data_V_data_30_V_empty_n  |  in |    1|   ap_fifo  |                     data_V_data_30_V                    |    pointer   |
|data_V_data_30_V_read     | out |    1|   ap_fifo  |                     data_V_data_30_V                    |    pointer   |
|data_V_data_31_V_dout     |  in |   16|   ap_fifo  |                     data_V_data_31_V                    |    pointer   |
|data_V_data_31_V_empty_n  |  in |    1|   ap_fifo  |                     data_V_data_31_V                    |    pointer   |
|data_V_data_31_V_read     | out |    1|   ap_fifo  |                     data_V_data_31_V                    |    pointer   |
|data_V_data_32_V_dout     |  in |   16|   ap_fifo  |                     data_V_data_32_V                    |    pointer   |
|data_V_data_32_V_empty_n  |  in |    1|   ap_fifo  |                     data_V_data_32_V                    |    pointer   |
|data_V_data_32_V_read     | out |    1|   ap_fifo  |                     data_V_data_32_V                    |    pointer   |
|data_V_data_33_V_dout     |  in |   16|   ap_fifo  |                     data_V_data_33_V                    |    pointer   |
|data_V_data_33_V_empty_n  |  in |    1|   ap_fifo  |                     data_V_data_33_V                    |    pointer   |
|data_V_data_33_V_read     | out |    1|   ap_fifo  |                     data_V_data_33_V                    |    pointer   |
|data_V_data_34_V_dout     |  in |   16|   ap_fifo  |                     data_V_data_34_V                    |    pointer   |
|data_V_data_34_V_empty_n  |  in |    1|   ap_fifo  |                     data_V_data_34_V                    |    pointer   |
|data_V_data_34_V_read     | out |    1|   ap_fifo  |                     data_V_data_34_V                    |    pointer   |
|data_V_data_35_V_dout     |  in |   16|   ap_fifo  |                     data_V_data_35_V                    |    pointer   |
|data_V_data_35_V_empty_n  |  in |    1|   ap_fifo  |                     data_V_data_35_V                    |    pointer   |
|data_V_data_35_V_read     | out |    1|   ap_fifo  |                     data_V_data_35_V                    |    pointer   |
|data_V_data_36_V_dout     |  in |   16|   ap_fifo  |                     data_V_data_36_V                    |    pointer   |
|data_V_data_36_V_empty_n  |  in |    1|   ap_fifo  |                     data_V_data_36_V                    |    pointer   |
|data_V_data_36_V_read     | out |    1|   ap_fifo  |                     data_V_data_36_V                    |    pointer   |
|data_V_data_37_V_dout     |  in |   16|   ap_fifo  |                     data_V_data_37_V                    |    pointer   |
|data_V_data_37_V_empty_n  |  in |    1|   ap_fifo  |                     data_V_data_37_V                    |    pointer   |
|data_V_data_37_V_read     | out |    1|   ap_fifo  |                     data_V_data_37_V                    |    pointer   |
|data_V_data_38_V_dout     |  in |   16|   ap_fifo  |                     data_V_data_38_V                    |    pointer   |
|data_V_data_38_V_empty_n  |  in |    1|   ap_fifo  |                     data_V_data_38_V                    |    pointer   |
|data_V_data_38_V_read     | out |    1|   ap_fifo  |                     data_V_data_38_V                    |    pointer   |
|data_V_data_39_V_dout     |  in |   16|   ap_fifo  |                     data_V_data_39_V                    |    pointer   |
|data_V_data_39_V_empty_n  |  in |    1|   ap_fifo  |                     data_V_data_39_V                    |    pointer   |
|data_V_data_39_V_read     | out |    1|   ap_fifo  |                     data_V_data_39_V                    |    pointer   |
|data_V_data_40_V_dout     |  in |   16|   ap_fifo  |                     data_V_data_40_V                    |    pointer   |
|data_V_data_40_V_empty_n  |  in |    1|   ap_fifo  |                     data_V_data_40_V                    |    pointer   |
|data_V_data_40_V_read     | out |    1|   ap_fifo  |                     data_V_data_40_V                    |    pointer   |
|data_V_data_41_V_dout     |  in |   16|   ap_fifo  |                     data_V_data_41_V                    |    pointer   |
|data_V_data_41_V_empty_n  |  in |    1|   ap_fifo  |                     data_V_data_41_V                    |    pointer   |
|data_V_data_41_V_read     | out |    1|   ap_fifo  |                     data_V_data_41_V                    |    pointer   |
|data_V_data_42_V_dout     |  in |   16|   ap_fifo  |                     data_V_data_42_V                    |    pointer   |
|data_V_data_42_V_empty_n  |  in |    1|   ap_fifo  |                     data_V_data_42_V                    |    pointer   |
|data_V_data_42_V_read     | out |    1|   ap_fifo  |                     data_V_data_42_V                    |    pointer   |
|data_V_data_43_V_dout     |  in |   16|   ap_fifo  |                     data_V_data_43_V                    |    pointer   |
|data_V_data_43_V_empty_n  |  in |    1|   ap_fifo  |                     data_V_data_43_V                    |    pointer   |
|data_V_data_43_V_read     | out |    1|   ap_fifo  |                     data_V_data_43_V                    |    pointer   |
|data_V_data_44_V_dout     |  in |   16|   ap_fifo  |                     data_V_data_44_V                    |    pointer   |
|data_V_data_44_V_empty_n  |  in |    1|   ap_fifo  |                     data_V_data_44_V                    |    pointer   |
|data_V_data_44_V_read     | out |    1|   ap_fifo  |                     data_V_data_44_V                    |    pointer   |
|data_V_data_45_V_dout     |  in |   16|   ap_fifo  |                     data_V_data_45_V                    |    pointer   |
|data_V_data_45_V_empty_n  |  in |    1|   ap_fifo  |                     data_V_data_45_V                    |    pointer   |
|data_V_data_45_V_read     | out |    1|   ap_fifo  |                     data_V_data_45_V                    |    pointer   |
|data_V_data_46_V_dout     |  in |   16|   ap_fifo  |                     data_V_data_46_V                    |    pointer   |
|data_V_data_46_V_empty_n  |  in |    1|   ap_fifo  |                     data_V_data_46_V                    |    pointer   |
|data_V_data_46_V_read     | out |    1|   ap_fifo  |                     data_V_data_46_V                    |    pointer   |
|data_V_data_47_V_dout     |  in |   16|   ap_fifo  |                     data_V_data_47_V                    |    pointer   |
|data_V_data_47_V_empty_n  |  in |    1|   ap_fifo  |                     data_V_data_47_V                    |    pointer   |
|data_V_data_47_V_read     | out |    1|   ap_fifo  |                     data_V_data_47_V                    |    pointer   |
|data_V_data_48_V_dout     |  in |   16|   ap_fifo  |                     data_V_data_48_V                    |    pointer   |
|data_V_data_48_V_empty_n  |  in |    1|   ap_fifo  |                     data_V_data_48_V                    |    pointer   |
|data_V_data_48_V_read     | out |    1|   ap_fifo  |                     data_V_data_48_V                    |    pointer   |
|data_V_data_49_V_dout     |  in |   16|   ap_fifo  |                     data_V_data_49_V                    |    pointer   |
|data_V_data_49_V_empty_n  |  in |    1|   ap_fifo  |                     data_V_data_49_V                    |    pointer   |
|data_V_data_49_V_read     | out |    1|   ap_fifo  |                     data_V_data_49_V                    |    pointer   |
|data_V_data_50_V_dout     |  in |   16|   ap_fifo  |                     data_V_data_50_V                    |    pointer   |
|data_V_data_50_V_empty_n  |  in |    1|   ap_fifo  |                     data_V_data_50_V                    |    pointer   |
|data_V_data_50_V_read     | out |    1|   ap_fifo  |                     data_V_data_50_V                    |    pointer   |
|data_V_data_51_V_dout     |  in |   16|   ap_fifo  |                     data_V_data_51_V                    |    pointer   |
|data_V_data_51_V_empty_n  |  in |    1|   ap_fifo  |                     data_V_data_51_V                    |    pointer   |
|data_V_data_51_V_read     | out |    1|   ap_fifo  |                     data_V_data_51_V                    |    pointer   |
|data_V_data_52_V_dout     |  in |   16|   ap_fifo  |                     data_V_data_52_V                    |    pointer   |
|data_V_data_52_V_empty_n  |  in |    1|   ap_fifo  |                     data_V_data_52_V                    |    pointer   |
|data_V_data_52_V_read     | out |    1|   ap_fifo  |                     data_V_data_52_V                    |    pointer   |
|data_V_data_53_V_dout     |  in |   16|   ap_fifo  |                     data_V_data_53_V                    |    pointer   |
|data_V_data_53_V_empty_n  |  in |    1|   ap_fifo  |                     data_V_data_53_V                    |    pointer   |
|data_V_data_53_V_read     | out |    1|   ap_fifo  |                     data_V_data_53_V                    |    pointer   |
|data_V_data_54_V_dout     |  in |   16|   ap_fifo  |                     data_V_data_54_V                    |    pointer   |
|data_V_data_54_V_empty_n  |  in |    1|   ap_fifo  |                     data_V_data_54_V                    |    pointer   |
|data_V_data_54_V_read     | out |    1|   ap_fifo  |                     data_V_data_54_V                    |    pointer   |
|data_V_data_55_V_dout     |  in |   16|   ap_fifo  |                     data_V_data_55_V                    |    pointer   |
|data_V_data_55_V_empty_n  |  in |    1|   ap_fifo  |                     data_V_data_55_V                    |    pointer   |
|data_V_data_55_V_read     | out |    1|   ap_fifo  |                     data_V_data_55_V                    |    pointer   |
|data_V_data_56_V_dout     |  in |   16|   ap_fifo  |                     data_V_data_56_V                    |    pointer   |
|data_V_data_56_V_empty_n  |  in |    1|   ap_fifo  |                     data_V_data_56_V                    |    pointer   |
|data_V_data_56_V_read     | out |    1|   ap_fifo  |                     data_V_data_56_V                    |    pointer   |
|data_V_data_57_V_dout     |  in |   16|   ap_fifo  |                     data_V_data_57_V                    |    pointer   |
|data_V_data_57_V_empty_n  |  in |    1|   ap_fifo  |                     data_V_data_57_V                    |    pointer   |
|data_V_data_57_V_read     | out |    1|   ap_fifo  |                     data_V_data_57_V                    |    pointer   |
|data_V_data_58_V_dout     |  in |   16|   ap_fifo  |                     data_V_data_58_V                    |    pointer   |
|data_V_data_58_V_empty_n  |  in |    1|   ap_fifo  |                     data_V_data_58_V                    |    pointer   |
|data_V_data_58_V_read     | out |    1|   ap_fifo  |                     data_V_data_58_V                    |    pointer   |
|data_V_data_59_V_dout     |  in |   16|   ap_fifo  |                     data_V_data_59_V                    |    pointer   |
|data_V_data_59_V_empty_n  |  in |    1|   ap_fifo  |                     data_V_data_59_V                    |    pointer   |
|data_V_data_59_V_read     | out |    1|   ap_fifo  |                     data_V_data_59_V                    |    pointer   |
|data_V_data_60_V_dout     |  in |   16|   ap_fifo  |                     data_V_data_60_V                    |    pointer   |
|data_V_data_60_V_empty_n  |  in |    1|   ap_fifo  |                     data_V_data_60_V                    |    pointer   |
|data_V_data_60_V_read     | out |    1|   ap_fifo  |                     data_V_data_60_V                    |    pointer   |
|data_V_data_61_V_dout     |  in |   16|   ap_fifo  |                     data_V_data_61_V                    |    pointer   |
|data_V_data_61_V_empty_n  |  in |    1|   ap_fifo  |                     data_V_data_61_V                    |    pointer   |
|data_V_data_61_V_read     | out |    1|   ap_fifo  |                     data_V_data_61_V                    |    pointer   |
|data_V_data_62_V_dout     |  in |   16|   ap_fifo  |                     data_V_data_62_V                    |    pointer   |
|data_V_data_62_V_empty_n  |  in |    1|   ap_fifo  |                     data_V_data_62_V                    |    pointer   |
|data_V_data_62_V_read     | out |    1|   ap_fifo  |                     data_V_data_62_V                    |    pointer   |
|data_V_data_63_V_dout     |  in |   16|   ap_fifo  |                     data_V_data_63_V                    |    pointer   |
|data_V_data_63_V_empty_n  |  in |    1|   ap_fifo  |                     data_V_data_63_V                    |    pointer   |
|data_V_data_63_V_read     | out |    1|   ap_fifo  |                     data_V_data_63_V                    |    pointer   |
|res_V_data_0_V_din        | out |   16|   ap_fifo  |                      res_V_data_0_V                     |    pointer   |
|res_V_data_0_V_full_n     |  in |    1|   ap_fifo  |                      res_V_data_0_V                     |    pointer   |
|res_V_data_0_V_write      | out |    1|   ap_fifo  |                      res_V_data_0_V                     |    pointer   |
|res_V_data_1_V_din        | out |   16|   ap_fifo  |                      res_V_data_1_V                     |    pointer   |
|res_V_data_1_V_full_n     |  in |    1|   ap_fifo  |                      res_V_data_1_V                     |    pointer   |
|res_V_data_1_V_write      | out |    1|   ap_fifo  |                      res_V_data_1_V                     |    pointer   |
|res_V_data_2_V_din        | out |   16|   ap_fifo  |                      res_V_data_2_V                     |    pointer   |
|res_V_data_2_V_full_n     |  in |    1|   ap_fifo  |                      res_V_data_2_V                     |    pointer   |
|res_V_data_2_V_write      | out |    1|   ap_fifo  |                      res_V_data_2_V                     |    pointer   |
|res_V_data_3_V_din        | out |   16|   ap_fifo  |                      res_V_data_3_V                     |    pointer   |
|res_V_data_3_V_full_n     |  in |    1|   ap_fifo  |                      res_V_data_3_V                     |    pointer   |
|res_V_data_3_V_write      | out |    1|   ap_fifo  |                      res_V_data_3_V                     |    pointer   |
|res_V_data_4_V_din        | out |   16|   ap_fifo  |                      res_V_data_4_V                     |    pointer   |
|res_V_data_4_V_full_n     |  in |    1|   ap_fifo  |                      res_V_data_4_V                     |    pointer   |
|res_V_data_4_V_write      | out |    1|   ap_fifo  |                      res_V_data_4_V                     |    pointer   |
|res_V_data_5_V_din        | out |   16|   ap_fifo  |                      res_V_data_5_V                     |    pointer   |
|res_V_data_5_V_full_n     |  in |    1|   ap_fifo  |                      res_V_data_5_V                     |    pointer   |
|res_V_data_5_V_write      | out |    1|   ap_fifo  |                      res_V_data_5_V                     |    pointer   |
|res_V_data_6_V_din        | out |   16|   ap_fifo  |                      res_V_data_6_V                     |    pointer   |
|res_V_data_6_V_full_n     |  in |    1|   ap_fifo  |                      res_V_data_6_V                     |    pointer   |
|res_V_data_6_V_write      | out |    1|   ap_fifo  |                      res_V_data_6_V                     |    pointer   |
|res_V_data_7_V_din        | out |   16|   ap_fifo  |                      res_V_data_7_V                     |    pointer   |
|res_V_data_7_V_full_n     |  in |    1|   ap_fifo  |                      res_V_data_7_V                     |    pointer   |
|res_V_data_7_V_write      | out |    1|   ap_fifo  |                      res_V_data_7_V                     |    pointer   |
|res_V_data_8_V_din        | out |   16|   ap_fifo  |                      res_V_data_8_V                     |    pointer   |
|res_V_data_8_V_full_n     |  in |    1|   ap_fifo  |                      res_V_data_8_V                     |    pointer   |
|res_V_data_8_V_write      | out |    1|   ap_fifo  |                      res_V_data_8_V                     |    pointer   |
|res_V_data_9_V_din        | out |   16|   ap_fifo  |                      res_V_data_9_V                     |    pointer   |
|res_V_data_9_V_full_n     |  in |    1|   ap_fifo  |                      res_V_data_9_V                     |    pointer   |
|res_V_data_9_V_write      | out |    1|   ap_fifo  |                      res_V_data_9_V                     |    pointer   |
|res_V_data_10_V_din       | out |   16|   ap_fifo  |                     res_V_data_10_V                     |    pointer   |
|res_V_data_10_V_full_n    |  in |    1|   ap_fifo  |                     res_V_data_10_V                     |    pointer   |
|res_V_data_10_V_write     | out |    1|   ap_fifo  |                     res_V_data_10_V                     |    pointer   |
|res_V_data_11_V_din       | out |   16|   ap_fifo  |                     res_V_data_11_V                     |    pointer   |
|res_V_data_11_V_full_n    |  in |    1|   ap_fifo  |                     res_V_data_11_V                     |    pointer   |
|res_V_data_11_V_write     | out |    1|   ap_fifo  |                     res_V_data_11_V                     |    pointer   |
|res_V_data_12_V_din       | out |   16|   ap_fifo  |                     res_V_data_12_V                     |    pointer   |
|res_V_data_12_V_full_n    |  in |    1|   ap_fifo  |                     res_V_data_12_V                     |    pointer   |
|res_V_data_12_V_write     | out |    1|   ap_fifo  |                     res_V_data_12_V                     |    pointer   |
|res_V_data_13_V_din       | out |   16|   ap_fifo  |                     res_V_data_13_V                     |    pointer   |
|res_V_data_13_V_full_n    |  in |    1|   ap_fifo  |                     res_V_data_13_V                     |    pointer   |
|res_V_data_13_V_write     | out |    1|   ap_fifo  |                     res_V_data_13_V                     |    pointer   |
|res_V_data_14_V_din       | out |   16|   ap_fifo  |                     res_V_data_14_V                     |    pointer   |
|res_V_data_14_V_full_n    |  in |    1|   ap_fifo  |                     res_V_data_14_V                     |    pointer   |
|res_V_data_14_V_write     | out |    1|   ap_fifo  |                     res_V_data_14_V                     |    pointer   |
|res_V_data_15_V_din       | out |   16|   ap_fifo  |                     res_V_data_15_V                     |    pointer   |
|res_V_data_15_V_full_n    |  in |    1|   ap_fifo  |                     res_V_data_15_V                     |    pointer   |
|res_V_data_15_V_write     | out |    1|   ap_fifo  |                     res_V_data_15_V                     |    pointer   |
|res_V_data_16_V_din       | out |   16|   ap_fifo  |                     res_V_data_16_V                     |    pointer   |
|res_V_data_16_V_full_n    |  in |    1|   ap_fifo  |                     res_V_data_16_V                     |    pointer   |
|res_V_data_16_V_write     | out |    1|   ap_fifo  |                     res_V_data_16_V                     |    pointer   |
|res_V_data_17_V_din       | out |   16|   ap_fifo  |                     res_V_data_17_V                     |    pointer   |
|res_V_data_17_V_full_n    |  in |    1|   ap_fifo  |                     res_V_data_17_V                     |    pointer   |
|res_V_data_17_V_write     | out |    1|   ap_fifo  |                     res_V_data_17_V                     |    pointer   |
|res_V_data_18_V_din       | out |   16|   ap_fifo  |                     res_V_data_18_V                     |    pointer   |
|res_V_data_18_V_full_n    |  in |    1|   ap_fifo  |                     res_V_data_18_V                     |    pointer   |
|res_V_data_18_V_write     | out |    1|   ap_fifo  |                     res_V_data_18_V                     |    pointer   |
|res_V_data_19_V_din       | out |   16|   ap_fifo  |                     res_V_data_19_V                     |    pointer   |
|res_V_data_19_V_full_n    |  in |    1|   ap_fifo  |                     res_V_data_19_V                     |    pointer   |
|res_V_data_19_V_write     | out |    1|   ap_fifo  |                     res_V_data_19_V                     |    pointer   |
|res_V_data_20_V_din       | out |   16|   ap_fifo  |                     res_V_data_20_V                     |    pointer   |
|res_V_data_20_V_full_n    |  in |    1|   ap_fifo  |                     res_V_data_20_V                     |    pointer   |
|res_V_data_20_V_write     | out |    1|   ap_fifo  |                     res_V_data_20_V                     |    pointer   |
|res_V_data_21_V_din       | out |   16|   ap_fifo  |                     res_V_data_21_V                     |    pointer   |
|res_V_data_21_V_full_n    |  in |    1|   ap_fifo  |                     res_V_data_21_V                     |    pointer   |
|res_V_data_21_V_write     | out |    1|   ap_fifo  |                     res_V_data_21_V                     |    pointer   |
|res_V_data_22_V_din       | out |   16|   ap_fifo  |                     res_V_data_22_V                     |    pointer   |
|res_V_data_22_V_full_n    |  in |    1|   ap_fifo  |                     res_V_data_22_V                     |    pointer   |
|res_V_data_22_V_write     | out |    1|   ap_fifo  |                     res_V_data_22_V                     |    pointer   |
|res_V_data_23_V_din       | out |   16|   ap_fifo  |                     res_V_data_23_V                     |    pointer   |
|res_V_data_23_V_full_n    |  in |    1|   ap_fifo  |                     res_V_data_23_V                     |    pointer   |
|res_V_data_23_V_write     | out |    1|   ap_fifo  |                     res_V_data_23_V                     |    pointer   |
|res_V_data_24_V_din       | out |   16|   ap_fifo  |                     res_V_data_24_V                     |    pointer   |
|res_V_data_24_V_full_n    |  in |    1|   ap_fifo  |                     res_V_data_24_V                     |    pointer   |
|res_V_data_24_V_write     | out |    1|   ap_fifo  |                     res_V_data_24_V                     |    pointer   |
|res_V_data_25_V_din       | out |   16|   ap_fifo  |                     res_V_data_25_V                     |    pointer   |
|res_V_data_25_V_full_n    |  in |    1|   ap_fifo  |                     res_V_data_25_V                     |    pointer   |
|res_V_data_25_V_write     | out |    1|   ap_fifo  |                     res_V_data_25_V                     |    pointer   |
|res_V_data_26_V_din       | out |   16|   ap_fifo  |                     res_V_data_26_V                     |    pointer   |
|res_V_data_26_V_full_n    |  in |    1|   ap_fifo  |                     res_V_data_26_V                     |    pointer   |
|res_V_data_26_V_write     | out |    1|   ap_fifo  |                     res_V_data_26_V                     |    pointer   |
|res_V_data_27_V_din       | out |   16|   ap_fifo  |                     res_V_data_27_V                     |    pointer   |
|res_V_data_27_V_full_n    |  in |    1|   ap_fifo  |                     res_V_data_27_V                     |    pointer   |
|res_V_data_27_V_write     | out |    1|   ap_fifo  |                     res_V_data_27_V                     |    pointer   |
|res_V_data_28_V_din       | out |   16|   ap_fifo  |                     res_V_data_28_V                     |    pointer   |
|res_V_data_28_V_full_n    |  in |    1|   ap_fifo  |                     res_V_data_28_V                     |    pointer   |
|res_V_data_28_V_write     | out |    1|   ap_fifo  |                     res_V_data_28_V                     |    pointer   |
|res_V_data_29_V_din       | out |   16|   ap_fifo  |                     res_V_data_29_V                     |    pointer   |
|res_V_data_29_V_full_n    |  in |    1|   ap_fifo  |                     res_V_data_29_V                     |    pointer   |
|res_V_data_29_V_write     | out |    1|   ap_fifo  |                     res_V_data_29_V                     |    pointer   |
|res_V_data_30_V_din       | out |   16|   ap_fifo  |                     res_V_data_30_V                     |    pointer   |
|res_V_data_30_V_full_n    |  in |    1|   ap_fifo  |                     res_V_data_30_V                     |    pointer   |
|res_V_data_30_V_write     | out |    1|   ap_fifo  |                     res_V_data_30_V                     |    pointer   |
|res_V_data_31_V_din       | out |   16|   ap_fifo  |                     res_V_data_31_V                     |    pointer   |
|res_V_data_31_V_full_n    |  in |    1|   ap_fifo  |                     res_V_data_31_V                     |    pointer   |
|res_V_data_31_V_write     | out |    1|   ap_fifo  |                     res_V_data_31_V                     |    pointer   |
|res_V_data_32_V_din       | out |   16|   ap_fifo  |                     res_V_data_32_V                     |    pointer   |
|res_V_data_32_V_full_n    |  in |    1|   ap_fifo  |                     res_V_data_32_V                     |    pointer   |
|res_V_data_32_V_write     | out |    1|   ap_fifo  |                     res_V_data_32_V                     |    pointer   |
|res_V_data_33_V_din       | out |   16|   ap_fifo  |                     res_V_data_33_V                     |    pointer   |
|res_V_data_33_V_full_n    |  in |    1|   ap_fifo  |                     res_V_data_33_V                     |    pointer   |
|res_V_data_33_V_write     | out |    1|   ap_fifo  |                     res_V_data_33_V                     |    pointer   |
|res_V_data_34_V_din       | out |   16|   ap_fifo  |                     res_V_data_34_V                     |    pointer   |
|res_V_data_34_V_full_n    |  in |    1|   ap_fifo  |                     res_V_data_34_V                     |    pointer   |
|res_V_data_34_V_write     | out |    1|   ap_fifo  |                     res_V_data_34_V                     |    pointer   |
|res_V_data_35_V_din       | out |   16|   ap_fifo  |                     res_V_data_35_V                     |    pointer   |
|res_V_data_35_V_full_n    |  in |    1|   ap_fifo  |                     res_V_data_35_V                     |    pointer   |
|res_V_data_35_V_write     | out |    1|   ap_fifo  |                     res_V_data_35_V                     |    pointer   |
|res_V_data_36_V_din       | out |   16|   ap_fifo  |                     res_V_data_36_V                     |    pointer   |
|res_V_data_36_V_full_n    |  in |    1|   ap_fifo  |                     res_V_data_36_V                     |    pointer   |
|res_V_data_36_V_write     | out |    1|   ap_fifo  |                     res_V_data_36_V                     |    pointer   |
|res_V_data_37_V_din       | out |   16|   ap_fifo  |                     res_V_data_37_V                     |    pointer   |
|res_V_data_37_V_full_n    |  in |    1|   ap_fifo  |                     res_V_data_37_V                     |    pointer   |
|res_V_data_37_V_write     | out |    1|   ap_fifo  |                     res_V_data_37_V                     |    pointer   |
|res_V_data_38_V_din       | out |   16|   ap_fifo  |                     res_V_data_38_V                     |    pointer   |
|res_V_data_38_V_full_n    |  in |    1|   ap_fifo  |                     res_V_data_38_V                     |    pointer   |
|res_V_data_38_V_write     | out |    1|   ap_fifo  |                     res_V_data_38_V                     |    pointer   |
|res_V_data_39_V_din       | out |   16|   ap_fifo  |                     res_V_data_39_V                     |    pointer   |
|res_V_data_39_V_full_n    |  in |    1|   ap_fifo  |                     res_V_data_39_V                     |    pointer   |
|res_V_data_39_V_write     | out |    1|   ap_fifo  |                     res_V_data_39_V                     |    pointer   |
|res_V_data_40_V_din       | out |   16|   ap_fifo  |                     res_V_data_40_V                     |    pointer   |
|res_V_data_40_V_full_n    |  in |    1|   ap_fifo  |                     res_V_data_40_V                     |    pointer   |
|res_V_data_40_V_write     | out |    1|   ap_fifo  |                     res_V_data_40_V                     |    pointer   |
|res_V_data_41_V_din       | out |   16|   ap_fifo  |                     res_V_data_41_V                     |    pointer   |
|res_V_data_41_V_full_n    |  in |    1|   ap_fifo  |                     res_V_data_41_V                     |    pointer   |
|res_V_data_41_V_write     | out |    1|   ap_fifo  |                     res_V_data_41_V                     |    pointer   |
|res_V_data_42_V_din       | out |   16|   ap_fifo  |                     res_V_data_42_V                     |    pointer   |
|res_V_data_42_V_full_n    |  in |    1|   ap_fifo  |                     res_V_data_42_V                     |    pointer   |
|res_V_data_42_V_write     | out |    1|   ap_fifo  |                     res_V_data_42_V                     |    pointer   |
|res_V_data_43_V_din       | out |   16|   ap_fifo  |                     res_V_data_43_V                     |    pointer   |
|res_V_data_43_V_full_n    |  in |    1|   ap_fifo  |                     res_V_data_43_V                     |    pointer   |
|res_V_data_43_V_write     | out |    1|   ap_fifo  |                     res_V_data_43_V                     |    pointer   |
|res_V_data_44_V_din       | out |   16|   ap_fifo  |                     res_V_data_44_V                     |    pointer   |
|res_V_data_44_V_full_n    |  in |    1|   ap_fifo  |                     res_V_data_44_V                     |    pointer   |
|res_V_data_44_V_write     | out |    1|   ap_fifo  |                     res_V_data_44_V                     |    pointer   |
|res_V_data_45_V_din       | out |   16|   ap_fifo  |                     res_V_data_45_V                     |    pointer   |
|res_V_data_45_V_full_n    |  in |    1|   ap_fifo  |                     res_V_data_45_V                     |    pointer   |
|res_V_data_45_V_write     | out |    1|   ap_fifo  |                     res_V_data_45_V                     |    pointer   |
|res_V_data_46_V_din       | out |   16|   ap_fifo  |                     res_V_data_46_V                     |    pointer   |
|res_V_data_46_V_full_n    |  in |    1|   ap_fifo  |                     res_V_data_46_V                     |    pointer   |
|res_V_data_46_V_write     | out |    1|   ap_fifo  |                     res_V_data_46_V                     |    pointer   |
|res_V_data_47_V_din       | out |   16|   ap_fifo  |                     res_V_data_47_V                     |    pointer   |
|res_V_data_47_V_full_n    |  in |    1|   ap_fifo  |                     res_V_data_47_V                     |    pointer   |
|res_V_data_47_V_write     | out |    1|   ap_fifo  |                     res_V_data_47_V                     |    pointer   |
|res_V_data_48_V_din       | out |   16|   ap_fifo  |                     res_V_data_48_V                     |    pointer   |
|res_V_data_48_V_full_n    |  in |    1|   ap_fifo  |                     res_V_data_48_V                     |    pointer   |
|res_V_data_48_V_write     | out |    1|   ap_fifo  |                     res_V_data_48_V                     |    pointer   |
|res_V_data_49_V_din       | out |   16|   ap_fifo  |                     res_V_data_49_V                     |    pointer   |
|res_V_data_49_V_full_n    |  in |    1|   ap_fifo  |                     res_V_data_49_V                     |    pointer   |
|res_V_data_49_V_write     | out |    1|   ap_fifo  |                     res_V_data_49_V                     |    pointer   |
|res_V_data_50_V_din       | out |   16|   ap_fifo  |                     res_V_data_50_V                     |    pointer   |
|res_V_data_50_V_full_n    |  in |    1|   ap_fifo  |                     res_V_data_50_V                     |    pointer   |
|res_V_data_50_V_write     | out |    1|   ap_fifo  |                     res_V_data_50_V                     |    pointer   |
|res_V_data_51_V_din       | out |   16|   ap_fifo  |                     res_V_data_51_V                     |    pointer   |
|res_V_data_51_V_full_n    |  in |    1|   ap_fifo  |                     res_V_data_51_V                     |    pointer   |
|res_V_data_51_V_write     | out |    1|   ap_fifo  |                     res_V_data_51_V                     |    pointer   |
|res_V_data_52_V_din       | out |   16|   ap_fifo  |                     res_V_data_52_V                     |    pointer   |
|res_V_data_52_V_full_n    |  in |    1|   ap_fifo  |                     res_V_data_52_V                     |    pointer   |
|res_V_data_52_V_write     | out |    1|   ap_fifo  |                     res_V_data_52_V                     |    pointer   |
|res_V_data_53_V_din       | out |   16|   ap_fifo  |                     res_V_data_53_V                     |    pointer   |
|res_V_data_53_V_full_n    |  in |    1|   ap_fifo  |                     res_V_data_53_V                     |    pointer   |
|res_V_data_53_V_write     | out |    1|   ap_fifo  |                     res_V_data_53_V                     |    pointer   |
|res_V_data_54_V_din       | out |   16|   ap_fifo  |                     res_V_data_54_V                     |    pointer   |
|res_V_data_54_V_full_n    |  in |    1|   ap_fifo  |                     res_V_data_54_V                     |    pointer   |
|res_V_data_54_V_write     | out |    1|   ap_fifo  |                     res_V_data_54_V                     |    pointer   |
|res_V_data_55_V_din       | out |   16|   ap_fifo  |                     res_V_data_55_V                     |    pointer   |
|res_V_data_55_V_full_n    |  in |    1|   ap_fifo  |                     res_V_data_55_V                     |    pointer   |
|res_V_data_55_V_write     | out |    1|   ap_fifo  |                     res_V_data_55_V                     |    pointer   |
|res_V_data_56_V_din       | out |   16|   ap_fifo  |                     res_V_data_56_V                     |    pointer   |
|res_V_data_56_V_full_n    |  in |    1|   ap_fifo  |                     res_V_data_56_V                     |    pointer   |
|res_V_data_56_V_write     | out |    1|   ap_fifo  |                     res_V_data_56_V                     |    pointer   |
|res_V_data_57_V_din       | out |   16|   ap_fifo  |                     res_V_data_57_V                     |    pointer   |
|res_V_data_57_V_full_n    |  in |    1|   ap_fifo  |                     res_V_data_57_V                     |    pointer   |
|res_V_data_57_V_write     | out |    1|   ap_fifo  |                     res_V_data_57_V                     |    pointer   |
|res_V_data_58_V_din       | out |   16|   ap_fifo  |                     res_V_data_58_V                     |    pointer   |
|res_V_data_58_V_full_n    |  in |    1|   ap_fifo  |                     res_V_data_58_V                     |    pointer   |
|res_V_data_58_V_write     | out |    1|   ap_fifo  |                     res_V_data_58_V                     |    pointer   |
|res_V_data_59_V_din       | out |   16|   ap_fifo  |                     res_V_data_59_V                     |    pointer   |
|res_V_data_59_V_full_n    |  in |    1|   ap_fifo  |                     res_V_data_59_V                     |    pointer   |
|res_V_data_59_V_write     | out |    1|   ap_fifo  |                     res_V_data_59_V                     |    pointer   |
|res_V_data_60_V_din       | out |   16|   ap_fifo  |                     res_V_data_60_V                     |    pointer   |
|res_V_data_60_V_full_n    |  in |    1|   ap_fifo  |                     res_V_data_60_V                     |    pointer   |
|res_V_data_60_V_write     | out |    1|   ap_fifo  |                     res_V_data_60_V                     |    pointer   |
|res_V_data_61_V_din       | out |   16|   ap_fifo  |                     res_V_data_61_V                     |    pointer   |
|res_V_data_61_V_full_n    |  in |    1|   ap_fifo  |                     res_V_data_61_V                     |    pointer   |
|res_V_data_61_V_write     | out |    1|   ap_fifo  |                     res_V_data_61_V                     |    pointer   |
|res_V_data_62_V_din       | out |   16|   ap_fifo  |                     res_V_data_62_V                     |    pointer   |
|res_V_data_62_V_full_n    |  in |    1|   ap_fifo  |                     res_V_data_62_V                     |    pointer   |
|res_V_data_62_V_write     | out |    1|   ap_fifo  |                     res_V_data_62_V                     |    pointer   |
|res_V_data_63_V_din       | out |   16|   ap_fifo  |                     res_V_data_63_V                     |    pointer   |
|res_V_data_63_V_full_n    |  in |    1|   ap_fifo  |                     res_V_data_63_V                     |    pointer   |
|res_V_data_63_V_write     | out |    1|   ap_fifo  |                     res_V_data_63_V                     |    pointer   |
+--------------------------+-----+-----+------------+---------------------------------------------------------+--------------+

