

================================================================
== Vivado HLS Report for 'pooling1d_cl_array_array_ap_fixed_32u_config7_s'
================================================================
* Date:           Tue Jan 17 15:55:54 2023

* Version:        2019.2 (Build 2704478 on Wed Nov 06 22:10:23 MST 2019)
* Project:        myproject_prj
* Solution:       solution1
* Product family: virtex7
* Target device:  xc7vx690t-ffg1761-2


================================================================
== Performance Estimates
================================================================
+ Timing: 
    * Summary: 
    +--------+---------+----------+------------+
    |  Clock |  Target | Estimated| Uncertainty|
    +--------+---------+----------+------------+
    |ap_clk  | 3.33 ns | 2.914 ns |   0.42 ns  |
    +--------+---------+----------+------------+

+ Latency: 
    * Summary: 
    +---------+---------+-----------+-----------+-----+-----+---------+
    |  Latency (cycles) |   Latency (absolute)  |  Interval | Pipeline|
    |   min   |   max   |    min    |    max    | min | max |   Type  |
    +---------+---------+-----------+-----------+-----+-----+---------+
    |       29|       29| 96.570 ns | 96.570 ns |   29|   29|   none  |
    +---------+---------+-----------+-----------+-----+-----+---------+

    + Detail: 
        * Instance: 
        N/A

        * Loop: 
        +------------------+---------+---------+----------+-----------+-----------+------+----------+
        |                  |  Latency (cycles) | Iteration|  Initiation Interval  | Trip |          |
        |     Loop Name    |   min   |   max   |  Latency |  achieved |   target  | Count| Pipelined|
        +------------------+---------+---------+----------+-----------+-----------+------+----------+
        |- ReadInputWidth  |       27|       27|         6|          1|          1|    23|    yes   |
        +------------------+---------+---------+----------+-----------+-----------+------+----------+



================================================================
== Utilization Estimates
================================================================
* Summary: 
+-----------------+---------+-------+--------+--------+-----+
|       Name      | BRAM_18K| DSP48E|   FF   |   LUT  | URAM|
+-----------------+---------+-------+--------+--------+-----+
|DSP              |        -|      -|       -|       -|    -|
|Expression       |        -|      -|       0|    1017|    -|
|FIFO             |        0|      -|     384|    1920|    -|
|Instance         |        -|      -|       -|       -|    -|
|Memory           |        0|      -|       1|       1|    -|
|Multiplexer      |        -|      -|       -|     642|    -|
|Register         |        0|      -|    1142|      32|    -|
+-----------------+---------+-------+--------+--------+-----+
|Total            |        0|      0|    1527|    3612|    0|
+-----------------+---------+-------+--------+--------+-----+
|Available        |     2940|   3600|  866400|  433200|    0|
+-----------------+---------+-------+--------+--------+-----+
|Utilization (%)  |        0|      0|   ~0   |   ~0   |    0|
+-----------------+---------+-------+--------+--------+-----+

+ Detail: 
    * Instance: 
    N/A

    * DSP48E: 
    N/A

    * Memory: 
    +----------------------+--------------------------------------------------------------+---------+---+----+-----+------+-----+------+-------------+
    |        Memory        |                            Module                            | BRAM_18K| FF| LUT| URAM| Words| Bits| Banks| W*Bits*Banks|
    +----------------------+--------------------------------------------------------------+---------+---+----+-----+------+-----+------+-------------+
    |pool_table_width12_U  |pooling1d_cl_array_array_ap_fixed_32u_config7_s_pool_tablcud  |        0|  1|   1|    0|    23|    1|     1|           23|
    +----------------------+--------------------------------------------------------------+---------+---+----+-----+------+-----+------+-------------+
    |Total                 |                                                              |        0|  1|   1|    0|    23|    1|     1|           23|
    +----------------------+--------------------------------------------------------------+---------+---+----+-----+------+-----+------+-------------+

    * FIFO: 
    +---------------------------+---------+---+----+-----+------+-----+---------+
    |            Name           | BRAM_18K| FF| LUT| URAM| Depth| Bits| Size:D*B|
    +---------------------------+---------+---+----+-----+------+-----+---------+
    |data_window_0_V_V_fifo_U   |        0|  6|   0|    -|    11|   16|      176|
    |data_window_10_V_V_fifo_U  |        0|  6|   0|    -|    11|   16|      176|
    |data_window_11_V_V_fifo_U  |        0|  6|   0|    -|    11|   16|      176|
    |data_window_12_V_V_fifo_U  |        0|  6|   0|    -|    11|   16|      176|
    |data_window_13_V_V_fifo_U  |        0|  6|   0|    -|    11|   16|      176|
    |data_window_14_V_V_fifo_U  |        0|  6|   0|    -|    11|   16|      176|
    |data_window_15_V_V_fifo_U  |        0|  6|   0|    -|    11|   16|      176|
    |data_window_16_V_V_fifo_U  |        0|  6|   0|    -|    11|   16|      176|
    |data_window_17_V_V_fifo_U  |        0|  6|   0|    -|    11|   16|      176|
    |data_window_18_V_V_fifo_U  |        0|  6|   0|    -|    11|   16|      176|
    |data_window_19_V_V_fifo_U  |        0|  6|   0|    -|    11|   16|      176|
    |data_window_1_V_V_fifo_U   |        0|  6|   0|    -|    11|   16|      176|
    |data_window_20_V_V_fifo_U  |        0|  6|   0|    -|    11|   16|      176|
    |data_window_21_V_V_fifo_U  |        0|  6|   0|    -|    11|   16|      176|
    |data_window_22_V_V_fifo_U  |        0|  6|   0|    -|    11|   16|      176|
    |data_window_23_V_V_fifo_U  |        0|  6|   0|    -|    11|   16|      176|
    |data_window_24_V_V_fifo_U  |        0|  6|   0|    -|    11|   16|      176|
    |data_window_25_V_V_fifo_U  |        0|  6|   0|    -|    11|   16|      176|
    |data_window_26_V_V_fifo_U  |        0|  6|   0|    -|    11|   16|      176|
    |data_window_27_V_V_fifo_U  |        0|  6|   0|    -|    11|   16|      176|
    |data_window_28_V_V_fifo_U  |        0|  6|   0|    -|    11|   16|      176|
    |data_window_29_V_V_fifo_U  |        0|  6|   0|    -|    11|   16|      176|
    |data_window_2_V_V_fifo_U   |        0|  6|   0|    -|    11|   16|      176|
    |data_window_30_V_V_fifo_U  |        0|  6|   0|    -|    11|   16|      176|
    |data_window_31_V_V_fifo_U  |        0|  6|   0|    -|    11|   16|      176|
    |data_window_32_V_V_fifo_U  |        0|  6|   0|    -|    11|   16|      176|
    |data_window_33_V_V_fifo_U  |        0|  6|   0|    -|    11|   16|      176|
    |data_window_34_V_V_fifo_U  |        0|  6|   0|    -|    11|   16|      176|
    |data_window_35_V_V_fifo_U  |        0|  6|   0|    -|    11|   16|      176|
    |data_window_36_V_V_fifo_U  |        0|  6|   0|    -|    11|   16|      176|
    |data_window_37_V_V_fifo_U  |        0|  6|   0|    -|    11|   16|      176|
    |data_window_38_V_V_fifo_U  |        0|  6|   0|    -|    11|   16|      176|
    |data_window_39_V_V_fifo_U  |        0|  6|   0|    -|    11|   16|      176|
    |data_window_3_V_V_fifo_U   |        0|  6|   0|    -|    11|   16|      176|
    |data_window_40_V_V_fifo_U  |        0|  6|   0|    -|    11|   16|      176|
    |data_window_41_V_V_fifo_U  |        0|  6|   0|    -|    11|   16|      176|
    |data_window_42_V_V_fifo_U  |        0|  6|   0|    -|    11|   16|      176|
    |data_window_43_V_V_fifo_U  |        0|  6|   0|    -|    11|   16|      176|
    |data_window_44_V_V_fifo_U  |        0|  6|   0|    -|    11|   16|      176|
    |data_window_45_V_V_fifo_U  |        0|  6|   0|    -|    11|   16|      176|
    |data_window_46_V_V_fifo_U  |        0|  6|   0|    -|    11|   16|      176|
    |data_window_47_V_V_fifo_U  |        0|  6|   0|    -|    11|   16|      176|
    |data_window_48_V_V_fifo_U  |        0|  6|   0|    -|    11|   16|      176|
    |data_window_49_V_V_fifo_U  |        0|  6|   0|    -|    11|   16|      176|
    |data_window_4_V_V_fifo_U   |        0|  6|   0|    -|    11|   16|      176|
    |data_window_50_V_V_fifo_U  |        0|  6|   0|    -|    11|   16|      176|
    |data_window_51_V_V_fifo_U  |        0|  6|   0|    -|    11|   16|      176|
    |data_window_52_V_V_fifo_U  |        0|  6|   0|    -|    11|   16|      176|
    |data_window_53_V_V_fifo_U  |        0|  6|   0|    -|    11|   16|      176|
    |data_window_54_V_V_fifo_U  |        0|  6|   0|    -|    11|   16|      176|
    |data_window_55_V_V_fifo_U  |        0|  6|   0|    -|    11|   16|      176|
    |data_window_56_V_V_fifo_U  |        0|  6|   0|    -|    11|   16|      176|
    |data_window_57_V_V_fifo_U  |        0|  6|   0|    -|    11|   16|      176|
    |data_window_58_V_V_fifo_U  |        0|  6|   0|    -|    11|   16|      176|
    |data_window_59_V_V_fifo_U  |        0|  6|   0|    -|    11|   16|      176|
    |data_window_5_V_V_fifo_U   |        0|  6|   0|    -|    11|   16|      176|
    |data_window_60_V_V_fifo_U  |        0|  6|   0|    -|    11|   16|      176|
    |data_window_61_V_V_fifo_U  |        0|  6|   0|    -|    11|   16|      176|
    |data_window_62_V_V_fifo_U  |        0|  6|   0|    -|    11|   16|      176|
    |data_window_63_V_V_fifo_U  |        0|  6|   0|    -|    11|   16|      176|
    |data_window_6_V_V_fifo_U   |        0|  6|   0|    -|    11|   16|      176|
    |data_window_7_V_V_fifo_U   |        0|  6|   0|    -|    11|   16|      176|
    |data_window_8_V_V_fifo_U   |        0|  6|   0|    -|    11|   16|      176|
    |data_window_9_V_V_fifo_U   |        0|  6|   0|    -|    11|   16|      176|
    +---------------------------+---------+---+----+-----+------+-----+---------+
    |Total                      |        0|384|   0|    0|   704| 1024|    11264|
    +---------------------------+---------+---+----+-----+------+-----+---------+

    * Expression: 
    +----------------------------------+----------+-------+---+----+------------+------------+
    |           Variable Name          | Operation| DSP48E| FF| LUT| Bitwidth P0| Bitwidth P1|
    +----------------------------------+----------+-------+---+----+------------+------------+
    |i_iw_fu_3142_p2                   |     +    |      0|  0|  15|           5|           1|
    |ap_block_state7_pp0_stage0_iter5  |    and   |      0|  0|   2|           1|           1|
    |ap_predicate_op357_write_state5   |    and   |      0|  0|   2|           1|           1|
    |ap_predicate_op359_write_state5   |    and   |      0|  0|   2|           1|           1|
    |io_acc_block_signal_op323         |    and   |      0|  0|   2|           1|           1|
    |io_acc_block_signal_op613         |    and   |      0|  0|   2|           1|           1|
    |icmp_ln1496_10_fu_3443_p2         |   icmp   |      0|  0|  13|          16|          16|
    |icmp_ln1496_11_fu_3449_p2         |   icmp   |      0|  0|  13|          16|          16|
    |icmp_ln1496_12_fu_3455_p2         |   icmp   |      0|  0|  13|          16|          16|
    |icmp_ln1496_13_fu_3461_p2         |   icmp   |      0|  0|  13|          16|          16|
    |icmp_ln1496_14_fu_3467_p2         |   icmp   |      0|  0|  13|          16|          16|
    |icmp_ln1496_15_fu_3473_p2         |   icmp   |      0|  0|  13|          16|          16|
    |icmp_ln1496_16_fu_3479_p2         |   icmp   |      0|  0|  13|          16|          16|
    |icmp_ln1496_17_fu_3485_p2         |   icmp   |      0|  0|  13|          16|          16|
    |icmp_ln1496_18_fu_3491_p2         |   icmp   |      0|  0|  13|          16|          16|
    |icmp_ln1496_19_fu_3497_p2         |   icmp   |      0|  0|  13|          16|          16|
    |icmp_ln1496_1_fu_3389_p2          |   icmp   |      0|  0|  13|          16|          16|
    |icmp_ln1496_20_fu_3503_p2         |   icmp   |      0|  0|  13|          16|          16|
    |icmp_ln1496_21_fu_3509_p2         |   icmp   |      0|  0|  13|          16|          16|
    |icmp_ln1496_22_fu_3515_p2         |   icmp   |      0|  0|  13|          16|          16|
    |icmp_ln1496_23_fu_3521_p2         |   icmp   |      0|  0|  13|          16|          16|
    |icmp_ln1496_24_fu_3527_p2         |   icmp   |      0|  0|  13|          16|          16|
    |icmp_ln1496_25_fu_3533_p2         |   icmp   |      0|  0|  13|          16|          16|
    |icmp_ln1496_26_fu_3539_p2         |   icmp   |      0|  0|  13|          16|          16|
    |icmp_ln1496_27_fu_3545_p2         |   icmp   |      0|  0|  13|          16|          16|
    |icmp_ln1496_28_fu_3551_p2         |   icmp   |      0|  0|  13|          16|          16|
    |icmp_ln1496_29_fu_3557_p2         |   icmp   |      0|  0|  13|          16|          16|
    |icmp_ln1496_2_fu_3395_p2          |   icmp   |      0|  0|  13|          16|          16|
    |icmp_ln1496_30_fu_3563_p2         |   icmp   |      0|  0|  13|          16|          16|
    |icmp_ln1496_31_fu_3569_p2         |   icmp   |      0|  0|  13|          16|          16|
    |icmp_ln1496_3_fu_3401_p2          |   icmp   |      0|  0|  13|          16|          16|
    |icmp_ln1496_4_fu_3407_p2          |   icmp   |      0|  0|  13|          16|          16|
    |icmp_ln1496_5_fu_3413_p2          |   icmp   |      0|  0|  13|          16|          16|
    |icmp_ln1496_6_fu_3419_p2          |   icmp   |      0|  0|  13|          16|          16|
    |icmp_ln1496_7_fu_3425_p2          |   icmp   |      0|  0|  13|          16|          16|
    |icmp_ln1496_8_fu_3431_p2          |   icmp   |      0|  0|  13|          16|          16|
    |icmp_ln1496_9_fu_3437_p2          |   icmp   |      0|  0|  13|          16|          16|
    |icmp_ln1496_fu_3383_p2            |   icmp   |      0|  0|  13|          16|          16|
    |icmp_ln177_fu_3179_p2             |   icmp   |      0|  0|   8|           2|           1|
    |icmp_ln304_fu_3148_p2             |   icmp   |      0|  0|  11|           5|           5|
    |icmp_ln358_fu_3136_p2             |   icmp   |      0|  0|  11|           5|           5|
    |icmp_ln879_fu_3185_p2             |   icmp   |      0|  0|   9|           2|           3|
    |icmp_ln895_fu_3173_p2             |   icmp   |      0|  0|   8|           2|           1|
    |ap_block_pp0_stage0_01001         |    or    |      0|  0|   2|           1|           1|
    |ap_block_state1                   |    or    |      0|  0|   2|           1|           1|
    |ap_block_state5_pp0_stage0_iter3  |    or    |      0|  0|   2|           1|           1|
    |ap_block_state6_pp0_stage0_iter4  |    or    |      0|  0|   2|           1|           1|
    |filt_mask_V_fu_3159_p3            |  select  |      0|  0|   3|           1|           3|
    |res_V_data_0_V_din                |  select  |      0|  0|  16|           1|          16|
    |res_V_data_10_V_din               |  select  |      0|  0|  16|           1|          16|
    |res_V_data_11_V_din               |  select  |      0|  0|  16|           1|          16|
    |res_V_data_12_V_din               |  select  |      0|  0|  16|           1|          16|
    |res_V_data_13_V_din               |  select  |      0|  0|  16|           1|          16|
    |res_V_data_14_V_din               |  select  |      0|  0|  16|           1|          16|
    |res_V_data_15_V_din               |  select  |      0|  0|  16|           1|          16|
    |res_V_data_16_V_din               |  select  |      0|  0|  16|           1|          16|
    |res_V_data_17_V_din               |  select  |      0|  0|  16|           1|          16|
    |res_V_data_18_V_din               |  select  |      0|  0|  16|           1|          16|
    |res_V_data_19_V_din               |  select  |      0|  0|  16|           1|          16|
    |res_V_data_1_V_din                |  select  |      0|  0|  16|           1|          16|
    |res_V_data_20_V_din               |  select  |      0|  0|  16|           1|          16|
    |res_V_data_21_V_din               |  select  |      0|  0|  16|           1|          16|
    |res_V_data_22_V_din               |  select  |      0|  0|  16|           1|          16|
    |res_V_data_23_V_din               |  select  |      0|  0|  16|           1|          16|
    |res_V_data_24_V_din               |  select  |      0|  0|  16|           1|          16|
    |res_V_data_25_V_din               |  select  |      0|  0|  16|           1|          16|
    |res_V_data_26_V_din               |  select  |      0|  0|  16|           1|          16|
    |res_V_data_27_V_din               |  select  |      0|  0|  16|           1|          16|
    |res_V_data_28_V_din               |  select  |      0|  0|  16|           1|          16|
    |res_V_data_29_V_din               |  select  |      0|  0|  16|           1|          16|
    |res_V_data_2_V_din                |  select  |      0|  0|  16|           1|          16|
    |res_V_data_30_V_din               |  select  |      0|  0|  16|           1|          16|
    |res_V_data_31_V_din               |  select  |      0|  0|  16|           1|          16|
    |res_V_data_3_V_din                |  select  |      0|  0|  16|           1|          16|
    |res_V_data_4_V_din                |  select  |      0|  0|  16|           1|          16|
    |res_V_data_5_V_din                |  select  |      0|  0|  16|           1|          16|
    |res_V_data_6_V_din                |  select  |      0|  0|  16|           1|          16|
    |res_V_data_7_V_din                |  select  |      0|  0|  16|           1|          16|
    |res_V_data_8_V_din                |  select  |      0|  0|  16|           1|          16|
    |res_V_data_9_V_din                |  select  |      0|  0|  16|           1|          16|
    |select_ln304_fu_3166_p3           |  select  |      0|  0|   2|           1|           2|
    |ap_enable_pp0                     |    xor   |      0|  0|   2|           1|           2|
    |ap_enable_reg_pp0_iter1           |    xor   |      0|  0|   2|           2|           1|
    +----------------------------------+----------+-------+---+----+------------+------------+
    |Total                             |          |      0|  0|1017|         579|        1057|
    +----------------------------------+----------+-------+---+----+------------+------------+

    * Multiplexer: 
    +-------------------------+----+-----------+-----+-----------+
    |           Name          | LUT| Input Size| Bits| Total Bits|
    +-------------------------+----+-----------+-----+-----------+
    |ap_NS_fsm                |  21|          4|    1|          4|
    |ap_done                  |   9|          2|    1|          2|
    |ap_enable_reg_pp0_iter1  |   9|          2|    1|          2|
    |ap_enable_reg_pp0_iter5  |   9|          2|    1|          2|
    |data_V_data_0_V_blk_n    |   9|          2|    1|          2|
    |data_V_data_10_V_blk_n   |   9|          2|    1|          2|
    |data_V_data_11_V_blk_n   |   9|          2|    1|          2|
    |data_V_data_12_V_blk_n   |   9|          2|    1|          2|
    |data_V_data_13_V_blk_n   |   9|          2|    1|          2|
    |data_V_data_14_V_blk_n   |   9|          2|    1|          2|
    |data_V_data_15_V_blk_n   |   9|          2|    1|          2|
    |data_V_data_16_V_blk_n   |   9|          2|    1|          2|
    |data_V_data_17_V_blk_n   |   9|          2|    1|          2|
    |data_V_data_18_V_blk_n   |   9|          2|    1|          2|
    |data_V_data_19_V_blk_n   |   9|          2|    1|          2|
    |data_V_data_1_V_blk_n    |   9|          2|    1|          2|
    |data_V_data_20_V_blk_n   |   9|          2|    1|          2|
    |data_V_data_21_V_blk_n   |   9|          2|    1|          2|
    |data_V_data_22_V_blk_n   |   9|          2|    1|          2|
    |data_V_data_23_V_blk_n   |   9|          2|    1|          2|
    |data_V_data_24_V_blk_n   |   9|          2|    1|          2|
    |data_V_data_25_V_blk_n   |   9|          2|    1|          2|
    |data_V_data_26_V_blk_n   |   9|          2|    1|          2|
    |data_V_data_27_V_blk_n   |   9|          2|    1|          2|
    |data_V_data_28_V_blk_n   |   9|          2|    1|          2|
    |data_V_data_29_V_blk_n   |   9|          2|    1|          2|
    |data_V_data_2_V_blk_n    |   9|          2|    1|          2|
    |data_V_data_30_V_blk_n   |   9|          2|    1|          2|
    |data_V_data_31_V_blk_n   |   9|          2|    1|          2|
    |data_V_data_3_V_blk_n    |   9|          2|    1|          2|
    |data_V_data_4_V_blk_n    |   9|          2|    1|          2|
    |data_V_data_5_V_blk_n    |   9|          2|    1|          2|
    |data_V_data_6_V_blk_n    |   9|          2|    1|          2|
    |data_V_data_7_V_blk_n    |   9|          2|    1|          2|
    |data_V_data_8_V_blk_n    |   9|          2|    1|          2|
    |data_V_data_9_V_blk_n    |   9|          2|    1|          2|
    |real_start               |   9|          2|    1|          2|
    |res_V_data_0_V_blk_n     |   9|          2|    1|          2|
    |res_V_data_10_V_blk_n    |   9|          2|    1|          2|
    |res_V_data_11_V_blk_n    |   9|          2|    1|          2|
    |res_V_data_12_V_blk_n    |   9|          2|    1|          2|
    |res_V_data_13_V_blk_n    |   9|          2|    1|          2|
    |res_V_data_14_V_blk_n    |   9|          2|    1|          2|
    |res_V_data_15_V_blk_n    |   9|          2|    1|          2|
    |res_V_data_16_V_blk_n    |   9|          2|    1|          2|
    |res_V_data_17_V_blk_n    |   9|          2|    1|          2|
    |res_V_data_18_V_blk_n    |   9|          2|    1|          2|
    |res_V_data_19_V_blk_n    |   9|          2|    1|          2|
    |res_V_data_1_V_blk_n     |   9|          2|    1|          2|
    |res_V_data_20_V_blk_n    |   9|          2|    1|          2|
    |res_V_data_21_V_blk_n    |   9|          2|    1|          2|
    |res_V_data_22_V_blk_n    |   9|          2|    1|          2|
    |res_V_data_23_V_blk_n    |   9|          2|    1|          2|
    |res_V_data_24_V_blk_n    |   9|          2|    1|          2|
    |res_V_data_25_V_blk_n    |   9|          2|    1|          2|
    |res_V_data_26_V_blk_n    |   9|          2|    1|          2|
    |res_V_data_27_V_blk_n    |   9|          2|    1|          2|
    |res_V_data_28_V_blk_n    |   9|          2|    1|          2|
    |res_V_data_29_V_blk_n    |   9|          2|    1|          2|
    |res_V_data_2_V_blk_n     |   9|          2|    1|          2|
    |res_V_data_30_V_blk_n    |   9|          2|    1|          2|
    |res_V_data_31_V_blk_n    |   9|          2|    1|          2|
    |res_V_data_3_V_blk_n     |   9|          2|    1|          2|
    |res_V_data_4_V_blk_n     |   9|          2|    1|          2|
    |res_V_data_5_V_blk_n     |   9|          2|    1|          2|
    |res_V_data_6_V_blk_n     |   9|          2|    1|          2|
    |res_V_data_7_V_blk_n     |   9|          2|    1|          2|
    |res_V_data_8_V_blk_n     |   9|          2|    1|          2|
    |res_V_data_9_V_blk_n     |   9|          2|    1|          2|
    |wp_idx_reg_3125          |   9|          2|    5|         10|
    +-------------------------+----+-----------+-----+-----------+
    |Total                    | 642|        142|   74|        150|
    +-------------------------+----+-----------+-----+-----------+

    * Register: 
    +-----------------------------------+----+----+-----+-----------+
    |                Name               | FF | LUT| Bits| Const Bits|
    +-----------------------------------+----+----+-----+-----------+
    |ap_CS_fsm                          |   3|   0|    3|          0|
    |ap_done_reg                        |   1|   0|    1|          0|
    |ap_enable_reg_pp0_iter0            |   1|   0|    1|          0|
    |ap_enable_reg_pp0_iter1            |   1|   0|    1|          0|
    |ap_enable_reg_pp0_iter2            |   1|   0|    1|          0|
    |ap_enable_reg_pp0_iter3            |   1|   0|    1|          0|
    |ap_enable_reg_pp0_iter4            |   1|   0|    1|          0|
    |ap_enable_reg_pp0_iter5            |   1|   0|    1|          0|
    |icmp_ln1496_10_reg_4347            |   1|   0|    1|          0|
    |icmp_ln1496_11_reg_4362            |   1|   0|    1|          0|
    |icmp_ln1496_12_reg_4377            |   1|   0|    1|          0|
    |icmp_ln1496_13_reg_4392            |   1|   0|    1|          0|
    |icmp_ln1496_14_reg_4407            |   1|   0|    1|          0|
    |icmp_ln1496_15_reg_4422            |   1|   0|    1|          0|
    |icmp_ln1496_16_reg_4437            |   1|   0|    1|          0|
    |icmp_ln1496_17_reg_4452            |   1|   0|    1|          0|
    |icmp_ln1496_18_reg_4467            |   1|   0|    1|          0|
    |icmp_ln1496_19_reg_4482            |   1|   0|    1|          0|
    |icmp_ln1496_1_reg_4212             |   1|   0|    1|          0|
    |icmp_ln1496_20_reg_4497            |   1|   0|    1|          0|
    |icmp_ln1496_21_reg_4512            |   1|   0|    1|          0|
    |icmp_ln1496_22_reg_4527            |   1|   0|    1|          0|
    |icmp_ln1496_23_reg_4542            |   1|   0|    1|          0|
    |icmp_ln1496_24_reg_4557            |   1|   0|    1|          0|
    |icmp_ln1496_25_reg_4572            |   1|   0|    1|          0|
    |icmp_ln1496_26_reg_4587            |   1|   0|    1|          0|
    |icmp_ln1496_27_reg_4602            |   1|   0|    1|          0|
    |icmp_ln1496_28_reg_4617            |   1|   0|    1|          0|
    |icmp_ln1496_29_reg_4632            |   1|   0|    1|          0|
    |icmp_ln1496_2_reg_4227             |   1|   0|    1|          0|
    |icmp_ln1496_30_reg_4647            |   1|   0|    1|          0|
    |icmp_ln1496_31_reg_4662            |   1|   0|    1|          0|
    |icmp_ln1496_3_reg_4242             |   1|   0|    1|          0|
    |icmp_ln1496_4_reg_4257             |   1|   0|    1|          0|
    |icmp_ln1496_5_reg_4272             |   1|   0|    1|          0|
    |icmp_ln1496_6_reg_4287             |   1|   0|    1|          0|
    |icmp_ln1496_7_reg_4302             |   1|   0|    1|          0|
    |icmp_ln1496_8_reg_4317             |   1|   0|    1|          0|
    |icmp_ln1496_9_reg_4332             |   1|   0|    1|          0|
    |icmp_ln1496_reg_4197               |   1|   0|    1|          0|
    |icmp_ln177_reg_4179                |   1|   0|    1|          0|
    |icmp_ln304_reg_4160                |   1|   0|    1|          0|
    |icmp_ln304_reg_4160_pp0_iter1_reg  |   1|   0|    1|          0|
    |icmp_ln879_reg_4183                |   1|   0|    1|          0|
    |icmp_ln895_reg_4175                |   1|   0|    1|          0|
    |pool_table_width12_load_reg_4170   |   1|   0|    1|          0|
    |start_once_reg                     |   1|   0|    1|          0|
    |tmp_V_100_reg_4217                 |  16|   0|   16|          0|
    |tmp_V_101_reg_4222                 |  16|   0|   16|          0|
    |tmp_V_102_reg_4232                 |  16|   0|   16|          0|
    |tmp_V_103_reg_4237                 |  16|   0|   16|          0|
    |tmp_V_104_reg_4247                 |  16|   0|   16|          0|
    |tmp_V_105_reg_4252                 |  16|   0|   16|          0|
    |tmp_V_106_reg_4262                 |  16|   0|   16|          0|
    |tmp_V_107_reg_4267                 |  16|   0|   16|          0|
    |tmp_V_108_reg_4277                 |  16|   0|   16|          0|
    |tmp_V_109_reg_4282                 |  16|   0|   16|          0|
    |tmp_V_110_reg_4292                 |  16|   0|   16|          0|
    |tmp_V_111_reg_4297                 |  16|   0|   16|          0|
    |tmp_V_112_reg_4307                 |  16|   0|   16|          0|
    |tmp_V_113_reg_4312                 |  16|   0|   16|          0|
    |tmp_V_114_reg_4322                 |  16|   0|   16|          0|
    |tmp_V_115_reg_4327                 |  16|   0|   16|          0|
    |tmp_V_116_reg_4337                 |  16|   0|   16|          0|
    |tmp_V_117_reg_4342                 |  16|   0|   16|          0|
    |tmp_V_118_reg_4352                 |  16|   0|   16|          0|
    |tmp_V_119_reg_4357                 |  16|   0|   16|          0|
    |tmp_V_120_reg_4367                 |  16|   0|   16|          0|
    |tmp_V_121_reg_4372                 |  16|   0|   16|          0|
    |tmp_V_122_reg_4382                 |  16|   0|   16|          0|
    |tmp_V_123_reg_4387                 |  16|   0|   16|          0|
    |tmp_V_124_reg_4397                 |  16|   0|   16|          0|
    |tmp_V_125_reg_4402                 |  16|   0|   16|          0|
    |tmp_V_126_reg_4412                 |  16|   0|   16|          0|
    |tmp_V_127_reg_4417                 |  16|   0|   16|          0|
    |tmp_V_128_reg_4427                 |  16|   0|   16|          0|
    |tmp_V_129_reg_4432                 |  16|   0|   16|          0|
    |tmp_V_130_reg_4442                 |  16|   0|   16|          0|
    |tmp_V_131_reg_4447                 |  16|   0|   16|          0|
    |tmp_V_132_reg_4457                 |  16|   0|   16|          0|
    |tmp_V_133_reg_4462                 |  16|   0|   16|          0|
    |tmp_V_134_reg_4472                 |  16|   0|   16|          0|
    |tmp_V_135_reg_4477                 |  16|   0|   16|          0|
    |tmp_V_136_reg_4487                 |  16|   0|   16|          0|
    |tmp_V_137_reg_4492                 |  16|   0|   16|          0|
    |tmp_V_138_reg_4502                 |  16|   0|   16|          0|
    |tmp_V_139_reg_4507                 |  16|   0|   16|          0|
    |tmp_V_140_reg_4517                 |  16|   0|   16|          0|
    |tmp_V_141_reg_4522                 |  16|   0|   16|          0|
    |tmp_V_142_reg_4532                 |  16|   0|   16|          0|
    |tmp_V_143_reg_4537                 |  16|   0|   16|          0|
    |tmp_V_144_reg_4547                 |  16|   0|   16|          0|
    |tmp_V_145_reg_4552                 |  16|   0|   16|          0|
    |tmp_V_146_reg_4562                 |  16|   0|   16|          0|
    |tmp_V_147_reg_4567                 |  16|   0|   16|          0|
    |tmp_V_148_reg_4577                 |  16|   0|   16|          0|
    |tmp_V_149_reg_4582                 |  16|   0|   16|          0|
    |tmp_V_150_reg_4592                 |  16|   0|   16|          0|
    |tmp_V_151_reg_4597                 |  16|   0|   16|          0|
    |tmp_V_152_reg_4607                 |  16|   0|   16|          0|
    |tmp_V_153_reg_4612                 |  16|   0|   16|          0|
    |tmp_V_154_reg_4622                 |  16|   0|   16|          0|
    |tmp_V_155_reg_4627                 |  16|   0|   16|          0|
    |tmp_V_156_reg_4637                 |  16|   0|   16|          0|
    |tmp_V_157_reg_4642                 |  16|   0|   16|          0|
    |tmp_V_158_reg_4652                 |  16|   0|   16|          0|
    |tmp_V_159_reg_4657                 |  16|   0|   16|          0|
    |tmp_V_96_reg_4187                  |  16|   0|   16|          0|
    |tmp_V_97_reg_4192                  |  16|   0|   16|          0|
    |tmp_V_98_reg_4202                  |  16|   0|   16|          0|
    |tmp_V_99_reg_4207                  |  16|   0|   16|          0|
    |wp_idx_reg_3125                    |   5|   0|    5|          0|
    |icmp_ln879_reg_4183                |  64|  32|    1|          0|
    +-----------------------------------+----+----+-----+-----------+
    |Total                              |1142|  32| 1079|          0|
    +-----------------------------------+----+----+-----+-----------+



================================================================
== Interface
================================================================
* Summary: 
+--------------------------+-----+-----+------------+-------------------------------------------------+--------------+
|         RTL Ports        | Dir | Bits|  Protocol  |                  Source Object                  |    C Type    |
+--------------------------+-----+-----+------------+-------------------------------------------------+--------------+
|ap_clk                    |  in |    1| ap_ctrl_hs | pooling1d_cl<array,array<ap_fixed,32u>,config7> | return value |
|ap_rst                    |  in |    1| ap_ctrl_hs | pooling1d_cl<array,array<ap_fixed,32u>,config7> | return value |
|ap_start                  |  in |    1| ap_ctrl_hs | pooling1d_cl<array,array<ap_fixed,32u>,config7> | return value |
|start_full_n              |  in |    1| ap_ctrl_hs | pooling1d_cl<array,array<ap_fixed,32u>,config7> | return value |
|ap_done                   | out |    1| ap_ctrl_hs | pooling1d_cl<array,array<ap_fixed,32u>,config7> | return value |
|ap_continue               |  in |    1| ap_ctrl_hs | pooling1d_cl<array,array<ap_fixed,32u>,config7> | return value |
|ap_idle                   | out |    1| ap_ctrl_hs | pooling1d_cl<array,array<ap_fixed,32u>,config7> | return value |
|ap_ready                  | out |    1| ap_ctrl_hs | pooling1d_cl<array,array<ap_fixed,32u>,config7> | return value |
|start_out                 | out |    1| ap_ctrl_hs | pooling1d_cl<array,array<ap_fixed,32u>,config7> | return value |
|start_write               | out |    1| ap_ctrl_hs | pooling1d_cl<array,array<ap_fixed,32u>,config7> | return value |
|data_V_data_0_V_dout      |  in |   16|   ap_fifo  |                 data_V_data_0_V                 |    pointer   |
|data_V_data_0_V_empty_n   |  in |    1|   ap_fifo  |                 data_V_data_0_V                 |    pointer   |
|data_V_data_0_V_read      | out |    1|   ap_fifo  |                 data_V_data_0_V                 |    pointer   |
|data_V_data_1_V_dout      |  in |   16|   ap_fifo  |                 data_V_data_1_V                 |    pointer   |
|data_V_data_1_V_empty_n   |  in |    1|   ap_fifo  |                 data_V_data_1_V                 |    pointer   |
|data_V_data_1_V_read      | out |    1|   ap_fifo  |                 data_V_data_1_V                 |    pointer   |
|data_V_data_2_V_dout      |  in |   16|   ap_fifo  |                 data_V_data_2_V                 |    pointer   |
|data_V_data_2_V_empty_n   |  in |    1|   ap_fifo  |                 data_V_data_2_V                 |    pointer   |
|data_V_data_2_V_read      | out |    1|   ap_fifo  |                 data_V_data_2_V                 |    pointer   |
|data_V_data_3_V_dout      |  in |   16|   ap_fifo  |                 data_V_data_3_V                 |    pointer   |
|data_V_data_3_V_empty_n   |  in |    1|   ap_fifo  |                 data_V_data_3_V                 |    pointer   |
|data_V_data_3_V_read      | out |    1|   ap_fifo  |                 data_V_data_3_V                 |    pointer   |
|data_V_data_4_V_dout      |  in |   16|   ap_fifo  |                 data_V_data_4_V                 |    pointer   |
|data_V_data_4_V_empty_n   |  in |    1|   ap_fifo  |                 data_V_data_4_V                 |    pointer   |
|data_V_data_4_V_read      | out |    1|   ap_fifo  |                 data_V_data_4_V                 |    pointer   |
|data_V_data_5_V_dout      |  in |   16|   ap_fifo  |                 data_V_data_5_V                 |    pointer   |
|data_V_data_5_V_empty_n   |  in |    1|   ap_fifo  |                 data_V_data_5_V                 |    pointer   |
|data_V_data_5_V_read      | out |    1|   ap_fifo  |                 data_V_data_5_V                 |    pointer   |
|data_V_data_6_V_dout      |  in |   16|   ap_fifo  |                 data_V_data_6_V                 |    pointer   |
|data_V_data_6_V_empty_n   |  in |    1|   ap_fifo  |                 data_V_data_6_V                 |    pointer   |
|data_V_data_6_V_read      | out |    1|   ap_fifo  |                 data_V_data_6_V                 |    pointer   |
|data_V_data_7_V_dout      |  in |   16|   ap_fifo  |                 data_V_data_7_V                 |    pointer   |
|data_V_data_7_V_empty_n   |  in |    1|   ap_fifo  |                 data_V_data_7_V                 |    pointer   |
|data_V_data_7_V_read      | out |    1|   ap_fifo  |                 data_V_data_7_V                 |    pointer   |
|data_V_data_8_V_dout      |  in |   16|   ap_fifo  |                 data_V_data_8_V                 |    pointer   |
|data_V_data_8_V_empty_n   |  in |    1|   ap_fifo  |                 data_V_data_8_V                 |    pointer   |
|data_V_data_8_V_read      | out |    1|   ap_fifo  |                 data_V_data_8_V                 |    pointer   |
|data_V_data_9_V_dout      |  in |   16|   ap_fifo  |                 data_V_data_9_V                 |    pointer   |
|data_V_data_9_V_empty_n   |  in |    1|   ap_fifo  |                 data_V_data_9_V                 |    pointer   |
|data_V_data_9_V_read      | out |    1|   ap_fifo  |                 data_V_data_9_V                 |    pointer   |
|data_V_data_10_V_dout     |  in |   16|   ap_fifo  |                 data_V_data_10_V                |    pointer   |
|data_V_data_10_V_empty_n  |  in |    1|   ap_fifo  |                 data_V_data_10_V                |    pointer   |
|data_V_data_10_V_read     | out |    1|   ap_fifo  |                 data_V_data_10_V                |    pointer   |
|data_V_data_11_V_dout     |  in |   16|   ap_fifo  |                 data_V_data_11_V                |    pointer   |
|data_V_data_11_V_empty_n  |  in |    1|   ap_fifo  |                 data_V_data_11_V                |    pointer   |
|data_V_data_11_V_read     | out |    1|   ap_fifo  |                 data_V_data_11_V                |    pointer   |
|data_V_data_12_V_dout     |  in |   16|   ap_fifo  |                 data_V_data_12_V                |    pointer   |
|data_V_data_12_V_empty_n  |  in |    1|   ap_fifo  |                 data_V_data_12_V                |    pointer   |
|data_V_data_12_V_read     | out |    1|   ap_fifo  |                 data_V_data_12_V                |    pointer   |
|data_V_data_13_V_dout     |  in |   16|   ap_fifo  |                 data_V_data_13_V                |    pointer   |
|data_V_data_13_V_empty_n  |  in |    1|   ap_fifo  |                 data_V_data_13_V                |    pointer   |
|data_V_data_13_V_read     | out |    1|   ap_fifo  |                 data_V_data_13_V                |    pointer   |
|data_V_data_14_V_dout     |  in |   16|   ap_fifo  |                 data_V_data_14_V                |    pointer   |
|data_V_data_14_V_empty_n  |  in |    1|   ap_fifo  |                 data_V_data_14_V                |    pointer   |
|data_V_data_14_V_read     | out |    1|   ap_fifo  |                 data_V_data_14_V                |    pointer   |
|data_V_data_15_V_dout     |  in |   16|   ap_fifo  |                 data_V_data_15_V                |    pointer   |
|data_V_data_15_V_empty_n  |  in |    1|   ap_fifo  |                 data_V_data_15_V                |    pointer   |
|data_V_data_15_V_read     | out |    1|   ap_fifo  |                 data_V_data_15_V                |    pointer   |
|data_V_data_16_V_dout     |  in |   16|   ap_fifo  |                 data_V_data_16_V                |    pointer   |
|data_V_data_16_V_empty_n  |  in |    1|   ap_fifo  |                 data_V_data_16_V                |    pointer   |
|data_V_data_16_V_read     | out |    1|   ap_fifo  |                 data_V_data_16_V                |    pointer   |
|data_V_data_17_V_dout     |  in |   16|   ap_fifo  |                 data_V_data_17_V                |    pointer   |
|data_V_data_17_V_empty_n  |  in |    1|   ap_fifo  |                 data_V_data_17_V                |    pointer   |
|data_V_data_17_V_read     | out |    1|   ap_fifo  |                 data_V_data_17_V                |    pointer   |
|data_V_data_18_V_dout     |  in |   16|   ap_fifo  |                 data_V_data_18_V                |    pointer   |
|data_V_data_18_V_empty_n  |  in |    1|   ap_fifo  |                 data_V_data_18_V                |    pointer   |
|data_V_data_18_V_read     | out |    1|   ap_fifo  |                 data_V_data_18_V                |    pointer   |
|data_V_data_19_V_dout     |  in |   16|   ap_fifo  |                 data_V_data_19_V                |    pointer   |
|data_V_data_19_V_empty_n  |  in |    1|   ap_fifo  |                 data_V_data_19_V                |    pointer   |
|data_V_data_19_V_read     | out |    1|   ap_fifo  |                 data_V_data_19_V                |    pointer   |
|data_V_data_20_V_dout     |  in |   16|   ap_fifo  |                 data_V_data_20_V                |    pointer   |
|data_V_data_20_V_empty_n  |  in |    1|   ap_fifo  |                 data_V_data_20_V                |    pointer   |
|data_V_data_20_V_read     | out |    1|   ap_fifo  |                 data_V_data_20_V                |    pointer   |
|data_V_data_21_V_dout     |  in |   16|   ap_fifo  |                 data_V_data_21_V                |    pointer   |
|data_V_data_21_V_empty_n  |  in |    1|   ap_fifo  |                 data_V_data_21_V                |    pointer   |
|data_V_data_21_V_read     | out |    1|   ap_fifo  |                 data_V_data_21_V                |    pointer   |
|data_V_data_22_V_dout     |  in |   16|   ap_fifo  |                 data_V_data_22_V                |    pointer   |
|data_V_data_22_V_empty_n  |  in |    1|   ap_fifo  |                 data_V_data_22_V                |    pointer   |
|data_V_data_22_V_read     | out |    1|   ap_fifo  |                 data_V_data_22_V                |    pointer   |
|data_V_data_23_V_dout     |  in |   16|   ap_fifo  |                 data_V_data_23_V                |    pointer   |
|data_V_data_23_V_empty_n  |  in |    1|   ap_fifo  |                 data_V_data_23_V                |    pointer   |
|data_V_data_23_V_read     | out |    1|   ap_fifo  |                 data_V_data_23_V                |    pointer   |
|data_V_data_24_V_dout     |  in |   16|   ap_fifo  |                 data_V_data_24_V                |    pointer   |
|data_V_data_24_V_empty_n  |  in |    1|   ap_fifo  |                 data_V_data_24_V                |    pointer   |
|data_V_data_24_V_read     | out |    1|   ap_fifo  |                 data_V_data_24_V                |    pointer   |
|data_V_data_25_V_dout     |  in |   16|   ap_fifo  |                 data_V_data_25_V                |    pointer   |
|data_V_data_25_V_empty_n  |  in |    1|   ap_fifo  |                 data_V_data_25_V                |    pointer   |
|data_V_data_25_V_read     | out |    1|   ap_fifo  |                 data_V_data_25_V                |    pointer   |
|data_V_data_26_V_dout     |  in |   16|   ap_fifo  |                 data_V_data_26_V                |    pointer   |
|data_V_data_26_V_empty_n  |  in |    1|   ap_fifo  |                 data_V_data_26_V                |    pointer   |
|data_V_data_26_V_read     | out |    1|   ap_fifo  |                 data_V_data_26_V                |    pointer   |
|data_V_data_27_V_dout     |  in |   16|   ap_fifo  |                 data_V_data_27_V                |    pointer   |
|data_V_data_27_V_empty_n  |  in |    1|   ap_fifo  |                 data_V_data_27_V                |    pointer   |
|data_V_data_27_V_read     | out |    1|   ap_fifo  |                 data_V_data_27_V                |    pointer   |
|data_V_data_28_V_dout     |  in |   16|   ap_fifo  |                 data_V_data_28_V                |    pointer   |
|data_V_data_28_V_empty_n  |  in |    1|   ap_fifo  |                 data_V_data_28_V                |    pointer   |
|data_V_data_28_V_read     | out |    1|   ap_fifo  |                 data_V_data_28_V                |    pointer   |
|data_V_data_29_V_dout     |  in |   16|   ap_fifo  |                 data_V_data_29_V                |    pointer   |
|data_V_data_29_V_empty_n  |  in |    1|   ap_fifo  |                 data_V_data_29_V                |    pointer   |
|data_V_data_29_V_read     | out |    1|   ap_fifo  |                 data_V_data_29_V                |    pointer   |
|data_V_data_30_V_dout     |  in |   16|   ap_fifo  |                 data_V_data_30_V                |    pointer   |
|data_V_data_30_V_empty_n  |  in |    1|   ap_fifo  |                 data_V_data_30_V                |    pointer   |
|data_V_data_30_V_read     | out |    1|   ap_fifo  |                 data_V_data_30_V                |    pointer   |
|data_V_data_31_V_dout     |  in |   16|   ap_fifo  |                 data_V_data_31_V                |    pointer   |
|data_V_data_31_V_empty_n  |  in |    1|   ap_fifo  |                 data_V_data_31_V                |    pointer   |
|data_V_data_31_V_read     | out |    1|   ap_fifo  |                 data_V_data_31_V                |    pointer   |
|res_V_data_0_V_din        | out |   16|   ap_fifo  |                  res_V_data_0_V                 |    pointer   |
|res_V_data_0_V_full_n     |  in |    1|   ap_fifo  |                  res_V_data_0_V                 |    pointer   |
|res_V_data_0_V_write      | out |    1|   ap_fifo  |                  res_V_data_0_V                 |    pointer   |
|res_V_data_1_V_din        | out |   16|   ap_fifo  |                  res_V_data_1_V                 |    pointer   |
|res_V_data_1_V_full_n     |  in |    1|   ap_fifo  |                  res_V_data_1_V                 |    pointer   |
|res_V_data_1_V_write      | out |    1|   ap_fifo  |                  res_V_data_1_V                 |    pointer   |
|res_V_data_2_V_din        | out |   16|   ap_fifo  |                  res_V_data_2_V                 |    pointer   |
|res_V_data_2_V_full_n     |  in |    1|   ap_fifo  |                  res_V_data_2_V                 |    pointer   |
|res_V_data_2_V_write      | out |    1|   ap_fifo  |                  res_V_data_2_V                 |    pointer   |
|res_V_data_3_V_din        | out |   16|   ap_fifo  |                  res_V_data_3_V                 |    pointer   |
|res_V_data_3_V_full_n     |  in |    1|   ap_fifo  |                  res_V_data_3_V                 |    pointer   |
|res_V_data_3_V_write      | out |    1|   ap_fifo  |                  res_V_data_3_V                 |    pointer   |
|res_V_data_4_V_din        | out |   16|   ap_fifo  |                  res_V_data_4_V                 |    pointer   |
|res_V_data_4_V_full_n     |  in |    1|   ap_fifo  |                  res_V_data_4_V                 |    pointer   |
|res_V_data_4_V_write      | out |    1|   ap_fifo  |                  res_V_data_4_V                 |    pointer   |
|res_V_data_5_V_din        | out |   16|   ap_fifo  |                  res_V_data_5_V                 |    pointer   |
|res_V_data_5_V_full_n     |  in |    1|   ap_fifo  |                  res_V_data_5_V                 |    pointer   |
|res_V_data_5_V_write      | out |    1|   ap_fifo  |                  res_V_data_5_V                 |    pointer   |
|res_V_data_6_V_din        | out |   16|   ap_fifo  |                  res_V_data_6_V                 |    pointer   |
|res_V_data_6_V_full_n     |  in |    1|   ap_fifo  |                  res_V_data_6_V                 |    pointer   |
|res_V_data_6_V_write      | out |    1|   ap_fifo  |                  res_V_data_6_V                 |    pointer   |
|res_V_data_7_V_din        | out |   16|   ap_fifo  |                  res_V_data_7_V                 |    pointer   |
|res_V_data_7_V_full_n     |  in |    1|   ap_fifo  |                  res_V_data_7_V                 |    pointer   |
|res_V_data_7_V_write      | out |    1|   ap_fifo  |                  res_V_data_7_V                 |    pointer   |
|res_V_data_8_V_din        | out |   16|   ap_fifo  |                  res_V_data_8_V                 |    pointer   |
|res_V_data_8_V_full_n     |  in |    1|   ap_fifo  |                  res_V_data_8_V                 |    pointer   |
|res_V_data_8_V_write      | out |    1|   ap_fifo  |                  res_V_data_8_V                 |    pointer   |
|res_V_data_9_V_din        | out |   16|   ap_fifo  |                  res_V_data_9_V                 |    pointer   |
|res_V_data_9_V_full_n     |  in |    1|   ap_fifo  |                  res_V_data_9_V                 |    pointer   |
|res_V_data_9_V_write      | out |    1|   ap_fifo  |                  res_V_data_9_V                 |    pointer   |
|res_V_data_10_V_din       | out |   16|   ap_fifo  |                 res_V_data_10_V                 |    pointer   |
|res_V_data_10_V_full_n    |  in |    1|   ap_fifo  |                 res_V_data_10_V                 |    pointer   |
|res_V_data_10_V_write     | out |    1|   ap_fifo  |                 res_V_data_10_V                 |    pointer   |
|res_V_data_11_V_din       | out |   16|   ap_fifo  |                 res_V_data_11_V                 |    pointer   |
|res_V_data_11_V_full_n    |  in |    1|   ap_fifo  |                 res_V_data_11_V                 |    pointer   |
|res_V_data_11_V_write     | out |    1|   ap_fifo  |                 res_V_data_11_V                 |    pointer   |
|res_V_data_12_V_din       | out |   16|   ap_fifo  |                 res_V_data_12_V                 |    pointer   |
|res_V_data_12_V_full_n    |  in |    1|   ap_fifo  |                 res_V_data_12_V                 |    pointer   |
|res_V_data_12_V_write     | out |    1|   ap_fifo  |                 res_V_data_12_V                 |    pointer   |
|res_V_data_13_V_din       | out |   16|   ap_fifo  |                 res_V_data_13_V                 |    pointer   |
|res_V_data_13_V_full_n    |  in |    1|   ap_fifo  |                 res_V_data_13_V                 |    pointer   |
|res_V_data_13_V_write     | out |    1|   ap_fifo  |                 res_V_data_13_V                 |    pointer   |
|res_V_data_14_V_din       | out |   16|   ap_fifo  |                 res_V_data_14_V                 |    pointer   |
|res_V_data_14_V_full_n    |  in |    1|   ap_fifo  |                 res_V_data_14_V                 |    pointer   |
|res_V_data_14_V_write     | out |    1|   ap_fifo  |                 res_V_data_14_V                 |    pointer   |
|res_V_data_15_V_din       | out |   16|   ap_fifo  |                 res_V_data_15_V                 |    pointer   |
|res_V_data_15_V_full_n    |  in |    1|   ap_fifo  |                 res_V_data_15_V                 |    pointer   |
|res_V_data_15_V_write     | out |    1|   ap_fifo  |                 res_V_data_15_V                 |    pointer   |
|res_V_data_16_V_din       | out |   16|   ap_fifo  |                 res_V_data_16_V                 |    pointer   |
|res_V_data_16_V_full_n    |  in |    1|   ap_fifo  |                 res_V_data_16_V                 |    pointer   |
|res_V_data_16_V_write     | out |    1|   ap_fifo  |                 res_V_data_16_V                 |    pointer   |
|res_V_data_17_V_din       | out |   16|   ap_fifo  |                 res_V_data_17_V                 |    pointer   |
|res_V_data_17_V_full_n    |  in |    1|   ap_fifo  |                 res_V_data_17_V                 |    pointer   |
|res_V_data_17_V_write     | out |    1|   ap_fifo  |                 res_V_data_17_V                 |    pointer   |
|res_V_data_18_V_din       | out |   16|   ap_fifo  |                 res_V_data_18_V                 |    pointer   |
|res_V_data_18_V_full_n    |  in |    1|   ap_fifo  |                 res_V_data_18_V                 |    pointer   |
|res_V_data_18_V_write     | out |    1|   ap_fifo  |                 res_V_data_18_V                 |    pointer   |
|res_V_data_19_V_din       | out |   16|   ap_fifo  |                 res_V_data_19_V                 |    pointer   |
|res_V_data_19_V_full_n    |  in |    1|   ap_fifo  |                 res_V_data_19_V                 |    pointer   |
|res_V_data_19_V_write     | out |    1|   ap_fifo  |                 res_V_data_19_V                 |    pointer   |
|res_V_data_20_V_din       | out |   16|   ap_fifo  |                 res_V_data_20_V                 |    pointer   |
|res_V_data_20_V_full_n    |  in |    1|   ap_fifo  |                 res_V_data_20_V                 |    pointer   |
|res_V_data_20_V_write     | out |    1|   ap_fifo  |                 res_V_data_20_V                 |    pointer   |
|res_V_data_21_V_din       | out |   16|   ap_fifo  |                 res_V_data_21_V                 |    pointer   |
|res_V_data_21_V_full_n    |  in |    1|   ap_fifo  |                 res_V_data_21_V                 |    pointer   |
|res_V_data_21_V_write     | out |    1|   ap_fifo  |                 res_V_data_21_V                 |    pointer   |
|res_V_data_22_V_din       | out |   16|   ap_fifo  |                 res_V_data_22_V                 |    pointer   |
|res_V_data_22_V_full_n    |  in |    1|   ap_fifo  |                 res_V_data_22_V                 |    pointer   |
|res_V_data_22_V_write     | out |    1|   ap_fifo  |                 res_V_data_22_V                 |    pointer   |
|res_V_data_23_V_din       | out |   16|   ap_fifo  |                 res_V_data_23_V                 |    pointer   |
|res_V_data_23_V_full_n    |  in |    1|   ap_fifo  |                 res_V_data_23_V                 |    pointer   |
|res_V_data_23_V_write     | out |    1|   ap_fifo  |                 res_V_data_23_V                 |    pointer   |
|res_V_data_24_V_din       | out |   16|   ap_fifo  |                 res_V_data_24_V                 |    pointer   |
|res_V_data_24_V_full_n    |  in |    1|   ap_fifo  |                 res_V_data_24_V                 |    pointer   |
|res_V_data_24_V_write     | out |    1|   ap_fifo  |                 res_V_data_24_V                 |    pointer   |
|res_V_data_25_V_din       | out |   16|   ap_fifo  |                 res_V_data_25_V                 |    pointer   |
|res_V_data_25_V_full_n    |  in |    1|   ap_fifo  |                 res_V_data_25_V                 |    pointer   |
|res_V_data_25_V_write     | out |    1|   ap_fifo  |                 res_V_data_25_V                 |    pointer   |
|res_V_data_26_V_din       | out |   16|   ap_fifo  |                 res_V_data_26_V                 |    pointer   |
|res_V_data_26_V_full_n    |  in |    1|   ap_fifo  |                 res_V_data_26_V                 |    pointer   |
|res_V_data_26_V_write     | out |    1|   ap_fifo  |                 res_V_data_26_V                 |    pointer   |
|res_V_data_27_V_din       | out |   16|   ap_fifo  |                 res_V_data_27_V                 |    pointer   |
|res_V_data_27_V_full_n    |  in |    1|   ap_fifo  |                 res_V_data_27_V                 |    pointer   |
|res_V_data_27_V_write     | out |    1|   ap_fifo  |                 res_V_data_27_V                 |    pointer   |
|res_V_data_28_V_din       | out |   16|   ap_fifo  |                 res_V_data_28_V                 |    pointer   |
|res_V_data_28_V_full_n    |  in |    1|   ap_fifo  |                 res_V_data_28_V                 |    pointer   |
|res_V_data_28_V_write     | out |    1|   ap_fifo  |                 res_V_data_28_V                 |    pointer   |
|res_V_data_29_V_din       | out |   16|   ap_fifo  |                 res_V_data_29_V                 |    pointer   |
|res_V_data_29_V_full_n    |  in |    1|   ap_fifo  |                 res_V_data_29_V                 |    pointer   |
|res_V_data_29_V_write     | out |    1|   ap_fifo  |                 res_V_data_29_V                 |    pointer   |
|res_V_data_30_V_din       | out |   16|   ap_fifo  |                 res_V_data_30_V                 |    pointer   |
|res_V_data_30_V_full_n    |  in |    1|   ap_fifo  |                 res_V_data_30_V                 |    pointer   |
|res_V_data_30_V_write     | out |    1|   ap_fifo  |                 res_V_data_30_V                 |    pointer   |
|res_V_data_31_V_din       | out |   16|   ap_fifo  |                 res_V_data_31_V                 |    pointer   |
|res_V_data_31_V_full_n    |  in |    1|   ap_fifo  |                 res_V_data_31_V                 |    pointer   |
|res_V_data_31_V_write     | out |    1|   ap_fifo  |                 res_V_data_31_V                 |    pointer   |
+--------------------------+-----+-----+------------+-------------------------------------------------+--------------+

